Loaded suite /home/guy/.rvm/gems/jruby-1.6.4/gems/rake-0.9.2/lib/rake/rake_test_loader
Started
..........................FFF.....F.EEF.EF.E.....FE.EEEF..EE.FEEE..E.FEFEFF.EEEEEEEEFFFEE.F..E..E..FE.EEEEEEEEEEEEEEEEEEEEEEEEEEEEEEEEEEEEEEEEEEEEEEE..FFEE....EEE.E.EEEEEEE.FF.EEEEE.EEEEEFE.FE.EEEEEE.EFEEE..FEEEEEEFF.F..EEFFFFEFFFF......EEEE....EF.FEEEEF.EEFFEEEE.E.FFE
Finished in 8.530000 seconds.

  1) Failure:
test_sort(CursorTest) [/home/guy/my-dev/jmongo/test/cursor_test.rb:151]:
Mongo::InvalidSortValueError expected but nothing was raised.

  2) Failure:
test_sort_date(CursorTest) [/home/guy/my-dev/jmongo/test/cursor_test.rb:165]:
<2004> expected but was
<2000>.

  3) Failure:
test_sort_min_max_keys(CursorTest) [/home/guy/my-dev/jmongo/test/cursor_test.rb:183]:
<#<Java::OrgBsonTypes::MinKey:0x7b9cb4c5>> expected but was
<#<Java::OrgBsonTypes::MinKey:0x1eb179b1>>.

  4) Failure:
test_collection_names(DBAPITest) [/home/guy/my-dev/jmongo/test/db_api_test.rb:234]:
Failed assertion, no message given.

  5) Error:
test_collection_options(DBAPITest):
TypeError: can't convert String into Integer
    org/jruby/RubyFixnum.java:983:in `[]'
    /home/guy/my-dev/jmongo/test/db_api_test.rb:262:in `test_collection_options'
    org/jruby/RubyBasicObject.java:1685:in `__send__'
    /home/guy/.rvm/gems/jruby-1.6.4/gems/mocha-0.10.0/lib/mocha/integration/mini_test/version_142_to_172.rb:27:in `run'

  6) Error:
test_collection_options_are_passed_to_the_existing_ones(DBAPITest):
Mongo::MongoDBError: Collection foobar already exists. Currently in strict mode.
    /home/guy/my-dev/jmongo/lib/jmongo/db.rb:83:in `create_collection'
    /home/guy/my-dev/jmongo/test/db_api_test.rb:279:in `test_collection_options_are_passed_to_the_existing_ones'
    org/jruby/RubyBasicObject.java:1685:in `__send__'
    /home/guy/.rvm/gems/jruby-1.6.4/gems/mocha-0.10.0/lib/mocha/integration/mini_test/version_142_to_172.rb:27:in `run'

  7) Failure:
test_collections_info(DBAPITest) [/home/guy/my-dev/jmongo/test/db_api_test.rb:250]:
Failed assertion, no message given.

  8) Error:
test_deref(DBAPITest):
Java::JavaLang::NullPointerException: 
    org.jruby.util.CodegenUtils.human(CodegenUtils.java:98)
    org.jruby.util.CodegenUtils.prettyParams(CodegenUtils.java:152)
    org.jruby.java.dispatch.CallableSelector.argumentError(CallableSelector.java:462)
    org.jruby.java.dispatch.CallableSelector.argTypesDoNotMatch(CallableSelector.java:436)
    org.jruby.java.invokers.RubyToJavaInvoker.findCallableArityTwo(RubyToJavaInvoker.java:248)
    org.jruby.java.invokers.ConstructorInvoker.call(ConstructorInvoker.java:100)
    org.jruby.java.invokers.ConstructorInvoker.call(ConstructorInvoker.java:197)
    org.jruby.runtime.callsite.CachingCallSite.cacheAndCall(CachingCallSite.java:342)
    org.jruby.runtime.callsite.CachingCallSite.callBlock(CachingCallSite.java:212)
    org.jruby.runtime.callsite.CachingCallSite.call(CachingCallSite.java:216)
    org.jruby.java.proxies.ConcreteJavaProxy$2.call(ConcreteJavaProxy.java:51)
    org.jruby.runtime.callsite.CachingCallSite.cacheAndCall(CachingCallSite.java:342)
    org.jruby.runtime.callsite.CachingCallSite.callBlock(CachingCallSite.java:212)
    org.jruby.runtime.callsite.CachingCallSite.call(CachingCallSite.java:216)
    org.jruby.RubyClass.newInstance(RubyClass.java:807)
    org.jruby.RubyClass$i$newInstance.call(RubyClass$i$newInstance.gen:65535)
    org.jruby.internal.runtime.methods.JavaMethod$JavaMethodZeroOrOneOrTwoOrNBlock.call(JavaMethod.java:283)
    org.jruby.java.proxies.ConcreteJavaProxy$3.call(ConcreteJavaProxy.java:150)
    org.jruby.runtime.callsite.CachingCallSite.cacheAndCall(CachingCallSite.java:332)
    org.jruby.runtime.callsite.CachingCallSite.call(CachingCallSite.java:203)
    org.jruby.ast.CallTwoArgNode.interpret(CallTwoArgNode.java:59)
    org.jruby.ast.CallOneArgNode.interpret(CallOneArgNode.java:57)
    org.jruby.ast.FCallTwoArgNode.interpret(FCallTwoArgNode.java:38)
    org.jruby.ast.NewlineNode.interpret(NewlineNode.java:104)
    org.jruby.ast.BlockNode.interpret(BlockNode.java:71)
    org.jruby.evaluator.ASTInterpreter.INTERPRET_METHOD(ASTInterpreter.java:75)
    org.jruby.internal.runtime.methods.InterpretedMethod.call(InterpretedMethod.java:169)
    org.jruby.internal.runtime.methods.DefaultMethod.call(DefaultMethod.java:171)
    org.jruby.RubyClass.finvoke(RubyClass.java:523)
    org.jruby.RubyBasicObject.send19(RubyBasicObject.java:1685)
    org.jruby.RubyBasicObject$i$send19.call(RubyBasicObject$i$send19.gen:65535)
    org.jruby.internal.runtime.methods.JavaMethod$JavaMethodZeroOrOneOrNBlock.call(JavaMethod.java:266)
    org.jruby.runtime.callsite.CachingCallSite.call(CachingCallSite.java:167)
    org.jruby.ast.CallOneArgNode.interpret(CallOneArgNode.java:57)
    org.jruby.ast.NewlineNode.interpret(NewlineNode.java:104)
    org.jruby.ast.BlockNode.interpret(BlockNode.java:71)
    org.jruby.ast.RescueNode.executeBody(RescueNode.java:216)
    org.jruby.ast.RescueNode.interpretWithJavaExceptions(RescueNode.java:120)
    org.jruby.ast.RescueNode.interpret(RescueNode.java:110)
    org.jruby.ast.EnsureNode.interpret(EnsureNode.java:96)
    org.jruby.ast.BeginNode.interpret(BeginNode.java:83)
    org.jruby.ast.NewlineNode.interpret(NewlineNode.java:104)
    org.jruby.ast.EnsureNode.interpret(EnsureNode.java:96)
    org.jruby.ast.BeginNode.interpret(BeginNode.java:83)
    org.jruby.ast.NewlineNode.interpret(NewlineNode.java:104)
    org.jruby.ast.BlockNode.interpret(BlockNode.java:71)
    org.jruby.evaluator.ASTInterpreter.INTERPRET_METHOD(ASTInterpreter.java:75)
    org.jruby.internal.runtime.methods.InterpretedMethod.call(InterpretedMethod.java:190)
    org.jruby.internal.runtime.methods.DefaultMethod.call(DefaultMethod.java:179)
    org.jruby.runtime.callsite.CachingCallSite.call(CachingCallSite.java:167)
    org.jruby.ast.CallOneArgNode.interpret(CallOneArgNode.java:57)
    org.jruby.ast.DAsgnNode.interpret(DAsgnNode.java:110)
    org.jruby.ast.NewlineNode.interpret(NewlineNode.java:104)
    org.jruby.ast.BlockNode.interpret(BlockNode.java:71)
    org.jruby.evaluator.ASTInterpreter.INTERPRET_BLOCK(ASTInterpreter.java:112)
    org.jruby.runtime.Interpreted19Block.evalBlockBody(Interpreted19Block.java:203)
    org.jruby.runtime.Interpreted19Block.yield(Interpreted19Block.java:154)
    org.jruby.runtime.Block.yield(Block.java:130)
    org.jruby.RubyArray.eachCommon(RubyArray.java:1596)
    org.jruby.RubyArray.each(RubyArray.java:1603)
    org.jruby.RubyArray$i$0$0$each.call(RubyArray$i$0$0$each.gen:65535)
    org.jruby.runtime.callsite.CachingCallSite.cacheAndCall(CachingCallSite.java:302)
    org.jruby.runtime.callsite.CachingCallSite.callBlock(CachingCallSite.java:144)
    org.jruby.runtime.callsite.CachingCallSite.callIter(CachingCallSite.java:153)
    org.jruby.ast.CallNoArgBlockNode.interpret(CallNoArgBlockNode.java:64)
    org.jruby.ast.NewlineNode.interpret(NewlineNode.java:104)
    org.jruby.evaluator.ASTInterpreter.INTERPRET_BLOCK(ASTInterpreter.java:112)
    org.jruby.runtime.Interpreted19Block.evalBlockBody(Interpreted19Block.java:203)
    org.jruby.runtime.Interpreted19Block.yield(Interpreted19Block.java:154)
    org.jruby.runtime.Block.yield(Block.java:130)
    org.jruby.RubyArray.eachCommon(RubyArray.java:1596)
    org.jruby.RubyArray.each(RubyArray.java:1603)
    org.jruby.RubyArray$i$0$0$each.call(RubyArray$i$0$0$each.gen:65535)
    org.jruby.runtime.callsite.CachingCallSite.cacheAndCall(CachingCallSite.java:302)
    org.jruby.runtime.callsite.CachingCallSite.callBlock(CachingCallSite.java:144)
    org.jruby.runtime.callsite.CachingCallSite.callIter(CachingCallSite.java:153)
    org.jruby.ast.CallNoArgBlockNode.interpret(CallNoArgBlockNode.java:64)
    org.jruby.ast.NewlineNode.interpret(NewlineNode.java:104)
    org.jruby.ast.BlockNode.interpret(BlockNode.java:71)
    org.jruby.evaluator.ASTInterpreter.INTERPRET_METHOD(ASTInterpreter.java:75)
    org.jruby.internal.runtime.methods.InterpretedMethod.call(InterpretedMethod.java:190)
    org.jruby.internal.runtime.methods.DefaultMethod.call(DefaultMethod.java:179)
    org.jruby.runtime.callsite.CachingCallSite.cacheAndCall(CachingCallSite.java:312)
    org.jruby.runtime.callsite.CachingCallSite.call(CachingCallSite.java:169)
    org.jruby.ast.FCallOneArgNode.interpret(FCallOneArgNode.java:36)
    org.jruby.ast.NewlineNode.interpret(NewlineNode.java:104)
    org.jruby.ast.BlockNode.interpret(BlockNode.java:71)
    org.jruby.ast.RescueNode.executeBody(RescueNode.java:216)
    org.jruby.ast.RescueNode.interpretWithJavaExceptions(RescueNode.java:120)
    org.jruby.ast.RescueNode.interpret(RescueNode.java:110)
    org.jruby.evaluator.ASTInterpreter.INTERPRET_METHOD(ASTInterpreter.java:75)
    org.jruby.internal.runtime.methods.InterpretedMethod.call(InterpretedMethod.java:190)
    org.jruby.internal.runtime.methods.DefaultMethod.call(DefaultMethod.java:179)
    org.jruby.runtime.callsite.CachingCallSite.cacheAndCall(CachingCallSite.java:312)
    org.jruby.runtime.callsite.CachingCallSite.call(CachingCallSite.java:169)
    org.jruby.ast.CallOneArgNode.interpret(CallOneArgNode.java:57)
    org.jruby.ast.DAsgnNode.interpret(DAsgnNode.java:110)
    org.jruby.ast.NewlineNode.interpret(NewlineNode.java:104)
    org.jruby.ast.BlockNode.interpret(BlockNode.java:71)
    org.jruby.evaluator.ASTInterpreter.INTERPRET_BLOCK(ASTInterpreter.java:112)
    org.jruby.runtime.Interpreted19Block.evalBlockBody(Interpreted19Block.java:203)
    org.jruby.runtime.Interpreted19Block.yield(Interpreted19Block.java:191)
    org.jruby.runtime.Interpreted19Block.call(Interpreted19Block.java:122)
    org.jruby.runtime.Block.call(Block.java:89)
    org.jruby.RubyProc.call(RubyProc.java:274)
    org.jruby.RubyProc.call(RubyProc.java:233)
    org.jruby.Ruby.tearDown(Ruby.java:2739)
    org.jruby.Ruby.tearDown(Ruby.java:2726)
    org.jruby.Main.internalRun(Main.java:201)
    org.jruby.Main.run(Main.java:164)
    org.jruby.Main.run(Main.java:148)
    org.jruby.util.ShellLauncher$ScriptThreadProcess.run(ShellLauncher.java:140)
    java.lang.Thread.run(Thread.java:722)

  9) Failure:
test_drop_collection(DBAPITest) [/home/guy/my-dev/jmongo/test/db_api_test.rb:222]:
drop of collection test failed

 10) Error:
test_eval(DBAPITest):
NoMethodError: undefined method `[]' for 5.0:Float
    /home/guy/my-dev/jmongo/lib/jmongo/db.rb:127:in `eval'
    /home/guy/my-dev/jmongo/test/db_api_test.rb:483:in `test_eval'
    org/jruby/RubyBasicObject.java:1685:in `__send__'
    /home/guy/.rvm/gems/jruby-1.6.4/gems/mocha-0.10.0/lib/mocha/integration/mini_test/version_142_to_172.rb:27:in `run'

 11) Failure:
test_find_sorting(DBAPITest) [/home/guy/my-dev/jmongo/test/db_api_test.rb:191]:
Mongo::InvalidSortValueError expected but nothing was raised.

 12) Error:
test_group(DBAPITest):
Mongo::OperationFailure: Database command 'group' failed: (errmsg: 'exception: reduce setup exec failed: JS Error: SyntaxError: syntax error reduce setup:1'; code: '10228'; ok: '0.0').
    /home/guy/my-dev/jmongo/lib/jmongo/db.rb:181:in `command'
    /home/guy/my-dev/jmongo/lib/jmongo/collection.rb:524:in `__group'
    /home/guy/my-dev/jmongo/lib/jmongo/collection.rb:441:in `group'
    /home/guy/my-dev/jmongo/test/db_api_test.rb:536:in `test_group'
    org/jruby/RubyBasicObject.java:1685:in `__send__'
    /home/guy/.rvm/gems/jruby-1.6.4/gems/mocha-0.10.0/lib/mocha/integration/mini_test/version_142_to_172.rb:27:in `run'
    /home/guy/.rvm/gems/jruby-1.6.4/gems/mocha-0.10.0/lib/mocha/integration/mini_test/version_142_to_172.rb:24:in `run'
    /home/guy/.rvm/gems/jruby-1.6.4/gems/mocha-0.10.0/lib/mocha/integration/mini_test/version_142_to_172.rb:23:in `run'

 13) Error:
test_hint(DBAPITest):
NativeException: com.mongodb.CommandResult$CommandFailure: command failed [command failed [deleteIndexes] { "errmsg" : "index not found" , "ok" : 0.0}
    com/mongodb/CommandResult.java:70:in `getException'
    com/mongodb/CommandResult.java:116:in `throwOnError'
    com/mongodb/DBCollection.java:672:in `dropIndexes'
    /home/guy/my-dev/jmongo/lib/jmongo/collection.rb:342:in `drop_index'
    /home/guy/my-dev/jmongo/test/db_api_test.rb:520:in `test_hint'
    org/jruby/RubyBasicObject.java:1685:in `__send__'
    /home/guy/.rvm/gems/jruby-1.6.4/gems/mocha-0.10.0/lib/mocha/integration/mini_test/version_142_to_172.rb:27:in `run'
    /home/guy/.rvm/gems/jruby-1.6.4/gems/mocha-0.10.0/lib/mocha/integration/mini_test/version_142_to_172.rb:24:in `run'
    /home/guy/.rvm/gems/jruby-1.6.4/gems/mocha-0.10.0/lib/mocha/integration/mini_test/version_142_to_172.rb:23:in `run'

 14) Error:
test_index_create_with_symbol(DBAPITest):
NameError: uninitialized constant Mongo::DB::SYSTEM_INDEX_COLLECTION
    org/jruby/RubyModule.java:2569:in `const_missing'
    /home/guy/.rvm/gems/jruby-1.6.4/gems/rake-0.9.2/lib/rake/ext/module.rb:36:in `const_missing'
    /home/guy/my-dev/jmongo/lib/jmongo/db.rb:146:in `index_information'
    /home/guy/my-dev/jmongo/lib/jmongo/collection.rb:600:in `index_information'
    /home/guy/my-dev/jmongo/test/db_api_test.rb:300:in `test_index_create_with_symbol'
    org/jruby/RubyBasicObject.java:1685:in `__send__'
    /home/guy/.rvm/gems/jruby-1.6.4/gems/mocha-0.10.0/lib/mocha/integration/mini_test/version_142_to_172.rb:27:in `run'
    /home/guy/.rvm/gems/jruby-1.6.4/gems/mocha-0.10.0/lib/mocha/integration/mini_test/version_142_to_172.rb:24:in `run'
    /home/guy/.rvm/gems/jruby-1.6.4/gems/mocha-0.10.0/lib/mocha/integration/mini_test/version_142_to_172.rb:23:in `run'

 15) Error:
test_index_information(DBAPITest):
NameError: uninitialized constant Mongo::DB::SYSTEM_INDEX_COLLECTION
    org/jruby/RubyModule.java:2569:in `const_missing'
    /home/guy/.rvm/gems/jruby-1.6.4/gems/rake-0.9.2/lib/rake/ext/module.rb:36:in `const_missing'
    /home/guy/my-dev/jmongo/lib/jmongo/db.rb:146:in `index_information'
    /home/guy/my-dev/jmongo/lib/jmongo/collection.rb:600:in `index_information'
    /home/guy/my-dev/jmongo/test/db_api_test.rb:285:in `test_index_information'
    org/jruby/RubyBasicObject.java:1685:in `__send__'
    /home/guy/.rvm/gems/jruby-1.6.4/gems/mocha-0.10.0/lib/mocha/integration/mini_test/version_142_to_172.rb:27:in `run'
    /home/guy/.rvm/gems/jruby-1.6.4/gems/mocha-0.10.0/lib/mocha/integration/mini_test/version_142_to_172.rb:24:in `run'
    /home/guy/.rvm/gems/jruby-1.6.4/gems/mocha-0.10.0/lib/mocha/integration/mini_test/version_142_to_172.rb:23:in `run'

 16) Failure:
test_index_on_subfield(DBAPITest) [/home/guy/my-dev/jmongo/test/db_api_test.rb:375]:
Failed assertion, no message given.

 17) Error:
test_multiple_index_cols(DBAPITest):
NameError: uninitialized constant Mongo::DB::SYSTEM_INDEX_COLLECTION
    org/jruby/RubyModule.java:2569:in `const_missing'
    /home/guy/.rvm/gems/jruby-1.6.4/gems/rake-0.9.2/lib/rake/ext/module.rb:36:in `const_missing'
    /home/guy/my-dev/jmongo/lib/jmongo/db.rb:146:in `index_information'
    /home/guy/my-dev/jmongo/test/db_api_test.rb:317:in `test_multiple_index_cols'
    org/jruby/RubyBasicObject.java:1685:in `__send__'
    /home/guy/.rvm/gems/jruby-1.6.4/gems/mocha-0.10.0/lib/mocha/integration/mini_test/version_142_to_172.rb:27:in `run'
    /home/guy/.rvm/gems/jruby-1.6.4/gems/mocha-0.10.0/lib/mocha/integration/mini_test/version_142_to_172.rb:24:in `run'
    /home/guy/.rvm/gems/jruby-1.6.4/gems/mocha-0.10.0/lib/mocha/integration/mini_test/version_142_to_172.rb:23:in `run'

 18) Error:
test_multiple_index_cols_with_symbols(DBAPITest):
NativeException: com.mongodb.CommandResult$CommandFailure: command failed [command failed [deleteIndexes] { "errmsg" : "index not found" , "ok" : 0.0}
    com/mongodb/CommandResult.java:70:in `getException'
    com/mongodb/CommandResult.java:116:in `throwOnError'
    com/mongodb/DBCollection.java:672:in `dropIndexes'
    /home/guy/my-dev/jmongo/lib/jmongo/collection.rb:342:in `drop_index'
    /home/guy/my-dev/jmongo/lib/jmongo/db.rb:140:in `drop_index'
    /home/guy/my-dev/jmongo/test/db_api_test.rb:336:in `test_multiple_index_cols_with_symbols'
    org/jruby/RubyBasicObject.java:1685:in `__send__'
    /home/guy/.rvm/gems/jruby-1.6.4/gems/mocha-0.10.0/lib/mocha/integration/mini_test/version_142_to_172.rb:27:in `run'
    /home/guy/.rvm/gems/jruby-1.6.4/gems/mocha-0.10.0/lib/mocha/integration/mini_test/version_142_to_172.rb:24:in `run'
    /home/guy/.rvm/gems/jruby-1.6.4/gems/mocha-0.10.0/lib/mocha/integration/mini_test/version_142_to_172.rb:23:in `run'

 19) Failure:
test_other_drop(DBAPITest) [/home/guy/my-dev/jmongo/test/db_api_test.rb:227]:
Failed assertion, no message given.

 20) Error:
test_regex(DBAPITest):
NativeException: java.lang.IllegalArgumentException: can't serialize class org.jruby.RubyRegexp
    org/bson/BSONEncoder.java:234:in `_putObjectField'
    org/bson/BSONEncoder.java:140:in `putObject'
    org/bson/BSONEncoder.java:86:in `putObject'
    com/mongodb/OutMessage.java:190:in `putObject'
    com/mongodb/DBApiLayer.java:253:in `insert'
    com/mongodb/DBApiLayer.java:217:in `insert'
    com/mongodb/DBCollection.java:118:in `insert'
    /home/guy/my-dev/jmongo/lib/jmongo/ajrb.rb:132:in `insert_documents'
    /home/guy/my-dev/jmongo/lib/jmongo/collection.rb:231:in `insert'
    /home/guy/my-dev/jmongo/test/db_api_test.rb:389:in `test_regex'
    org/jruby/RubyBasicObject.java:1685:in `__send__'
    /home/guy/.rvm/gems/jruby-1.6.4/gems/mocha-0.10.0/lib/mocha/integration/mini_test/version_142_to_172.rb:27:in `run'
    /home/guy/.rvm/gems/jruby-1.6.4/gems/mocha-0.10.0/lib/mocha/integration/mini_test/version_142_to_172.rb:24:in `run'
    /home/guy/.rvm/gems/jruby-1.6.4/gems/mocha-0.10.0/lib/mocha/integration/mini_test/version_142_to_172.rb:23:in `run'

 21) Error:
test_regex_multi_line(DBAPITest):
NativeException: java.lang.IllegalArgumentException: can't serialize class org.jruby.RubyRegexp
    org/bson/BSONEncoder.java:234:in `_putObjectField'
    org/bson/BSONEncoder.java:140:in `putObject'
    org/bson/BSONEncoder.java:86:in `putObject'
    com/mongodb/OutMessage.java:190:in `putObject'
    com/mongodb/OutMessage.java:63:in `_appendQuery'
    com/mongodb/OutMessage.java:40:in `query'
    com/mongodb/DBApiLayer.java:301:in `__find'
    com/mongodb/DBCollection.java:565:in `findOne'
    /home/guy/my-dev/jmongo/lib/jmongo/ajrb.rb:141:in `find_one_document'
    /home/guy/my-dev/jmongo/lib/jmongo/collection.rb:192:in `find_one'
    /home/guy/my-dev/jmongo/test/db_api_test.rb:407:in `test_regex_multi_line'
    org/jruby/RubyBasicObject.java:1685:in `__send__'
    /home/guy/.rvm/gems/jruby-1.6.4/gems/mocha-0.10.0/lib/mocha/integration/mini_test/version_142_to_172.rb:27:in `run'
    /home/guy/.rvm/gems/jruby-1.6.4/gems/mocha-0.10.0/lib/mocha/integration/mini_test/version_142_to_172.rb:24:in `run'
    /home/guy/.rvm/gems/jruby-1.6.4/gems/mocha-0.10.0/lib/mocha/integration/mini_test/version_142_to_172.rb:23:in `run'

 22) Error:
test_rename_collection(DBAPITest):
Mongo::MongoArgumentError: command must be given a selector
    /home/guy/my-dev/jmongo/lib/jmongo/db.rb:166:in `command'
    /home/guy/my-dev/jmongo/lib/jmongo/db.rb:135:in `rename_collection'
    /home/guy/my-dev/jmongo/lib/jmongo/collection.rb:591:in `rename'
    /home/guy/my-dev/jmongo/test/db_api_test.rb:702:in `test_rename_collection'
    org/jruby/RubyBasicObject.java:1685:in `__send__'
    /home/guy/.rvm/gems/jruby-1.6.4/gems/mocha-0.10.0/lib/mocha/integration/mini_test/version_142_to_172.rb:27:in `run'
    /home/guy/.rvm/gems/jruby-1.6.4/gems/mocha-0.10.0/lib/mocha/integration/mini_test/version_142_to_172.rb:24:in `run'
    /home/guy/.rvm/gems/jruby-1.6.4/gems/mocha-0.10.0/lib/mocha/integration/mini_test/version_142_to_172.rb:23:in `run'

 23) Error:
test_save_ordered_hash(DBAPITest):
TypeError: can't convert Hash into Integer
    org/jruby/java/proxies/JavaProxy.java:136:in `[]'
    /home/guy/my-dev/jmongo/test/db_api_test.rb:55:in `test_save_ordered_hash'
    org/jruby/RubyBasicObject.java:1685:in `__send__'
    /home/guy/.rvm/gems/jruby-1.6.4/gems/mocha-0.10.0/lib/mocha/integration/mini_test/version_142_to_172.rb:27:in `run'
    /home/guy/.rvm/gems/jruby-1.6.4/gems/mocha-0.10.0/lib/mocha/integration/mini_test/version_142_to_172.rb:24:in `run'
    /home/guy/.rvm/gems/jruby-1.6.4/gems/mocha-0.10.0/lib/mocha/integration/mini_test/version_142_to_172.rb:23:in `run'

 24) Failure:
test_snapshot(DBAPITest) [/home/guy/my-dev/jmongo/test/db_api_test.rb:710]:
Mongo::OperationFailure expected but nothing was raised.

 25) Error:
test_strict(DBAPITest):
NoMethodError: undefined method `strict?' for #<Mongo::DB:0x45813c1b>
    /home/guy/my-dev/jmongo/test/db_api_test.rb:423:in `test_strict'
    org/jruby/RubyBasicObject.java:1685:in `__send__'
    /home/guy/.rvm/gems/jruby-1.6.4/gems/mocha-0.10.0/lib/mocha/integration/mini_test/version_142_to_172.rb:27:in `run'
    /home/guy/.rvm/gems/jruby-1.6.4/gems/mocha-0.10.0/lib/mocha/integration/mini_test/version_142_to_172.rb:24:in `run'
    /home/guy/.rvm/gems/jruby-1.6.4/gems/mocha-0.10.0/lib/mocha/integration/mini_test/version_142_to_172.rb:23:in `run'

 26) Failure:
test_strict_access_collection(DBAPITest) [/home/guy/my-dev/jmongo/test/db_api_test.rb:436]:
<Mongo::MongoDBError> expected but was
<RuntimeError>.

 27) Error:
test_strict_create_collection(DBAPITest):
Mongo::MongoDBError: Collection foobar already exists. Currently in strict mode.
    /home/guy/my-dev/jmongo/lib/jmongo/db.rb:83:in `create_collection'
    /home/guy/my-dev/jmongo/test/db_api_test.rb:464:in `test_strict_create_collection'
    org/jruby/RubyBasicObject.java:1685:in `__send__'
    /home/guy/.rvm/gems/jruby-1.6.4/gems/mocha-0.10.0/lib/mocha/integration/mini_test/version_142_to_172.rb:27:in `run'
    /home/guy/.rvm/gems/jruby-1.6.4/gems/mocha-0.10.0/lib/mocha/integration/mini_test/version_142_to_172.rb:24:in `run'
    /home/guy/.rvm/gems/jruby-1.6.4/gems/mocha-0.10.0/lib/mocha/integration/mini_test/version_142_to_172.rb:23:in `run'

 28) Failure:
test_unique_index(DBAPITest) [/home/guy/my-dev/jmongo/test/db_api_test.rb:356]:
Failed assertion, no message given.

 29) Failure:
test_where(DBAPITest) [/home/guy/my-dev/jmongo/test/db_api_test.rb:473]:
<1> expected but was
<0>.

 30) Error:
test: database profiling should change profiling level. (DBTest):
Mongo::MongoArgumentError: command must be given a selector
    /home/guy/my-dev/jmongo/lib/jmongo/db.rb:166:in `command'
    /home/guy/my-dev/jmongo/lib/jmongo/db.rb:224:in `profiling_level='
    /home/guy/my-dev/jmongo/test/db_test.rb:289:in `__bind_1316531435_697000'
    org/jruby/RubyMethod.java:117:in `call'
    /home/guy/.rvm/gems/jruby-1.6.4/gems/shoulda-2.11.3/lib/shoulda/context.rb:382:in `test: database profiling should change profiling level. '
    org/jruby/RubyBasicObject.java:1685:in `__send__'
    /home/guy/.rvm/gems/jruby-1.6.4/gems/mocha-0.10.0/lib/mocha/integration/mini_test/version_142_to_172.rb:27:in `run'
    /home/guy/.rvm/gems/jruby-1.6.4/gems/mocha-0.10.0/lib/mocha/integration/mini_test/version_142_to_172.rb:24:in `run'
    /home/guy/.rvm/gems/jruby-1.6.4/gems/mocha-0.10.0/lib/mocha/integration/mini_test/version_142_to_172.rb:23:in `run'

 31) Error:
test: database profiling should return profiling info. (DBTest):
Mongo::MongoArgumentError: command must be given a selector
    /home/guy/my-dev/jmongo/lib/jmongo/db.rb:166:in `command'
    /home/guy/my-dev/jmongo/lib/jmongo/db.rb:224:in `profiling_level='
    /home/guy/my-dev/jmongo/test/db_test.rb:303:in `__bind_1316531435_701000'
    org/jruby/RubyMethod.java:117:in `call'
    /home/guy/.rvm/gems/jruby-1.6.4/gems/shoulda-2.11.3/lib/shoulda/context.rb:382:in `test: database profiling should return profiling info. '
    org/jruby/RubyBasicObject.java:1685:in `__send__'
    /home/guy/.rvm/gems/jruby-1.6.4/gems/mocha-0.10.0/lib/mocha/integration/mini_test/version_142_to_172.rb:27:in `run'
    /home/guy/.rvm/gems/jruby-1.6.4/gems/mocha-0.10.0/lib/mocha/integration/mini_test/version_142_to_172.rb:24:in `run'
    /home/guy/.rvm/gems/jruby-1.6.4/gems/mocha-0.10.0/lib/mocha/integration/mini_test/version_142_to_172.rb:23:in `run'

 32) Error:
test: database profiling should set default profiling level. (DBTest):
Mongo::MongoArgumentError: command must be given a selector
    /home/guy/my-dev/jmongo/lib/jmongo/db.rb:166:in `command'
    /home/guy/my-dev/jmongo/lib/jmongo/db.rb:212:in `profiling_level'
    /home/guy/my-dev/jmongo/test/db_test.rb:285:in `__bind_1316531435_704000'
    org/jruby/RubyMethod.java:117:in `call'
    /home/guy/.rvm/gems/jruby-1.6.4/gems/shoulda-2.11.3/lib/shoulda/context.rb:382:in `test: database profiling should set default profiling level. '
    org/jruby/RubyBasicObject.java:1685:in `__send__'
    /home/guy/.rvm/gems/jruby-1.6.4/gems/mocha-0.10.0/lib/mocha/integration/mini_test/version_142_to_172.rb:27:in `run'
    /home/guy/.rvm/gems/jruby-1.6.4/gems/mocha-0.10.0/lib/mocha/integration/mini_test/version_142_to_172.rb:24:in `run'
    /home/guy/.rvm/gems/jruby-1.6.4/gems/mocha-0.10.0/lib/mocha/integration/mini_test/version_142_to_172.rb:23:in `run'

 33) Error:
test: database profiling should validate collection. (DBTest):
Mongo::MongoArgumentError: command must be given a selector
    /home/guy/my-dev/jmongo/lib/jmongo/db.rb:166:in `command'
    /home/guy/my-dev/jmongo/lib/jmongo/db.rb:236:in `validate_collection'
    /home/guy/my-dev/jmongo/test/db_test.rb:316:in `__bind_1316531435_706000'
    org/jruby/RubyMethod.java:117:in `call'
    /home/guy/.rvm/gems/jruby-1.6.4/gems/shoulda-2.11.3/lib/shoulda/context.rb:382:in `test: database profiling should validate collection. '
    org/jruby/RubyBasicObject.java:1685:in `__send__'
    /home/guy/.rvm/gems/jruby-1.6.4/gems/mocha-0.10.0/lib/mocha/integration/mini_test/version_142_to_172.rb:27:in `run'
    /home/guy/.rvm/gems/jruby-1.6.4/gems/mocha-0.10.0/lib/mocha/integration/mini_test/version_142_to_172.rb:24:in `run'
    /home/guy/.rvm/gems/jruby-1.6.4/gems/mocha-0.10.0/lib/mocha/integration/mini_test/version_142_to_172.rb:23:in `run'

 34) Error:
test_authenticate(DBTest):
Java::JavaLang::NullPointerException: 
    org.jruby.util.CodegenUtils.human(CodegenUtils.java:98)
    org.jruby.util.CodegenUtils.prettyParams(CodegenUtils.java:152)
    org.jruby.java.dispatch.CallableSelector.argumentError(CallableSelector.java:462)
    org.jruby.java.dispatch.CallableSelector.argTypesDoNotMatch(CallableSelector.java:436)
    org.jruby.java.invokers.RubyToJavaInvoker.findCallableArityTwo(RubyToJavaInvoker.java:248)
    org.jruby.java.invokers.InstanceMethodInvoker.call(InstanceMethodInvoker.java:66)
    org.jruby.internal.runtime.methods.AliasMethod.call(AliasMethod.java:66)
    org.jruby.runtime.callsite.CachingCallSite.cacheAndCall(CachingCallSite.java:332)
    org.jruby.runtime.callsite.CachingCallSite.call(CachingCallSite.java:203)
    org.jruby.ast.CallTwoArgNode.interpret(CallTwoArgNode.java:59)
    org.jruby.ast.NewlineNode.interpret(NewlineNode.java:104)
    org.jruby.evaluator.ASTInterpreter.INTERPRET_METHOD(ASTInterpreter.java:75)
    org.jruby.internal.runtime.methods.InterpretedMethod.call(InterpretedMethod.java:233)
    org.jruby.internal.runtime.methods.DefaultMethod.call(DefaultMethod.java:195)
    org.jruby.runtime.callsite.CachingCallSite.cacheAndCall(CachingCallSite.java:332)
    org.jruby.runtime.callsite.CachingCallSite.call(CachingCallSite.java:203)
    org.jruby.ast.CallTwoArgNode.interpret(CallTwoArgNode.java:59)
    org.jruby.ast.NewlineNode.interpret(NewlineNode.java:104)
    org.jruby.ast.BlockNode.interpret(BlockNode.java:71)
    org.jruby.evaluator.ASTInterpreter.INTERPRET_METHOD(ASTInterpreter.java:75)
    org.jruby.internal.runtime.methods.InterpretedMethod.call(InterpretedMethod.java:169)
    org.jruby.internal.runtime.methods.DefaultMethod.call(DefaultMethod.java:171)
    org.jruby.RubyClass.finvoke(RubyClass.java:523)
    org.jruby.RubyBasicObject.send19(RubyBasicObject.java:1685)
    org.jruby.RubyBasicObject$i$send19.call(RubyBasicObject$i$send19.gen:65535)
    org.jruby.internal.runtime.methods.JavaMethod$JavaMethodZeroOrOneOrNBlock.call(JavaMethod.java:266)
    org.jruby.runtime.callsite.CachingCallSite.call(CachingCallSite.java:167)
    rubyjit.run_9A42DB410F342DD31E49D3F9C7D7FABDDED345C8.chained_2_rescue_1$RUBY$SYNTHETIC__file__(/home/guy/.rvm/gems/jruby-1.6.4/gems/mocha-0.10.0/lib/mocha/integration/mini_test/version_142_to_172.rb:27)
    rubyjit.run_9A42DB410F342DD31E49D3F9C7D7FABDDED345C8.chained_1_ensure_2$RUBY$__ensure__(/home/guy/.rvm/gems/jruby-1.6.4/gems/mocha-0.10.0/lib/mocha/integration/mini_test/version_142_to_172.rb)
    rubyjit.run_9A42DB410F342DD31E49D3F9C7D7FABDDED345C8.chained_0_ensure_1$RUBY$__ensure__(/home/guy/.rvm/gems/jruby-1.6.4/gems/mocha-0.10.0/lib/mocha/integration/mini_test/version_142_to_172.rb:24)
    rubyjit.run_9A42DB410F342DD31E49D3F9C7D7FABDDED345C8.__file__(/home/guy/.rvm/gems/jruby-1.6.4/gems/mocha-0.10.0/lib/mocha/integration/mini_test/version_142_to_172.rb:23)
    rubyjit.run_9A42DB410F342DD31E49D3F9C7D7FABDDED345C8.__file__(/home/guy/.rvm/gems/jruby-1.6.4/gems/mocha-0.10.0/lib/mocha/integration/mini_test/version_142_to_172.rb)
    org.jruby.internal.runtime.methods.JittedMethod.call(JittedMethod.java:167)
    org.jruby.runtime.callsite.CachingCallSite.call(CachingCallSite.java:167)
    org.jruby.ast.CallOneArgNode.interpret(CallOneArgNode.java:57)
    org.jruby.ast.DAsgnNode.interpret(DAsgnNode.java:110)
    org.jruby.ast.NewlineNode.interpret(NewlineNode.java:104)
    org.jruby.ast.BlockNode.interpret(BlockNode.java:71)
    org.jruby.evaluator.ASTInterpreter.INTERPRET_BLOCK(ASTInterpreter.java:112)
    org.jruby.runtime.Interpreted19Block.evalBlockBody(Interpreted19Block.java:203)
    org.jruby.runtime.Interpreted19Block.yield(Interpreted19Block.java:154)
    org.jruby.runtime.Block.yield(Block.java:130)
    org.jruby.RubyArray.eachCommon(RubyArray.java:1596)
    org.jruby.RubyArray.each(RubyArray.java:1603)
    org.jruby.RubyArray$i$0$0$each.call(RubyArray$i$0$0$each.gen:65535)
    org.jruby.runtime.callsite.CachingCallSite.callBlock(CachingCallSite.java:142)
    org.jruby.runtime.callsite.CachingCallSite.callIter(CachingCallSite.java:153)
    org.jruby.ast.CallNoArgBlockNode.interpret(CallNoArgBlockNode.java:64)
    org.jruby.ast.NewlineNode.interpret(NewlineNode.java:104)
    org.jruby.evaluator.ASTInterpreter.INTERPRET_BLOCK(ASTInterpreter.java:112)
    org.jruby.runtime.Interpreted19Block.evalBlockBody(Interpreted19Block.java:203)
    org.jruby.runtime.Interpreted19Block.yield(Interpreted19Block.java:154)
    org.jruby.runtime.Block.yield(Block.java:130)
    org.jruby.RubyArray.eachCommon(RubyArray.java:1596)
    org.jruby.RubyArray.each(RubyArray.java:1603)
    org.jruby.RubyArray$i$0$0$each.call(RubyArray$i$0$0$each.gen:65535)
    org.jruby.runtime.callsite.CachingCallSite.cacheAndCall(CachingCallSite.java:302)
    org.jruby.runtime.callsite.CachingCallSite.callBlock(CachingCallSite.java:144)
    org.jruby.runtime.callsite.CachingCallSite.callIter(CachingCallSite.java:153)
    org.jruby.ast.CallNoArgBlockNode.interpret(CallNoArgBlockNode.java:64)
    org.jruby.ast.NewlineNode.interpret(NewlineNode.java:104)
    org.jruby.ast.BlockNode.interpret(BlockNode.java:71)
    org.jruby.evaluator.ASTInterpreter.INTERPRET_METHOD(ASTInterpreter.java:75)
    org.jruby.internal.runtime.methods.InterpretedMethod.call(InterpretedMethod.java:190)
    org.jruby.internal.runtime.methods.DefaultMethod.call(DefaultMethod.java:179)
    org.jruby.runtime.callsite.CachingCallSite.cacheAndCall(CachingCallSite.java:312)
    org.jruby.runtime.callsite.CachingCallSite.call(CachingCallSite.java:169)
    org.jruby.ast.FCallOneArgNode.interpret(FCallOneArgNode.java:36)
    org.jruby.ast.NewlineNode.interpret(NewlineNode.java:104)
    org.jruby.ast.BlockNode.interpret(BlockNode.java:71)
    org.jruby.ast.RescueNode.executeBody(RescueNode.java:216)
    org.jruby.ast.RescueNode.interpretWithJavaExceptions(RescueNode.java:120)
    org.jruby.ast.RescueNode.interpret(RescueNode.java:110)
    org.jruby.evaluator.ASTInterpreter.INTERPRET_METHOD(ASTInterpreter.java:75)
    org.jruby.internal.runtime.methods.InterpretedMethod.call(InterpretedMethod.java:190)
    org.jruby.internal.runtime.methods.DefaultMethod.call(DefaultMethod.java:179)
    org.jruby.runtime.callsite.CachingCallSite.cacheAndCall(CachingCallSite.java:312)
    org.jruby.runtime.callsite.CachingCallSite.call(CachingCallSite.java:169)
    org.jruby.ast.CallOneArgNode.interpret(CallOneArgNode.java:57)
    org.jruby.ast.DAsgnNode.interpret(DAsgnNode.java:110)
    org.jruby.ast.NewlineNode.interpret(NewlineNode.java:104)
    org.jruby.ast.BlockNode.interpret(BlockNode.java:71)
    org.jruby.evaluator.ASTInterpreter.INTERPRET_BLOCK(ASTInterpreter.java:112)
    org.jruby.runtime.Interpreted19Block.evalBlockBody(Interpreted19Block.java:203)
    org.jruby.runtime.Interpreted19Block.yield(Interpreted19Block.java:191)
    org.jruby.runtime.Interpreted19Block.call(Interpreted19Block.java:122)
    org.jruby.runtime.Block.call(Block.java:89)
    org.jruby.RubyProc.call(RubyProc.java:274)
    org.jruby.RubyProc.call(RubyProc.java:233)
    org.jruby.Ruby.tearDown(Ruby.java:2739)
    org.jruby.Ruby.tearDown(Ruby.java:2726)
    org.jruby.Main.internalRun(Main.java:201)
    org.jruby.Main.run(Main.java:164)
    org.jruby.Main.run(Main.java:148)
    org.jruby.util.ShellLauncher$ScriptThreadProcess.run(ShellLauncher.java:140)
    java.lang.Thread.run(Thread.java:722)

 35) Error:
test_authenticate_with_connection_uri(DBTest):
Java::JavaLang::NullPointerException: 
    org.jruby.util.CodegenUtils.human(CodegenUtils.java:98)
    org.jruby.util.CodegenUtils.prettyParams(CodegenUtils.java:152)
    org.jruby.java.dispatch.CallableSelector.argumentError(CallableSelector.java:462)
    org.jruby.java.dispatch.CallableSelector.argTypesDoNotMatch(CallableSelector.java:436)
    org.jruby.java.invokers.RubyToJavaInvoker.findCallableArityTwo(RubyToJavaInvoker.java:248)
    org.jruby.java.invokers.InstanceMethodInvoker.call(InstanceMethodInvoker.java:66)
    org.jruby.internal.runtime.methods.AliasMethod.call(AliasMethod.java:66)
    org.jruby.runtime.callsite.CachingCallSite.call(CachingCallSite.java:201)
    org.jruby.ast.CallTwoArgNode.interpret(CallTwoArgNode.java:59)
    org.jruby.ast.NewlineNode.interpret(NewlineNode.java:104)
    org.jruby.evaluator.ASTInterpreter.INTERPRET_METHOD(ASTInterpreter.java:75)
    org.jruby.internal.runtime.methods.InterpretedMethod.call(InterpretedMethod.java:233)
    org.jruby.internal.runtime.methods.DefaultMethod.call(DefaultMethod.java:195)
    org.jruby.runtime.callsite.CachingCallSite.cacheAndCall(CachingCallSite.java:332)
    org.jruby.runtime.callsite.CachingCallSite.call(CachingCallSite.java:203)
    org.jruby.ast.CallTwoArgNode.interpret(CallTwoArgNode.java:59)
    org.jruby.ast.NewlineNode.interpret(NewlineNode.java:104)
    org.jruby.ast.BlockNode.interpret(BlockNode.java:71)
    org.jruby.evaluator.ASTInterpreter.INTERPRET_METHOD(ASTInterpreter.java:75)
    org.jruby.internal.runtime.methods.InterpretedMethod.call(InterpretedMethod.java:169)
    org.jruby.internal.runtime.methods.DefaultMethod.call(DefaultMethod.java:171)
    org.jruby.RubyClass.finvoke(RubyClass.java:523)
    org.jruby.RubyBasicObject.send19(RubyBasicObject.java:1685)
    org.jruby.RubyBasicObject$i$send19.call(RubyBasicObject$i$send19.gen:65535)
    org.jruby.internal.runtime.methods.JavaMethod$JavaMethodZeroOrOneOrNBlock.call(JavaMethod.java:266)
    org.jruby.runtime.callsite.CachingCallSite.call(CachingCallSite.java:167)
    rubyjit.run_9A42DB410F342DD31E49D3F9C7D7FABDDED345C8.chained_2_rescue_1$RUBY$SYNTHETIC__file__(/home/guy/.rvm/gems/jruby-1.6.4/gems/mocha-0.10.0/lib/mocha/integration/mini_test/version_142_to_172.rb:27)
    rubyjit.run_9A42DB410F342DD31E49D3F9C7D7FABDDED345C8.chained_1_ensure_2$RUBY$__ensure__(/home/guy/.rvm/gems/jruby-1.6.4/gems/mocha-0.10.0/lib/mocha/integration/mini_test/version_142_to_172.rb)
    rubyjit.run_9A42DB410F342DD31E49D3F9C7D7FABDDED345C8.chained_0_ensure_1$RUBY$__ensure__(/home/guy/.rvm/gems/jruby-1.6.4/gems/mocha-0.10.0/lib/mocha/integration/mini_test/version_142_to_172.rb:24)
    rubyjit.run_9A42DB410F342DD31E49D3F9C7D7FABDDED345C8.__file__(/home/guy/.rvm/gems/jruby-1.6.4/gems/mocha-0.10.0/lib/mocha/integration/mini_test/version_142_to_172.rb:23)
    rubyjit.run_9A42DB410F342DD31E49D3F9C7D7FABDDED345C8.__file__(/home/guy/.rvm/gems/jruby-1.6.4/gems/mocha-0.10.0/lib/mocha/integration/mini_test/version_142_to_172.rb)
    org.jruby.internal.runtime.methods.JittedMethod.call(JittedMethod.java:167)
    org.jruby.runtime.callsite.CachingCallSite.call(CachingCallSite.java:167)
    org.jruby.ast.CallOneArgNode.interpret(CallOneArgNode.java:57)
    org.jruby.ast.DAsgnNode.interpret(DAsgnNode.java:110)
    org.jruby.ast.NewlineNode.interpret(NewlineNode.java:104)
    org.jruby.ast.BlockNode.interpret(BlockNode.java:71)
    org.jruby.evaluator.ASTInterpreter.INTERPRET_BLOCK(ASTInterpreter.java:112)
    org.jruby.runtime.Interpreted19Block.evalBlockBody(Interpreted19Block.java:203)
    org.jruby.runtime.Interpreted19Block.yield(Interpreted19Block.java:154)
    org.jruby.runtime.Block.yield(Block.java:130)
    org.jruby.RubyArray.eachCommon(RubyArray.java:1596)
    org.jruby.RubyArray.each(RubyArray.java:1603)
    org.jruby.RubyArray$i$0$0$each.call(RubyArray$i$0$0$each.gen:65535)
    org.jruby.runtime.callsite.CachingCallSite.callBlock(CachingCallSite.java:142)
    org.jruby.runtime.callsite.CachingCallSite.callIter(CachingCallSite.java:153)
    org.jruby.ast.CallNoArgBlockNode.interpret(CallNoArgBlockNode.java:64)
    org.jruby.ast.NewlineNode.interpret(NewlineNode.java:104)
    org.jruby.evaluator.ASTInterpreter.INTERPRET_BLOCK(ASTInterpreter.java:112)
    org.jruby.runtime.Interpreted19Block.evalBlockBody(Interpreted19Block.java:203)
    org.jruby.runtime.Interpreted19Block.yield(Interpreted19Block.java:154)
    org.jruby.runtime.Block.yield(Block.java:130)
    org.jruby.RubyArray.eachCommon(RubyArray.java:1596)
    org.jruby.RubyArray.each(RubyArray.java:1603)
    org.jruby.RubyArray$i$0$0$each.call(RubyArray$i$0$0$each.gen:65535)
    org.jruby.runtime.callsite.CachingCallSite.cacheAndCall(CachingCallSite.java:302)
    org.jruby.runtime.callsite.CachingCallSite.callBlock(CachingCallSite.java:144)
    org.jruby.runtime.callsite.CachingCallSite.callIter(CachingCallSite.java:153)
    org.jruby.ast.CallNoArgBlockNode.interpret(CallNoArgBlockNode.java:64)
    org.jruby.ast.NewlineNode.interpret(NewlineNode.java:104)
    org.jruby.ast.BlockNode.interpret(BlockNode.java:71)
    org.jruby.evaluator.ASTInterpreter.INTERPRET_METHOD(ASTInterpreter.java:75)
    org.jruby.internal.runtime.methods.InterpretedMethod.call(InterpretedMethod.java:190)
    org.jruby.internal.runtime.methods.DefaultMethod.call(DefaultMethod.java:179)
    org.jruby.runtime.callsite.CachingCallSite.cacheAndCall(CachingCallSite.java:312)
    org.jruby.runtime.callsite.CachingCallSite.call(CachingCallSite.java:169)
    org.jruby.ast.FCallOneArgNode.interpret(FCallOneArgNode.java:36)
    org.jruby.ast.NewlineNode.interpret(NewlineNode.java:104)
    org.jruby.ast.BlockNode.interpret(BlockNode.java:71)
    org.jruby.ast.RescueNode.executeBody(RescueNode.java:216)
    org.jruby.ast.RescueNode.interpretWithJavaExceptions(RescueNode.java:120)
    org.jruby.ast.RescueNode.interpret(RescueNode.java:110)
    org.jruby.evaluator.ASTInterpreter.INTERPRET_METHOD(ASTInterpreter.java:75)
    org.jruby.internal.runtime.methods.InterpretedMethod.call(InterpretedMethod.java:190)
    org.jruby.internal.runtime.methods.DefaultMethod.call(DefaultMethod.java:179)
    org.jruby.runtime.callsite.CachingCallSite.cacheAndCall(CachingCallSite.java:312)
    org.jruby.runtime.callsite.CachingCallSite.call(CachingCallSite.java:169)
    org.jruby.ast.CallOneArgNode.interpret(CallOneArgNode.java:57)
    org.jruby.ast.DAsgnNode.interpret(DAsgnNode.java:110)
    org.jruby.ast.NewlineNode.interpret(NewlineNode.java:104)
    org.jruby.ast.BlockNode.interpret(BlockNode.java:71)
    org.jruby.evaluator.ASTInterpreter.INTERPRET_BLOCK(ASTInterpreter.java:112)
    org.jruby.runtime.Interpreted19Block.evalBlockBody(Interpreted19Block.java:203)
    org.jruby.runtime.Interpreted19Block.yield(Interpreted19Block.java:191)
    org.jruby.runtime.Interpreted19Block.call(Interpreted19Block.java:122)
    org.jruby.runtime.Block.call(Block.java:89)
    org.jruby.RubyProc.call(RubyProc.java:274)
    org.jruby.RubyProc.call(RubyProc.java:233)
    org.jruby.Ruby.tearDown(Ruby.java:2739)
    org.jruby.Ruby.tearDown(Ruby.java:2726)
    org.jruby.Main.internalRun(Main.java:201)
    org.jruby.Main.run(Main.java:164)
    org.jruby.Main.run(Main.java:148)
    org.jruby.util.ShellLauncher$ScriptThreadProcess.run(ShellLauncher.java:140)
    java.lang.Thread.run(Thread.java:722)

 36) Error:
test_authenticate_with_special_characters(DBTest):
Java::JavaLang::NullPointerException: 
    org.jruby.util.CodegenUtils.human(CodegenUtils.java:98)
    org.jruby.util.CodegenUtils.prettyParams(CodegenUtils.java:152)
    org.jruby.java.dispatch.CallableSelector.argumentError(CallableSelector.java:462)
    org.jruby.java.dispatch.CallableSelector.argTypesDoNotMatch(CallableSelector.java:436)
    org.jruby.java.invokers.RubyToJavaInvoker.findCallableArityTwo(RubyToJavaInvoker.java:248)
    org.jruby.java.invokers.InstanceMethodInvoker.call(InstanceMethodInvoker.java:66)
    org.jruby.internal.runtime.methods.AliasMethod.call(AliasMethod.java:66)
    org.jruby.runtime.callsite.CachingCallSite.call(CachingCallSite.java:201)
    org.jruby.ast.CallTwoArgNode.interpret(CallTwoArgNode.java:59)
    org.jruby.ast.NewlineNode.interpret(NewlineNode.java:104)
    org.jruby.evaluator.ASTInterpreter.INTERPRET_METHOD(ASTInterpreter.java:75)
    org.jruby.internal.runtime.methods.InterpretedMethod.call(InterpretedMethod.java:233)
    org.jruby.internal.runtime.methods.DefaultMethod.call(DefaultMethod.java:195)
    org.jruby.runtime.callsite.CachingCallSite.cacheAndCall(CachingCallSite.java:332)
    org.jruby.runtime.callsite.CachingCallSite.call(CachingCallSite.java:203)
    org.jruby.ast.CallTwoArgNode.interpret(CallTwoArgNode.java:59)
    org.jruby.ast.FCallOneArgNode.interpret(FCallOneArgNode.java:36)
    org.jruby.ast.NewlineNode.interpret(NewlineNode.java:104)
    org.jruby.ast.BlockNode.interpret(BlockNode.java:71)
    org.jruby.evaluator.ASTInterpreter.INTERPRET_METHOD(ASTInterpreter.java:75)
    org.jruby.internal.runtime.methods.InterpretedMethod.call(InterpretedMethod.java:169)
    org.jruby.internal.runtime.methods.DefaultMethod.call(DefaultMethod.java:171)
    org.jruby.RubyClass.finvoke(RubyClass.java:523)
    org.jruby.RubyBasicObject.send19(RubyBasicObject.java:1685)
    org.jruby.RubyBasicObject$i$send19.call(RubyBasicObject$i$send19.gen:65535)
    org.jruby.internal.runtime.methods.JavaMethod$JavaMethodZeroOrOneOrNBlock.call(JavaMethod.java:266)
    org.jruby.runtime.callsite.CachingCallSite.call(CachingCallSite.java:167)
    rubyjit.run_9A42DB410F342DD31E49D3F9C7D7FABDDED345C8.chained_2_rescue_1$RUBY$SYNTHETIC__file__(/home/guy/.rvm/gems/jruby-1.6.4/gems/mocha-0.10.0/lib/mocha/integration/mini_test/version_142_to_172.rb:27)
    rubyjit.run_9A42DB410F342DD31E49D3F9C7D7FABDDED345C8.chained_1_ensure_2$RUBY$__ensure__(/home/guy/.rvm/gems/jruby-1.6.4/gems/mocha-0.10.0/lib/mocha/integration/mini_test/version_142_to_172.rb)
    rubyjit.run_9A42DB410F342DD31E49D3F9C7D7FABDDED345C8.chained_0_ensure_1$RUBY$__ensure__(/home/guy/.rvm/gems/jruby-1.6.4/gems/mocha-0.10.0/lib/mocha/integration/mini_test/version_142_to_172.rb:24)
    rubyjit.run_9A42DB410F342DD31E49D3F9C7D7FABDDED345C8.__file__(/home/guy/.rvm/gems/jruby-1.6.4/gems/mocha-0.10.0/lib/mocha/integration/mini_test/version_142_to_172.rb:23)
    rubyjit.run_9A42DB410F342DD31E49D3F9C7D7FABDDED345C8.__file__(/home/guy/.rvm/gems/jruby-1.6.4/gems/mocha-0.10.0/lib/mocha/integration/mini_test/version_142_to_172.rb)
    org.jruby.internal.runtime.methods.JittedMethod.call(JittedMethod.java:167)
    org.jruby.runtime.callsite.CachingCallSite.call(CachingCallSite.java:167)
    org.jruby.ast.CallOneArgNode.interpret(CallOneArgNode.java:57)
    org.jruby.ast.DAsgnNode.interpret(DAsgnNode.java:110)
    org.jruby.ast.NewlineNode.interpret(NewlineNode.java:104)
    org.jruby.ast.BlockNode.interpret(BlockNode.java:71)
    org.jruby.evaluator.ASTInterpreter.INTERPRET_BLOCK(ASTInterpreter.java:112)
    org.jruby.runtime.Interpreted19Block.evalBlockBody(Interpreted19Block.java:203)
    org.jruby.runtime.Interpreted19Block.yield(Interpreted19Block.java:154)
    org.jruby.runtime.Block.yield(Block.java:130)
    org.jruby.RubyArray.eachCommon(RubyArray.java:1596)
    org.jruby.RubyArray.each(RubyArray.java:1603)
    org.jruby.RubyArray$i$0$0$each.call(RubyArray$i$0$0$each.gen:65535)
    org.jruby.runtime.callsite.CachingCallSite.callBlock(CachingCallSite.java:142)
    org.jruby.runtime.callsite.CachingCallSite.callIter(CachingCallSite.java:153)
    org.jruby.ast.CallNoArgBlockNode.interpret(CallNoArgBlockNode.java:64)
    org.jruby.ast.NewlineNode.interpret(NewlineNode.java:104)
    org.jruby.evaluator.ASTInterpreter.INTERPRET_BLOCK(ASTInterpreter.java:112)
    org.jruby.runtime.Interpreted19Block.evalBlockBody(Interpreted19Block.java:203)
    org.jruby.runtime.Interpreted19Block.yield(Interpreted19Block.java:154)
    org.jruby.runtime.Block.yield(Block.java:130)
    org.jruby.RubyArray.eachCommon(RubyArray.java:1596)
    org.jruby.RubyArray.each(RubyArray.java:1603)
    org.jruby.RubyArray$i$0$0$each.call(RubyArray$i$0$0$each.gen:65535)
    org.jruby.runtime.callsite.CachingCallSite.cacheAndCall(CachingCallSite.java:302)
    org.jruby.runtime.callsite.CachingCallSite.callBlock(CachingCallSite.java:144)
    org.jruby.runtime.callsite.CachingCallSite.callIter(CachingCallSite.java:153)
    org.jruby.ast.CallNoArgBlockNode.interpret(CallNoArgBlockNode.java:64)
    org.jruby.ast.NewlineNode.interpret(NewlineNode.java:104)
    org.jruby.ast.BlockNode.interpret(BlockNode.java:71)
    org.jruby.evaluator.ASTInterpreter.INTERPRET_METHOD(ASTInterpreter.java:75)
    org.jruby.internal.runtime.methods.InterpretedMethod.call(InterpretedMethod.java:190)
    org.jruby.internal.runtime.methods.DefaultMethod.call(DefaultMethod.java:179)
    org.jruby.runtime.callsite.CachingCallSite.cacheAndCall(CachingCallSite.java:312)
    org.jruby.runtime.callsite.CachingCallSite.call(CachingCallSite.java:169)
    org.jruby.ast.FCallOneArgNode.interpret(FCallOneArgNode.java:36)
    org.jruby.ast.NewlineNode.interpret(NewlineNode.java:104)
    org.jruby.ast.BlockNode.interpret(BlockNode.java:71)
    org.jruby.ast.RescueNode.executeBody(RescueNode.java:216)
    org.jruby.ast.RescueNode.interpretWithJavaExceptions(RescueNode.java:120)
    org.jruby.ast.RescueNode.interpret(RescueNode.java:110)
    org.jruby.evaluator.ASTInterpreter.INTERPRET_METHOD(ASTInterpreter.java:75)
    org.jruby.internal.runtime.methods.InterpretedMethod.call(InterpretedMethod.java:190)
    org.jruby.internal.runtime.methods.DefaultMethod.call(DefaultMethod.java:179)
    org.jruby.runtime.callsite.CachingCallSite.cacheAndCall(CachingCallSite.java:312)
    org.jruby.runtime.callsite.CachingCallSite.call(CachingCallSite.java:169)
    org.jruby.ast.CallOneArgNode.interpret(CallOneArgNode.java:57)
    org.jruby.ast.DAsgnNode.interpret(DAsgnNode.java:110)
    org.jruby.ast.NewlineNode.interpret(NewlineNode.java:104)
    org.jruby.ast.BlockNode.interpret(BlockNode.java:71)
    org.jruby.evaluator.ASTInterpreter.INTERPRET_BLOCK(ASTInterpreter.java:112)
    org.jruby.runtime.Interpreted19Block.evalBlockBody(Interpreted19Block.java:203)
    org.jruby.runtime.Interpreted19Block.yield(Interpreted19Block.java:191)
    org.jruby.runtime.Interpreted19Block.call(Interpreted19Block.java:122)
    org.jruby.runtime.Block.call(Block.java:89)
    org.jruby.RubyProc.call(RubyProc.java:274)
    org.jruby.RubyProc.call(RubyProc.java:233)
    org.jruby.Ruby.tearDown(Ruby.java:2739)
    org.jruby.Ruby.tearDown(Ruby.java:2726)
    org.jruby.Main.internalRun(Main.java:201)
    org.jruby.Main.run(Main.java:164)
    org.jruby.Main.run(Main.java:148)
    org.jruby.util.ShellLauncher$ScriptThreadProcess.run(ShellLauncher.java:140)
    java.lang.Thread.run(Thread.java:722)

 37) Error:
test_check_command_response(DBTest):
NoMethodError: undefined method `error_code' for #<Mongo::OperationFailure:0x64d13c35>
    /home/guy/my-dev/jmongo/test/db_test.rb:216:in `test_check_command_response'
    org/jruby/RubyBasicObject.java:1685:in `__send__'
    /home/guy/.rvm/gems/jruby-1.6.4/gems/mocha-0.10.0/lib/mocha/integration/mini_test/version_142_to_172.rb:27:in `run'
    /home/guy/.rvm/gems/jruby-1.6.4/gems/mocha-0.10.0/lib/mocha/integration/mini_test/version_142_to_172.rb:24:in `run'
    /home/guy/.rvm/gems/jruby-1.6.4/gems/mocha-0.10.0/lib/mocha/integration/mini_test/version_142_to_172.rb:23:in `run'

 38) Failure:
test_close(DBTest) [/home/guy/my-dev/jmongo/test/db_test.rb:29]:
Expected /NilClass/ to match "java.lang.IllegalStateException: this Mongo has been closed".

 39) Failure:
test_collection_names(DBTest) [/home/guy/my-dev/jmongo/test/db_test.rb:78]:
Failed assertion, no message given.

 40) Failure:
test_collections(DBTest) [/home/guy/my-dev/jmongo/test/db_test.rb:94]:
Expected nil to be a kind of Mongo::Collection, not NilClass.

 41) Error:
test_command(DBTest):
NameError: uninitialized constant Mongo::Support
    org/jruby/RubyModule.java:2569:in `const_missing'
    /home/guy/.rvm/gems/jruby-1.6.4/gems/rake-0.9.2/lib/rake/ext/module.rb:36:in `const_missing'
    /home/guy/my-dev/jmongo/test/db_test.rb:174:in `test_command'
    org/jruby/RubyBasicObject.java:1685:in `__send__'
    /home/guy/.rvm/gems/jruby-1.6.4/gems/mocha-0.10.0/lib/mocha/integration/mini_test/version_142_to_172.rb:27:in `run'
    /home/guy/.rvm/gems/jruby-1.6.4/gems/mocha-0.10.0/lib/mocha/integration/mini_test/version_142_to_172.rb:24:in `run'
    /home/guy/.rvm/gems/jruby-1.6.4/gems/mocha-0.10.0/lib/mocha/integration/mini_test/version_142_to_172.rb:23:in `run'

 42) Error:
test_create_collection(DBTest):
Mongo::MongoDBError: Collection foo already exists. Currently in strict mode.
    /home/guy/my-dev/jmongo/lib/jmongo/db.rb:83:in `create_collection'
    /home/guy/my-dev/jmongo/test/db_test.rb:37:in `test_create_collection'
    org/jruby/RubyBasicObject.java:1685:in `__send__'
    /home/guy/.rvm/gems/jruby-1.6.4/gems/mocha-0.10.0/lib/mocha/integration/mini_test/version_142_to_172.rb:27:in `run'
    /home/guy/.rvm/gems/jruby-1.6.4/gems/mocha-0.10.0/lib/mocha/integration/mini_test/version_142_to_172.rb:24:in `run'
    /home/guy/.rvm/gems/jruby-1.6.4/gems/mocha-0.10.0/lib/mocha/integration/mini_test/version_142_to_172.rb:23:in `run'

 43) Failure:
test_error(DBTest) [/home/guy/my-dev/jmongo/test/db_test.rb:181]:
Expected {"err"=>nil, "n"=>0, "nPrev"=>-1, "ok"=>1.0} to be nil.

 44) Error:
test_get_and_drop_collection(DBTest):
NoMethodError: undefined method `get_db' for nil:NilClass
    /home/guy/my-dev/jmongo/lib/jmongo/db.rb:32:in `initialize'
    /home/guy/my-dev/jmongo/lib/jmongo/connection.rb:144:in `db'
    /home/guy/my-dev/jmongo/test/db_test.rb:47:in `test_get_and_drop_collection'
    org/jruby/RubyBasicObject.java:1685:in `__send__'
    /home/guy/.rvm/gems/jruby-1.6.4/gems/mocha-0.10.0/lib/mocha/integration/mini_test/version_142_to_172.rb:27:in `run'
    /home/guy/.rvm/gems/jruby-1.6.4/gems/mocha-0.10.0/lib/mocha/integration/mini_test/version_142_to_172.rb:24:in `run'
    /home/guy/.rvm/gems/jruby-1.6.4/gems/mocha-0.10.0/lib/mocha/integration/mini_test/version_142_to_172.rb:23:in `run'

 45) Error:
test_logout(DBTest):
NoMethodError: This method hasn't been implemented yet.
    /home/guy/my-dev/jmongo/lib/jmongo/ajrb.rb:163:in `raise_not_implemented'
    /home/guy/my-dev/jmongo/lib/jmongo/db.rb:57:in `logout'
    /home/guy/my-dev/jmongo/test/db_test.rb:165:in `test_logout'
    org/jruby/RubyBasicObject.java:1685:in `__send__'
    /home/guy/.rvm/gems/jruby-1.6.4/gems/mocha-0.10.0/lib/mocha/integration/mini_test/version_142_to_172.rb:27:in `run'
    /home/guy/.rvm/gems/jruby-1.6.4/gems/mocha-0.10.0/lib/mocha/integration/mini_test/version_142_to_172.rb:24:in `run'
    /home/guy/.rvm/gems/jruby-1.6.4/gems/mocha-0.10.0/lib/mocha/integration/mini_test/version_142_to_172.rb:23:in `run'

 46) Failure:
test_remove_non_existant_user(DBTest) [/home/guy/my-dev/jmongo/test/db_test.rb:251]:
Failed assertion, no message given.

 47) Error:
test_stored_function_management(DBTest):
NoMethodError: undefined method `add_stored_function' for #<Mongo::DB:0x435c1bc2>
    /home/guy/my-dev/jmongo/test/db_test.rb:255:in `test_stored_function_management'
    org/jruby/RubyBasicObject.java:1685:in `__send__'
    /home/guy/.rvm/gems/jruby-1.6.4/gems/mocha-0.10.0/lib/mocha/integration/mini_test/version_142_to_172.rb:27:in `run'
    /home/guy/.rvm/gems/jruby-1.6.4/gems/mocha-0.10.0/lib/mocha/integration/mini_test/version_142_to_172.rb:24:in `run'
    /home/guy/.rvm/gems/jruby-1.6.4/gems/mocha-0.10.0/lib/mocha/integration/mini_test/version_142_to_172.rb:23:in `run'

 48) Error:
test_user_management(DBTest):
Java::JavaLang::NullPointerException: 
    org.jruby.util.CodegenUtils.human(CodegenUtils.java:98)
    org.jruby.util.CodegenUtils.prettyParams(CodegenUtils.java:152)
    org.jruby.java.dispatch.CallableSelector.argumentError(CallableSelector.java:462)
    org.jruby.java.dispatch.CallableSelector.argTypesDoNotMatch(CallableSelector.java:436)
    org.jruby.java.invokers.RubyToJavaInvoker.findCallableArityTwo(RubyToJavaInvoker.java:248)
    org.jruby.java.invokers.InstanceMethodInvoker.call(InstanceMethodInvoker.java:66)
    org.jruby.internal.runtime.methods.AliasMethod.call(AliasMethod.java:66)
    org.jruby.runtime.callsite.CachingCallSite.call(CachingCallSite.java:201)
    org.jruby.ast.CallTwoArgNode.interpret(CallTwoArgNode.java:59)
    org.jruby.ast.NewlineNode.interpret(NewlineNode.java:104)
    org.jruby.evaluator.ASTInterpreter.INTERPRET_METHOD(ASTInterpreter.java:75)
    org.jruby.internal.runtime.methods.InterpretedMethod.call(InterpretedMethod.java:233)
    org.jruby.internal.runtime.methods.DefaultMethod.call(DefaultMethod.java:195)
    org.jruby.runtime.callsite.CachingCallSite.cacheAndCall(CachingCallSite.java:332)
    org.jruby.runtime.callsite.CachingCallSite.call(CachingCallSite.java:203)
    org.jruby.ast.CallTwoArgNode.interpret(CallTwoArgNode.java:59)
    org.jruby.ast.NewlineNode.interpret(NewlineNode.java:104)
    org.jruby.ast.BlockNode.interpret(BlockNode.java:71)
    org.jruby.evaluator.ASTInterpreter.INTERPRET_METHOD(ASTInterpreter.java:75)
    org.jruby.internal.runtime.methods.InterpretedMethod.call(InterpretedMethod.java:169)
    org.jruby.internal.runtime.methods.DefaultMethod.call(DefaultMethod.java:171)
    org.jruby.RubyClass.finvoke(RubyClass.java:523)
    org.jruby.RubyBasicObject.send19(RubyBasicObject.java:1685)
    org.jruby.RubyBasicObject$i$send19.call(RubyBasicObject$i$send19.gen:65535)
    org.jruby.internal.runtime.methods.JavaMethod$JavaMethodZeroOrOneOrNBlock.call(JavaMethod.java:266)
    org.jruby.runtime.callsite.CachingCallSite.call(CachingCallSite.java:167)
    rubyjit.run_9A42DB410F342DD31E49D3F9C7D7FABDDED345C8.chained_2_rescue_1$RUBY$SYNTHETIC__file__(/home/guy/.rvm/gems/jruby-1.6.4/gems/mocha-0.10.0/lib/mocha/integration/mini_test/version_142_to_172.rb:27)
    rubyjit.run_9A42DB410F342DD31E49D3F9C7D7FABDDED345C8.chained_1_ensure_2$RUBY$__ensure__(/home/guy/.rvm/gems/jruby-1.6.4/gems/mocha-0.10.0/lib/mocha/integration/mini_test/version_142_to_172.rb)
    rubyjit.run_9A42DB410F342DD31E49D3F9C7D7FABDDED345C8.chained_0_ensure_1$RUBY$__ensure__(/home/guy/.rvm/gems/jruby-1.6.4/gems/mocha-0.10.0/lib/mocha/integration/mini_test/version_142_to_172.rb:24)
    rubyjit.run_9A42DB410F342DD31E49D3F9C7D7FABDDED345C8.__file__(/home/guy/.rvm/gems/jruby-1.6.4/gems/mocha-0.10.0/lib/mocha/integration/mini_test/version_142_to_172.rb:23)
    rubyjit.run_9A42DB410F342DD31E49D3F9C7D7FABDDED345C8.__file__(/home/guy/.rvm/gems/jruby-1.6.4/gems/mocha-0.10.0/lib/mocha/integration/mini_test/version_142_to_172.rb)
    org.jruby.internal.runtime.methods.JittedMethod.call(JittedMethod.java:167)
    org.jruby.runtime.callsite.CachingCallSite.call(CachingCallSite.java:167)
    org.jruby.ast.CallOneArgNode.interpret(CallOneArgNode.java:57)
    org.jruby.ast.DAsgnNode.interpret(DAsgnNode.java:110)
    org.jruby.ast.NewlineNode.interpret(NewlineNode.java:104)
    org.jruby.ast.BlockNode.interpret(BlockNode.java:71)
    org.jruby.evaluator.ASTInterpreter.INTERPRET_BLOCK(ASTInterpreter.java:112)
    org.jruby.runtime.Interpreted19Block.evalBlockBody(Interpreted19Block.java:203)
    org.jruby.runtime.Interpreted19Block.yield(Interpreted19Block.java:154)
    org.jruby.runtime.Block.yield(Block.java:130)
    org.jruby.RubyArray.eachCommon(RubyArray.java:1596)
    org.jruby.RubyArray.each(RubyArray.java:1603)
    org.jruby.RubyArray$i$0$0$each.call(RubyArray$i$0$0$each.gen:65535)
    org.jruby.runtime.callsite.CachingCallSite.callBlock(CachingCallSite.java:142)
    org.jruby.runtime.callsite.CachingCallSite.callIter(CachingCallSite.java:153)
    org.jruby.ast.CallNoArgBlockNode.interpret(CallNoArgBlockNode.java:64)
    org.jruby.ast.NewlineNode.interpret(NewlineNode.java:104)
    org.jruby.evaluator.ASTInterpreter.INTERPRET_BLOCK(ASTInterpreter.java:112)
    org.jruby.runtime.Interpreted19Block.evalBlockBody(Interpreted19Block.java:203)
    org.jruby.runtime.Interpreted19Block.yield(Interpreted19Block.java:154)
    org.jruby.runtime.Block.yield(Block.java:130)
    org.jruby.RubyArray.eachCommon(RubyArray.java:1596)
    org.jruby.RubyArray.each(RubyArray.java:1603)
    org.jruby.RubyArray$i$0$0$each.call(RubyArray$i$0$0$each.gen:65535)
    org.jruby.runtime.callsite.CachingCallSite.cacheAndCall(CachingCallSite.java:302)
    org.jruby.runtime.callsite.CachingCallSite.callBlock(CachingCallSite.java:144)
    org.jruby.runtime.callsite.CachingCallSite.callIter(CachingCallSite.java:153)
    org.jruby.ast.CallNoArgBlockNode.interpret(CallNoArgBlockNode.java:64)
    org.jruby.ast.NewlineNode.interpret(NewlineNode.java:104)
    org.jruby.ast.BlockNode.interpret(BlockNode.java:71)
    org.jruby.evaluator.ASTInterpreter.INTERPRET_METHOD(ASTInterpreter.java:75)
    org.jruby.internal.runtime.methods.InterpretedMethod.call(InterpretedMethod.java:190)
    org.jruby.internal.runtime.methods.DefaultMethod.call(DefaultMethod.java:179)
    org.jruby.runtime.callsite.CachingCallSite.cacheAndCall(CachingCallSite.java:312)
    org.jruby.runtime.callsite.CachingCallSite.call(CachingCallSite.java:169)
    org.jruby.ast.FCallOneArgNode.interpret(FCallOneArgNode.java:36)
    org.jruby.ast.NewlineNode.interpret(NewlineNode.java:104)
    org.jruby.ast.BlockNode.interpret(BlockNode.java:71)
    org.jruby.ast.RescueNode.executeBody(RescueNode.java:216)
    org.jruby.ast.RescueNode.interpretWithJavaExceptions(RescueNode.java:120)
    org.jruby.ast.RescueNode.interpret(RescueNode.java:110)
    org.jruby.evaluator.ASTInterpreter.INTERPRET_METHOD(ASTInterpreter.java:75)
    org.jruby.internal.runtime.methods.InterpretedMethod.call(InterpretedMethod.java:190)
    org.jruby.internal.runtime.methods.DefaultMethod.call(DefaultMethod.java:179)
    org.jruby.runtime.callsite.CachingCallSite.cacheAndCall(CachingCallSite.java:312)
    org.jruby.runtime.callsite.CachingCallSite.call(CachingCallSite.java:169)
    org.jruby.ast.CallOneArgNode.interpret(CallOneArgNode.java:57)
    org.jruby.ast.DAsgnNode.interpret(DAsgnNode.java:110)
    org.jruby.ast.NewlineNode.interpret(NewlineNode.java:104)
    org.jruby.ast.BlockNode.interpret(BlockNode.java:71)
    org.jruby.evaluator.ASTInterpreter.INTERPRET_BLOCK(ASTInterpreter.java:112)
    org.jruby.runtime.Interpreted19Block.evalBlockBody(Interpreted19Block.java:203)
    org.jruby.runtime.Interpreted19Block.yield(Interpreted19Block.java:191)
    org.jruby.runtime.Interpreted19Block.call(Interpreted19Block.java:122)
    org.jruby.runtime.Block.call(Block.java:89)
    org.jruby.RubyProc.call(RubyProc.java:274)
    org.jruby.RubyProc.call(RubyProc.java:233)
    org.jruby.Ruby.tearDown(Ruby.java:2739)
    org.jruby.Ruby.tearDown(Ruby.java:2726)
    org.jruby.Main.internalRun(Main.java:201)
    org.jruby.Main.run(Main.java:164)
    org.jruby.Main.run(Main.java:148)
    org.jruby.util.ShellLauncher$ScriptThreadProcess.run(ShellLauncher.java:140)
    java.lang.Thread.run(Thread.java:722)

 49) Error:
test: GridIO Content types should default to binary/octet-stream when type is unknown. (GridIOTest):
NameError: uninitialized constant GridIOTest::GridIO
    org/jruby/RubyModule.java:2569:in `const_missing'
    /home/guy/.rvm/gems/jruby-1.6.4/gems/rake-0.9.2/lib/rake/ext/module.rb:36:in `const_missing'
    /home/guy/my-dev/jmongo/test/grid_io_test.rb:198:in `__bind_1316531435_801000'
    org/jruby/RubyMethod.java:117:in `call'
    /home/guy/.rvm/gems/jruby-1.6.4/gems/shoulda-2.11.3/lib/shoulda/context.rb:382:in `create_test_from_should_hash'
    /home/guy/.rvm/gems/jruby-1.6.4/gems/shoulda-2.11.3/lib/shoulda/context.rb:378:in `create_test_from_should_hash'
    org/jruby/RubyBasicObject.java:1685:in `__send__'
    /home/guy/.rvm/gems/jruby-1.6.4/gems/mocha-0.10.0/lib/mocha/integration/mini_test/version_142_to_172.rb:27:in `run'
    /home/guy/.rvm/gems/jruby-1.6.4/gems/mocha-0.10.0/lib/mocha/integration/mini_test/version_142_to_172.rb:24:in `run'
    /home/guy/.rvm/gems/jruby-1.6.4/gems/mocha-0.10.0/lib/mocha/integration/mini_test/version_142_to_172.rb:23:in `run'

 50) Error:
test: GridIO Content types should use any provided content type by default. (GridIOTest):
NameError: uninitialized constant GridIOTest::GridIO
    org/jruby/RubyModule.java:2569:in `const_missing'
    /home/guy/.rvm/gems/jruby-1.6.4/gems/rake-0.9.2/lib/rake/ext/module.rb:36:in `const_missing'
    /home/guy/my-dev/jmongo/test/grid_io_test.rb:203:in `__bind_1316531435_806000'
    org/jruby/RubyMethod.java:117:in `call'
    /home/guy/.rvm/gems/jruby-1.6.4/gems/shoulda-2.11.3/lib/shoulda/context.rb:382:in `create_test_from_should_hash'
    /home/guy/.rvm/gems/jruby-1.6.4/gems/shoulda-2.11.3/lib/shoulda/context.rb:378:in `create_test_from_should_hash'
    org/jruby/RubyBasicObject.java:1685:in `__send__'
    /home/guy/.rvm/gems/jruby-1.6.4/gems/mocha-0.10.0/lib/mocha/integration/mini_test/version_142_to_172.rb:27:in `run'
    /home/guy/.rvm/gems/jruby-1.6.4/gems/mocha-0.10.0/lib/mocha/integration/mini_test/version_142_to_172.rb:24:in `run'
    /home/guy/.rvm/gems/jruby-1.6.4/gems/mocha-0.10.0/lib/mocha/integration/mini_test/version_142_to_172.rb:23:in `run'

 51) Error:
test: GridIO Grid MD5 check should raise an exception when check fails. (GridIOTest):
NameError: uninitialized constant GridIOTest::GridIO
    org/jruby/RubyModule.java:2569:in `const_missing'
    /home/guy/.rvm/gems/jruby-1.6.4/gems/rake-0.9.2/lib/rake/ext/module.rb:36:in `const_missing'
    /home/guy/my-dev/jmongo/test/grid_io_test.rb:177:in `__bind_1316531435_818000'
    org/jruby/RubyMethod.java:117:in `call'
    /home/guy/.rvm/gems/jruby-1.6.4/gems/shoulda-2.11.3/lib/shoulda/context.rb:382:in `create_test_from_should_hash'
    /home/guy/.rvm/gems/jruby-1.6.4/gems/shoulda-2.11.3/lib/shoulda/context.rb:378:in `create_test_from_should_hash'
    org/jruby/RubyBasicObject.java:1685:in `__send__'
    /home/guy/.rvm/gems/jruby-1.6.4/gems/mocha-0.10.0/lib/mocha/integration/mini_test/version_142_to_172.rb:27:in `run'
    /home/guy/.rvm/gems/jruby-1.6.4/gems/mocha-0.10.0/lib/mocha/integration/mini_test/version_142_to_172.rb:24:in `run'
    /home/guy/.rvm/gems/jruby-1.6.4/gems/mocha-0.10.0/lib/mocha/integration/mini_test/version_142_to_172.rb:23:in `run'

 52) Error:
test: GridIO Grid MD5 check should run in safe mode. (GridIOTest):
NameError: uninitialized constant GridIOTest::GridIO
    org/jruby/RubyModule.java:2569:in `const_missing'
    /home/guy/.rvm/gems/jruby-1.6.4/gems/rake-0.9.2/lib/rake/ext/module.rb:36:in `const_missing'
    /home/guy/my-dev/jmongo/test/grid_io_test.rb:160:in `__bind_1316531435_823000'
    org/jruby/RubyMethod.java:117:in `call'
    /home/guy/.rvm/gems/jruby-1.6.4/gems/shoulda-2.11.3/lib/shoulda/context.rb:382:in `create_test_from_should_hash'
    /home/guy/.rvm/gems/jruby-1.6.4/gems/shoulda-2.11.3/lib/shoulda/context.rb:378:in `create_test_from_should_hash'
    org/jruby/RubyBasicObject.java:1685:in `__send__'
    /home/guy/.rvm/gems/jruby-1.6.4/gems/mocha-0.10.0/lib/mocha/integration/mini_test/version_142_to_172.rb:27:in `run'
    /home/guy/.rvm/gems/jruby-1.6.4/gems/mocha-0.10.0/lib/mocha/integration/mini_test/version_142_to_172.rb:24:in `run'
    /home/guy/.rvm/gems/jruby-1.6.4/gems/mocha-0.10.0/lib/mocha/integration/mini_test/version_142_to_172.rb:23:in `run'

 53) Error:
test: GridIO Grid MD5 check should validate with a large file. (GridIOTest):
NameError: uninitialized constant GridIOTest::GridIO
    org/jruby/RubyModule.java:2569:in `const_missing'
    /home/guy/.rvm/gems/jruby-1.6.4/gems/rake-0.9.2/lib/rake/ext/module.rb:36:in `const_missing'
    /home/guy/my-dev/jmongo/test/grid_io_test.rb:168:in `__bind_1316531435_830000'
    org/jruby/RubyMethod.java:117:in `call'
    /home/guy/.rvm/gems/jruby-1.6.4/gems/shoulda-2.11.3/lib/shoulda/context.rb:382:in `create_test_from_should_hash'
    /home/guy/.rvm/gems/jruby-1.6.4/gems/shoulda-2.11.3/lib/shoulda/context.rb:378:in `create_test_from_should_hash'
    org/jruby/RubyBasicObject.java:1685:in `__send__'
    /home/guy/.rvm/gems/jruby-1.6.4/gems/mocha-0.10.0/lib/mocha/integration/mini_test/version_142_to_172.rb:27:in `run'
    /home/guy/.rvm/gems/jruby-1.6.4/gems/mocha-0.10.0/lib/mocha/integration/mini_test/version_142_to_172.rb:24:in `run'
    /home/guy/.rvm/gems/jruby-1.6.4/gems/mocha-0.10.0/lib/mocha/integration/mini_test/version_142_to_172.rb:23:in `run'

 54) Error:
test: GridIO Options should set chunk size. (GridIOTest):
NameError: uninitialized constant GridIOTest::GridIO
    org/jruby/RubyModule.java:2569:in `const_missing'
    /home/guy/.rvm/gems/jruby-1.6.4/gems/rake-0.9.2/lib/rake/ext/module.rb:36:in `const_missing'
    /home/guy/my-dev/jmongo/test/grid_io_test.rb:30:in `__bind_1316531435_837000'
    org/jruby/RubyMethod.java:117:in `call'
    /home/guy/.rvm/gems/jruby-1.6.4/gems/shoulda-2.11.3/lib/shoulda/context.rb:382:in `test: GridIO Options should set chunk size. '
    org/jruby/RubyBasicObject.java:1685:in `__send__'
    /home/guy/.rvm/gems/jruby-1.6.4/gems/mocha-0.10.0/lib/mocha/integration/mini_test/version_142_to_172.rb:27:in `run'
    /home/guy/.rvm/gems/jruby-1.6.4/gems/mocha-0.10.0/lib/mocha/integration/mini_test/version_142_to_172.rb:24:in `run'
    /home/guy/.rvm/gems/jruby-1.6.4/gems/mocha-0.10.0/lib/mocha/integration/mini_test/version_142_to_172.rb:23:in `run'

 55) Error:
test: GridIO Options should set default 256k chunk size. (GridIOTest):
NameError: uninitialized constant GridIOTest::GridIO
    org/jruby/RubyModule.java:2569:in `const_missing'
    /home/guy/.rvm/gems/jruby-1.6.4/gems/rake-0.9.2/lib/rake/ext/module.rb:36:in `const_missing'
    /home/guy/my-dev/jmongo/test/grid_io_test.rb:25:in `__bind_1316531435_841000'
    org/jruby/RubyMethod.java:117:in `call'
    /home/guy/.rvm/gems/jruby-1.6.4/gems/shoulda-2.11.3/lib/shoulda/context.rb:382:in `test: GridIO Options should set default 256k chunk size. '
    org/jruby/RubyBasicObject.java:1685:in `__send__'
    /home/guy/.rvm/gems/jruby-1.6.4/gems/mocha-0.10.0/lib/mocha/integration/mini_test/version_142_to_172.rb:27:in `run'
    /home/guy/.rvm/gems/jruby-1.6.4/gems/mocha-0.10.0/lib/mocha/integration/mini_test/version_142_to_172.rb:24:in `run'
    /home/guy/.rvm/gems/jruby-1.6.4/gems/mocha-0.10.0/lib/mocha/integration/mini_test/version_142_to_172.rb:23:in `run'

 56) Error:
test: GridIO Seeking should read all data using read_all and then be able to seek. (GridIOTest):
NameError: uninitialized constant GridIOTest::GridIO
    org/jruby/RubyModule.java:2569:in `const_missing'
    /home/guy/.rvm/gems/jruby-1.6.4/gems/rake-0.9.2/lib/rake/ext/module.rb:36:in `const_missing'
    /home/guy/my-dev/jmongo/test/grid_io_test.rb:130:in `__bind_1316531435_844000'
    org/jruby/RubyMethod.java:117:in `call'
    /home/guy/.rvm/gems/jruby-1.6.4/gems/shoulda-2.11.3/lib/shoulda/context.rb:400:in `run_current_setup_blocks'
    org/jruby/RubyArray.java:1603:in `each'
    /home/guy/.rvm/gems/jruby-1.6.4/gems/shoulda-2.11.3/lib/shoulda/context.rb:399:in `run_current_setup_blocks'
    /home/guy/.rvm/gems/jruby-1.6.4/gems/shoulda-2.11.3/lib/shoulda/context.rb:381:in `create_test_from_should_hash'
    /home/guy/.rvm/gems/jruby-1.6.4/gems/shoulda-2.11.3/lib/shoulda/context.rb:378:in `create_test_from_should_hash'
    org/jruby/RubyBasicObject.java:1685:in `__send__'
    /home/guy/.rvm/gems/jruby-1.6.4/gems/mocha-0.10.0/lib/mocha/integration/mini_test/version_142_to_172.rb:27:in `run'
    /home/guy/.rvm/gems/jruby-1.6.4/gems/mocha-0.10.0/lib/mocha/integration/mini_test/version_142_to_172.rb:24:in `run'
    /home/guy/.rvm/gems/jruby-1.6.4/gems/mocha-0.10.0/lib/mocha/integration/mini_test/version_142_to_172.rb:23:in `run'

 57) Error:
test: GridIO Seeking should read all data using read_length and then be able to seek. (GridIOTest):
NameError: uninitialized constant GridIOTest::GridIO
    org/jruby/RubyModule.java:2569:in `const_missing'
    /home/guy/.rvm/gems/jruby-1.6.4/gems/rake-0.9.2/lib/rake/ext/module.rb:36:in `const_missing'
    /home/guy/my-dev/jmongo/test/grid_io_test.rb:130:in `__bind_1316531435_848000'
    org/jruby/RubyMethod.java:117:in `call'
    /home/guy/.rvm/gems/jruby-1.6.4/gems/shoulda-2.11.3/lib/shoulda/context.rb:400:in `run_current_setup_blocks'
    org/jruby/RubyArray.java:1603:in `each'
    /home/guy/.rvm/gems/jruby-1.6.4/gems/shoulda-2.11.3/lib/shoulda/context.rb:399:in `run_current_setup_blocks'
    /home/guy/.rvm/gems/jruby-1.6.4/gems/shoulda-2.11.3/lib/shoulda/context.rb:381:in `create_test_from_should_hash'
    /home/guy/.rvm/gems/jruby-1.6.4/gems/shoulda-2.11.3/lib/shoulda/context.rb:378:in `create_test_from_should_hash'
    org/jruby/RubyBasicObject.java:1685:in `__send__'
    /home/guy/.rvm/gems/jruby-1.6.4/gems/mocha-0.10.0/lib/mocha/integration/mini_test/version_142_to_172.rb:27:in `run'
    /home/guy/.rvm/gems/jruby-1.6.4/gems/mocha-0.10.0/lib/mocha/integration/mini_test/version_142_to_172.rb:24:in `run'
    /home/guy/.rvm/gems/jruby-1.6.4/gems/mocha-0.10.0/lib/mocha/integration/mini_test/version_142_to_172.rb:23:in `run'

 58) Error:
test: GridIO StringIO methods should read a mult-character separator with a length. (GridIOTest):
NameError: uninitialized constant GridIOTest::GridIO
    org/jruby/RubyModule.java:2569:in `const_missing'
    /home/guy/.rvm/gems/jruby-1.6.4/gems/rake-0.9.2/lib/rake/ext/module.rb:36:in `const_missing'
    /home/guy/my-dev/jmongo/test/grid_io_test.rb:40:in `__bind_1316531435_852000'
    org/jruby/RubyMethod.java:117:in `call'
    /home/guy/.rvm/gems/jruby-1.6.4/gems/shoulda-2.11.3/lib/shoulda/context.rb:400:in `run_current_setup_blocks'
    org/jruby/RubyArray.java:1603:in `each'
    /home/guy/.rvm/gems/jruby-1.6.4/gems/shoulda-2.11.3/lib/shoulda/context.rb:399:in `run_current_setup_blocks'
    /home/guy/.rvm/gems/jruby-1.6.4/gems/shoulda-2.11.3/lib/shoulda/context.rb:381:in `create_test_from_should_hash'
    /home/guy/.rvm/gems/jruby-1.6.4/gems/shoulda-2.11.3/lib/shoulda/context.rb:378:in `create_test_from_should_hash'
    org/jruby/RubyBasicObject.java:1685:in `__send__'
    /home/guy/.rvm/gems/jruby-1.6.4/gems/mocha-0.10.0/lib/mocha/integration/mini_test/version_142_to_172.rb:27:in `run'
    /home/guy/.rvm/gems/jruby-1.6.4/gems/mocha-0.10.0/lib/mocha/integration/mini_test/version_142_to_172.rb:24:in `run'
    /home/guy/.rvm/gems/jruby-1.6.4/gems/mocha-0.10.0/lib/mocha/integration/mini_test/version_142_to_172.rb:23:in `run'

 59) Error:
test: GridIO StringIO methods should read a multi-character separator. (GridIOTest):
NameError: uninitialized constant GridIOTest::GridIO
    org/jruby/RubyModule.java:2569:in `const_missing'
    /home/guy/.rvm/gems/jruby-1.6.4/gems/rake-0.9.2/lib/rake/ext/module.rb:36:in `const_missing'
    /home/guy/my-dev/jmongo/test/grid_io_test.rb:40:in `__bind_1316531435_856000'
    org/jruby/RubyMethod.java:117:in `call'
    /home/guy/.rvm/gems/jruby-1.6.4/gems/shoulda-2.11.3/lib/shoulda/context.rb:400:in `run_current_setup_blocks'
    org/jruby/RubyArray.java:1603:in `each'
    /home/guy/.rvm/gems/jruby-1.6.4/gems/shoulda-2.11.3/lib/shoulda/context.rb:399:in `run_current_setup_blocks'
    /home/guy/.rvm/gems/jruby-1.6.4/gems/shoulda-2.11.3/lib/shoulda/context.rb:381:in `create_test_from_should_hash'
    /home/guy/.rvm/gems/jruby-1.6.4/gems/shoulda-2.11.3/lib/shoulda/context.rb:378:in `create_test_from_should_hash'
    org/jruby/RubyBasicObject.java:1685:in `__send__'
    /home/guy/.rvm/gems/jruby-1.6.4/gems/mocha-0.10.0/lib/mocha/integration/mini_test/version_142_to_172.rb:27:in `run'
    /home/guy/.rvm/gems/jruby-1.6.4/gems/mocha-0.10.0/lib/mocha/integration/mini_test/version_142_to_172.rb:24:in `run'
    /home/guy/.rvm/gems/jruby-1.6.4/gems/mocha-0.10.0/lib/mocha/integration/mini_test/version_142_to_172.rb:23:in `run'

 60) Error:
test: GridIO StringIO methods should read data character by character using. (GridIOTest):
NameError: uninitialized constant GridIOTest::GridIO
    org/jruby/RubyModule.java:2569:in `const_missing'
    /home/guy/.rvm/gems/jruby-1.6.4/gems/rake-0.9.2/lib/rake/ext/module.rb:36:in `const_missing'
    /home/guy/my-dev/jmongo/test/grid_io_test.rb:40:in `__bind_1316531435_860000'
    org/jruby/RubyMethod.java:117:in `call'
    /home/guy/.rvm/gems/jruby-1.6.4/gems/shoulda-2.11.3/lib/shoulda/context.rb:400:in `run_current_setup_blocks'
    org/jruby/RubyArray.java:1603:in `each'
    /home/guy/.rvm/gems/jruby-1.6.4/gems/shoulda-2.11.3/lib/shoulda/context.rb:399:in `run_current_setup_blocks'
    /home/guy/.rvm/gems/jruby-1.6.4/gems/shoulda-2.11.3/lib/shoulda/context.rb:381:in `test: GridIO StringIO methods should read data character by character using. '
    org/jruby/RubyBasicObject.java:1685:in `__send__'
    /home/guy/.rvm/gems/jruby-1.6.4/gems/mocha-0.10.0/lib/mocha/integration/mini_test/version_142_to_172.rb:27:in `run'
    /home/guy/.rvm/gems/jruby-1.6.4/gems/mocha-0.10.0/lib/mocha/integration/mini_test/version_142_to_172.rb:24:in `run'
    /home/guy/.rvm/gems/jruby-1.6.4/gems/mocha-0.10.0/lib/mocha/integration/mini_test/version_142_to_172.rb:23:in `run'

 61) Error:
test: GridIO StringIO methods should read length is a length is given. (GridIOTest):
NameError: uninitialized constant GridIOTest::GridIO
    org/jruby/RubyModule.java:2569:in `const_missing'
    /home/guy/.rvm/gems/jruby-1.6.4/gems/rake-0.9.2/lib/rake/ext/module.rb:36:in `const_missing'
    /home/guy/my-dev/jmongo/test/grid_io_test.rb:40:in `__bind_1316531435_863000'
    org/jruby/RubyMethod.java:117:in `call'
    /home/guy/.rvm/gems/jruby-1.6.4/gems/shoulda-2.11.3/lib/shoulda/context.rb:400:in `run_current_setup_blocks'
    org/jruby/RubyArray.java:1603:in `each'
    /home/guy/.rvm/gems/jruby-1.6.4/gems/shoulda-2.11.3/lib/shoulda/context.rb:399:in `run_current_setup_blocks'
    /home/guy/.rvm/gems/jruby-1.6.4/gems/shoulda-2.11.3/lib/shoulda/context.rb:381:in `test: GridIO StringIO methods should read length is a length is given. '
    org/jruby/RubyBasicObject.java:1685:in `__send__'
    /home/guy/.rvm/gems/jruby-1.6.4/gems/mocha-0.10.0/lib/mocha/integration/mini_test/version_142_to_172.rb:27:in `run'
    /home/guy/.rvm/gems/jruby-1.6.4/gems/mocha-0.10.0/lib/mocha/integration/mini_test/version_142_to_172.rb:24:in `run'
    /home/guy/.rvm/gems/jruby-1.6.4/gems/mocha-0.10.0/lib/mocha/integration/mini_test/version_142_to_172.rb:23:in `run'

 62) Error:
test: GridIO StringIO methods should read to a given separator. (GridIOTest):
NameError: uninitialized constant GridIOTest::GridIO
    org/jruby/RubyModule.java:2569:in `const_missing'
    /home/guy/.rvm/gems/jruby-1.6.4/gems/rake-0.9.2/lib/rake/ext/module.rb:36:in `const_missing'
    /home/guy/my-dev/jmongo/test/grid_io_test.rb:40:in `__bind_1316531435_867000'
    org/jruby/RubyMethod.java:117:in `call'
    /home/guy/.rvm/gems/jruby-1.6.4/gems/shoulda-2.11.3/lib/shoulda/context.rb:400:in `run_current_setup_blocks'
    org/jruby/RubyArray.java:1603:in `each'
    /home/guy/.rvm/gems/jruby-1.6.4/gems/shoulda-2.11.3/lib/shoulda/context.rb:399:in `run_current_setup_blocks'
    /home/guy/.rvm/gems/jruby-1.6.4/gems/shoulda-2.11.3/lib/shoulda/context.rb:381:in `create_test_from_should_hash'
    /home/guy/.rvm/gems/jruby-1.6.4/gems/shoulda-2.11.3/lib/shoulda/context.rb:378:in `create_test_from_should_hash'
    org/jruby/RubyBasicObject.java:1685:in `__send__'
    /home/guy/.rvm/gems/jruby-1.6.4/gems/mocha-0.10.0/lib/mocha/integration/mini_test/version_142_to_172.rb:27:in `run'
    /home/guy/.rvm/gems/jruby-1.6.4/gems/mocha-0.10.0/lib/mocha/integration/mini_test/version_142_to_172.rb:24:in `run'
    /home/guy/.rvm/gems/jruby-1.6.4/gems/mocha-0.10.0/lib/mocha/integration/mini_test/version_142_to_172.rb:23:in `run'

 63) Error:
test: GridIO StringIO methods should read to the end of the file one line at a time. (GridIOTest):
NameError: uninitialized constant GridIOTest::GridIO
    org/jruby/RubyModule.java:2569:in `const_missing'
    /home/guy/.rvm/gems/jruby-1.6.4/gems/rake-0.9.2/lib/rake/ext/module.rb:36:in `const_missing'
    /home/guy/my-dev/jmongo/test/grid_io_test.rb:40:in `__bind_1316531435_871000'
    org/jruby/RubyMethod.java:117:in `call'
    /home/guy/.rvm/gems/jruby-1.6.4/gems/shoulda-2.11.3/lib/shoulda/context.rb:400:in `run_current_setup_blocks'
    org/jruby/RubyArray.java:1603:in `each'
    /home/guy/.rvm/gems/jruby-1.6.4/gems/shoulda-2.11.3/lib/shoulda/context.rb:399:in `run_current_setup_blocks'
    /home/guy/.rvm/gems/jruby-1.6.4/gems/shoulda-2.11.3/lib/shoulda/context.rb:381:in `test: GridIO StringIO methods should read to the end of the file one line at a time. '
    org/jruby/RubyBasicObject.java:1685:in `__send__'
    /home/guy/.rvm/gems/jruby-1.6.4/gems/mocha-0.10.0/lib/mocha/integration/mini_test/version_142_to_172.rb:27:in `run'
    /home/guy/.rvm/gems/jruby-1.6.4/gems/mocha-0.10.0/lib/mocha/integration/mini_test/version_142_to_172.rb:24:in `run'
    /home/guy/.rvm/gems/jruby-1.6.4/gems/mocha-0.10.0/lib/mocha/integration/mini_test/version_142_to_172.rb:23:in `run'

 64) Error:
test: GridIO StringIO methods should read to the end of the file one multi-character separator at a time. (GridIOTest):
NameError: uninitialized constant GridIOTest::GridIO
    org/jruby/RubyModule.java:2569:in `const_missing'
    /home/guy/.rvm/gems/jruby-1.6.4/gems/rake-0.9.2/lib/rake/ext/module.rb:36:in `const_missing'
    /home/guy/my-dev/jmongo/test/grid_io_test.rb:40:in `__bind_1316531435_875000'
    org/jruby/RubyMethod.java:117:in `call'
    /home/guy/.rvm/gems/jruby-1.6.4/gems/shoulda-2.11.3/lib/shoulda/context.rb:400:in `run_current_setup_blocks'
    org/jruby/RubyArray.java:1603:in `each'
    /home/guy/.rvm/gems/jruby-1.6.4/gems/shoulda-2.11.3/lib/shoulda/context.rb:399:in `run_current_setup_blocks'
    /home/guy/.rvm/gems/jruby-1.6.4/gems/shoulda-2.11.3/lib/shoulda/context.rb:381:in `test: GridIO StringIO methods should read to the end of the file one multi-character separator at a time. '
    org/jruby/RubyBasicObject.java:1685:in `__send__'
    /home/guy/.rvm/gems/jruby-1.6.4/gems/mocha-0.10.0/lib/mocha/integration/mini_test/version_142_to_172.rb:27:in `run'
    /home/guy/.rvm/gems/jruby-1.6.4/gems/mocha-0.10.0/lib/mocha/integration/mini_test/version_142_to_172.rb:24:in `run'
    /home/guy/.rvm/gems/jruby-1.6.4/gems/mocha-0.10.0/lib/mocha/integration/mini_test/version_142_to_172.rb:23:in `run'

 65) Error:
test: GridIO StringIO methods should read to the end of the line by default and assign to $_. (GridIOTest):
NameError: uninitialized constant GridIOTest::GridIO
    org/jruby/RubyModule.java:2569:in `const_missing'
    /home/guy/.rvm/gems/jruby-1.6.4/gems/rake-0.9.2/lib/rake/ext/module.rb:36:in `const_missing'
    /home/guy/my-dev/jmongo/test/grid_io_test.rb:40:in `__bind_1316531435_878000'
    org/jruby/RubyMethod.java:117:in `call'
    /home/guy/.rvm/gems/jruby-1.6.4/gems/shoulda-2.11.3/lib/shoulda/context.rb:400:in `run_current_setup_blocks'
    org/jruby/RubyArray.java:1603:in `each'
    /home/guy/.rvm/gems/jruby-1.6.4/gems/shoulda-2.11.3/lib/shoulda/context.rb:399:in `run_current_setup_blocks'
    /home/guy/.rvm/gems/jruby-1.6.4/gems/shoulda-2.11.3/lib/shoulda/context.rb:381:in `test: GridIO StringIO methods should read to the end of the line by default and assign to $_. '
    org/jruby/RubyBasicObject.java:1685:in `__send__'
    /home/guy/.rvm/gems/jruby-1.6.4/gems/mocha-0.10.0/lib/mocha/integration/mini_test/version_142_to_172.rb:27:in `run'
    /home/guy/.rvm/gems/jruby-1.6.4/gems/mocha-0.10.0/lib/mocha/integration/mini_test/version_142_to_172.rb:24:in `run'
    /home/guy/.rvm/gems/jruby-1.6.4/gems/mocha-0.10.0/lib/mocha/integration/mini_test/version_142_to_172.rb:23:in `run'

 66) Error:
test: GridIO StringIO methods should tell position, eof, and rewind. (GridIOTest):
NameError: uninitialized constant GridIOTest::GridIO
    org/jruby/RubyModule.java:2569:in `const_missing'
    /home/guy/.rvm/gems/jruby-1.6.4/gems/rake-0.9.2/lib/rake/ext/module.rb:36:in `const_missing'
    /home/guy/my-dev/jmongo/test/grid_io_test.rb:40:in `__bind_1316531435_883000'
    org/jruby/RubyMethod.java:117:in `call'
    /home/guy/.rvm/gems/jruby-1.6.4/gems/shoulda-2.11.3/lib/shoulda/context.rb:400:in `run_current_setup_blocks'
    org/jruby/RubyArray.java:1603:in `each'
    /home/guy/.rvm/gems/jruby-1.6.4/gems/shoulda-2.11.3/lib/shoulda/context.rb:399:in `run_current_setup_blocks'
    /home/guy/.rvm/gems/jruby-1.6.4/gems/shoulda-2.11.3/lib/shoulda/context.rb:381:in `create_test_from_should_hash'
    /home/guy/.rvm/gems/jruby-1.6.4/gems/shoulda-2.11.3/lib/shoulda/context.rb:378:in `create_test_from_should_hash'
    org/jruby/RubyBasicObject.java:1685:in `__send__'
    /home/guy/.rvm/gems/jruby-1.6.4/gems/mocha-0.10.0/lib/mocha/integration/mini_test/version_142_to_172.rb:27:in `run'
    /home/guy/.rvm/gems/jruby-1.6.4/gems/mocha-0.10.0/lib/mocha/integration/mini_test/version_142_to_172.rb:24:in `run'
    /home/guy/.rvm/gems/jruby-1.6.4/gems/mocha-0.10.0/lib/mocha/integration/mini_test/version_142_to_172.rb:23:in `run'

 67) Error:
test: Tests: A basic grid-stored file should check existence. (GridTest):
NameError: uninitialized constant GridTest::Grid
    org/jruby/RubyModule.java:2569:in `const_missing'
    /home/guy/.rvm/gems/jruby-1.6.4/gems/rake-0.9.2/lib/rake/ext/module.rb:36:in `const_missing'
    /home/guy/my-dev/jmongo/test/grid_test.rb:52:in `__bind_1316531435_888000'
    org/jruby/RubyMethod.java:117:in `call'
    /home/guy/.rvm/gems/jruby-1.6.4/gems/shoulda-2.11.3/lib/shoulda/context.rb:400:in `run_current_setup_blocks'
    org/jruby/RubyArray.java:1603:in `each'
    /home/guy/.rvm/gems/jruby-1.6.4/gems/shoulda-2.11.3/lib/shoulda/context.rb:399:in `run_current_setup_blocks'
    /home/guy/.rvm/gems/jruby-1.6.4/gems/shoulda-2.11.3/lib/shoulda/context.rb:381:in `create_test_from_should_hash'
    /home/guy/.rvm/gems/jruby-1.6.4/gems/shoulda-2.11.3/lib/shoulda/context.rb:378:in `create_test_from_should_hash'
    org/jruby/RubyBasicObject.java:1685:in `__send__'
    /home/guy/.rvm/gems/jruby-1.6.4/gems/mocha-0.10.0/lib/mocha/integration/mini_test/version_142_to_172.rb:27:in `run'
    /home/guy/.rvm/gems/jruby-1.6.4/gems/mocha-0.10.0/lib/mocha/integration/mini_test/version_142_to_172.rb:24:in `run'
    /home/guy/.rvm/gems/jruby-1.6.4/gems/mocha-0.10.0/lib/mocha/integration/mini_test/version_142_to_172.rb:23:in `run'

 68) Error:
test: Tests: A basic grid-stored file should delete the file and any chunks. (GridTest):
NameError: uninitialized constant GridTest::Grid
    org/jruby/RubyModule.java:2569:in `const_missing'
    /home/guy/.rvm/gems/jruby-1.6.4/gems/rake-0.9.2/lib/rake/ext/module.rb:36:in `const_missing'
    /home/guy/my-dev/jmongo/test/grid_test.rb:52:in `__bind_1316531435_891000'
    org/jruby/RubyMethod.java:117:in `call'
    /home/guy/.rvm/gems/jruby-1.6.4/gems/shoulda-2.11.3/lib/shoulda/context.rb:400:in `run_current_setup_blocks'
    org/jruby/RubyArray.java:1603:in `each'
    /home/guy/.rvm/gems/jruby-1.6.4/gems/shoulda-2.11.3/lib/shoulda/context.rb:399:in `run_current_setup_blocks'
    /home/guy/.rvm/gems/jruby-1.6.4/gems/shoulda-2.11.3/lib/shoulda/context.rb:381:in `create_test_from_should_hash'
    /home/guy/.rvm/gems/jruby-1.6.4/gems/shoulda-2.11.3/lib/shoulda/context.rb:378:in `create_test_from_should_hash'
    org/jruby/RubyBasicObject.java:1685:in `__send__'
    /home/guy/.rvm/gems/jruby-1.6.4/gems/mocha-0.10.0/lib/mocha/integration/mini_test/version_142_to_172.rb:27:in `run'
    /home/guy/.rvm/gems/jruby-1.6.4/gems/mocha-0.10.0/lib/mocha/integration/mini_test/version_142_to_172.rb:24:in `run'
    /home/guy/.rvm/gems/jruby-1.6.4/gems/mocha-0.10.0/lib/mocha/integration/mini_test/version_142_to_172.rb:23:in `run'

 69) Error:
test: Tests: A basic grid-stored file should have a unique index on chunks. (GridTest):
NameError: uninitialized constant GridTest::Grid
    org/jruby/RubyModule.java:2569:in `const_missing'
    /home/guy/.rvm/gems/jruby-1.6.4/gems/rake-0.9.2/lib/rake/ext/module.rb:36:in `const_missing'
    /home/guy/my-dev/jmongo/test/grid_test.rb:52:in `__bind_1316531435_894000'
    org/jruby/RubyMethod.java:117:in `call'
    /home/guy/.rvm/gems/jruby-1.6.4/gems/shoulda-2.11.3/lib/shoulda/context.rb:400:in `run_current_setup_blocks'
    org/jruby/RubyArray.java:1603:in `each'
    /home/guy/.rvm/gems/jruby-1.6.4/gems/shoulda-2.11.3/lib/shoulda/context.rb:399:in `run_current_setup_blocks'
    /home/guy/.rvm/gems/jruby-1.6.4/gems/shoulda-2.11.3/lib/shoulda/context.rb:381:in `create_test_from_should_hash'
    /home/guy/.rvm/gems/jruby-1.6.4/gems/shoulda-2.11.3/lib/shoulda/context.rb:378:in `create_test_from_should_hash'
    org/jruby/RubyBasicObject.java:1685:in `__send__'
    /home/guy/.rvm/gems/jruby-1.6.4/gems/mocha-0.10.0/lib/mocha/integration/mini_test/version_142_to_172.rb:27:in `run'
    /home/guy/.rvm/gems/jruby-1.6.4/gems/mocha-0.10.0/lib/mocha/integration/mini_test/version_142_to_172.rb:24:in `run'
    /home/guy/.rvm/gems/jruby-1.6.4/gems/mocha-0.10.0/lib/mocha/integration/mini_test/version_142_to_172.rb:23:in `run'

 70) Error:
test: Tests: A basic grid-stored file should not be able to overwrite an exising file. (GridTest):
NameError: uninitialized constant GridTest::Grid
    org/jruby/RubyModule.java:2569:in `const_missing'
    /home/guy/.rvm/gems/jruby-1.6.4/gems/rake-0.9.2/lib/rake/ext/module.rb:36:in `const_missing'
    /home/guy/my-dev/jmongo/test/grid_test.rb:52:in `__bind_1316531435_901000'
    org/jruby/RubyMethod.java:117:in `call'
    /home/guy/.rvm/gems/jruby-1.6.4/gems/shoulda-2.11.3/lib/shoulda/context.rb:400:in `run_current_setup_blocks'
    org/jruby/RubyArray.java:1603:in `each'
    /home/guy/.rvm/gems/jruby-1.6.4/gems/shoulda-2.11.3/lib/shoulda/context.rb:399:in `run_current_setup_blocks'
    /home/guy/.rvm/gems/jruby-1.6.4/gems/shoulda-2.11.3/lib/shoulda/context.rb:381:in `create_test_from_should_hash'
    /home/guy/.rvm/gems/jruby-1.6.4/gems/shoulda-2.11.3/lib/shoulda/context.rb:378:in `create_test_from_should_hash'
    org/jruby/RubyBasicObject.java:1685:in `__send__'
    /home/guy/.rvm/gems/jruby-1.6.4/gems/mocha-0.10.0/lib/mocha/integration/mini_test/version_142_to_172.rb:27:in `run'
    /home/guy/.rvm/gems/jruby-1.6.4/gems/mocha-0.10.0/lib/mocha/integration/mini_test/version_142_to_172.rb:24:in `run'
    /home/guy/.rvm/gems/jruby-1.6.4/gems/mocha-0.10.0/lib/mocha/integration/mini_test/version_142_to_172.rb:23:in `run'

 71) Error:
test: Tests: A basic grid-stored file should retrieve the stored data. (GridTest):
NameError: uninitialized constant GridTest::Grid
    org/jruby/RubyModule.java:2569:in `const_missing'
    /home/guy/.rvm/gems/jruby-1.6.4/gems/rake-0.9.2/lib/rake/ext/module.rb:36:in `const_missing'
    /home/guy/my-dev/jmongo/test/grid_test.rb:52:in `__bind_1316531435_907000'
    org/jruby/RubyMethod.java:117:in `call'
    /home/guy/.rvm/gems/jruby-1.6.4/gems/shoulda-2.11.3/lib/shoulda/context.rb:400:in `run_current_setup_blocks'
    org/jruby/RubyArray.java:1603:in `each'
    /home/guy/.rvm/gems/jruby-1.6.4/gems/shoulda-2.11.3/lib/shoulda/context.rb:399:in `run_current_setup_blocks'
    /home/guy/.rvm/gems/jruby-1.6.4/gems/shoulda-2.11.3/lib/shoulda/context.rb:381:in `create_test_from_should_hash'
    /home/guy/.rvm/gems/jruby-1.6.4/gems/shoulda-2.11.3/lib/shoulda/context.rb:378:in `create_test_from_should_hash'
    org/jruby/RubyBasicObject.java:1685:in `__send__'
    /home/guy/.rvm/gems/jruby-1.6.4/gems/mocha-0.10.0/lib/mocha/integration/mini_test/version_142_to_172.rb:27:in `run'
    /home/guy/.rvm/gems/jruby-1.6.4/gems/mocha-0.10.0/lib/mocha/integration/mini_test/version_142_to_172.rb:24:in `run'
    /home/guy/.rvm/gems/jruby-1.6.4/gems/mocha-0.10.0/lib/mocha/integration/mini_test/version_142_to_172.rb:23:in `run'

 72) Error:
test: Tests: A basic grid-stored file should return nil if it doesn't exist. (GridTest):
NameError: uninitialized constant GridTest::Grid
    org/jruby/RubyModule.java:2569:in `const_missing'
    /home/guy/.rvm/gems/jruby-1.6.4/gems/rake-0.9.2/lib/rake/ext/module.rb:36:in `const_missing'
    /home/guy/my-dev/jmongo/test/grid_test.rb:52:in `__bind_1316531435_914000'
    org/jruby/RubyMethod.java:117:in `call'
    /home/guy/.rvm/gems/jruby-1.6.4/gems/shoulda-2.11.3/lib/shoulda/context.rb:400:in `run_current_setup_blocks'
    org/jruby/RubyArray.java:1603:in `each'
    /home/guy/.rvm/gems/jruby-1.6.4/gems/shoulda-2.11.3/lib/shoulda/context.rb:399:in `run_current_setup_blocks'
    /home/guy/.rvm/gems/jruby-1.6.4/gems/shoulda-2.11.3/lib/shoulda/context.rb:381:in `create_test_from_should_hash'
    /home/guy/.rvm/gems/jruby-1.6.4/gems/shoulda-2.11.3/lib/shoulda/context.rb:378:in `create_test_from_should_hash'
    org/jruby/RubyBasicObject.java:1685:in `__send__'
    /home/guy/.rvm/gems/jruby-1.6.4/gems/mocha-0.10.0/lib/mocha/integration/mini_test/version_142_to_172.rb:27:in `run'
    /home/guy/.rvm/gems/jruby-1.6.4/gems/mocha-0.10.0/lib/mocha/integration/mini_test/version_142_to_172.rb:24:in `run'
    /home/guy/.rvm/gems/jruby-1.6.4/gems/mocha-0.10.0/lib/mocha/integration/mini_test/version_142_to_172.rb:23:in `run'

 73) Error:
test: Tests: A basic grid-stored file should store any relevant metadata. (GridTest):
NameError: uninitialized constant GridTest::Grid
    org/jruby/RubyModule.java:2569:in `const_missing'
    /home/guy/.rvm/gems/jruby-1.6.4/gems/rake-0.9.2/lib/rake/ext/module.rb:36:in `const_missing'
    /home/guy/my-dev/jmongo/test/grid_test.rb:52:in `__bind_1316531435_917000'
    org/jruby/RubyMethod.java:117:in `call'
    /home/guy/.rvm/gems/jruby-1.6.4/gems/shoulda-2.11.3/lib/shoulda/context.rb:400:in `run_current_setup_blocks'
    org/jruby/RubyArray.java:1603:in `each'
    /home/guy/.rvm/gems/jruby-1.6.4/gems/shoulda-2.11.3/lib/shoulda/context.rb:399:in `run_current_setup_blocks'
    /home/guy/.rvm/gems/jruby-1.6.4/gems/shoulda-2.11.3/lib/shoulda/context.rb:381:in `create_test_from_should_hash'
    /home/guy/.rvm/gems/jruby-1.6.4/gems/shoulda-2.11.3/lib/shoulda/context.rb:378:in `create_test_from_should_hash'
    org/jruby/RubyBasicObject.java:1685:in `__send__'
    /home/guy/.rvm/gems/jruby-1.6.4/gems/mocha-0.10.0/lib/mocha/integration/mini_test/version_142_to_172.rb:27:in `run'
    /home/guy/.rvm/gems/jruby-1.6.4/gems/mocha-0.10.0/lib/mocha/integration/mini_test/version_142_to_172.rb:24:in `run'
    /home/guy/.rvm/gems/jruby-1.6.4/gems/mocha-0.10.0/lib/mocha/integration/mini_test/version_142_to_172.rb:23:in `run'

 74) Error:
test: Tests: A basic grid-stored file should store the filename. (GridTest):
NameError: uninitialized constant GridTest::Grid
    org/jruby/RubyModule.java:2569:in `const_missing'
    /home/guy/.rvm/gems/jruby-1.6.4/gems/rake-0.9.2/lib/rake/ext/module.rb:36:in `const_missing'
    /home/guy/my-dev/jmongo/test/grid_test.rb:52:in `__bind_1316531435_920000'
    org/jruby/RubyMethod.java:117:in `call'
    /home/guy/.rvm/gems/jruby-1.6.4/gems/shoulda-2.11.3/lib/shoulda/context.rb:400:in `run_current_setup_blocks'
    org/jruby/RubyArray.java:1603:in `each'
    /home/guy/.rvm/gems/jruby-1.6.4/gems/shoulda-2.11.3/lib/shoulda/context.rb:399:in `run_current_setup_blocks'
    /home/guy/.rvm/gems/jruby-1.6.4/gems/shoulda-2.11.3/lib/shoulda/context.rb:381:in `create_test_from_should_hash'
    /home/guy/.rvm/gems/jruby-1.6.4/gems/shoulda-2.11.3/lib/shoulda/context.rb:378:in `create_test_from_should_hash'
    org/jruby/RubyBasicObject.java:1685:in `__send__'
    /home/guy/.rvm/gems/jruby-1.6.4/gems/mocha-0.10.0/lib/mocha/integration/mini_test/version_142_to_172.rb:27:in `run'
    /home/guy/.rvm/gems/jruby-1.6.4/gems/mocha-0.10.0/lib/mocha/integration/mini_test/version_142_to_172.rb:24:in `run'
    /home/guy/.rvm/gems/jruby-1.6.4/gems/mocha-0.10.0/lib/mocha/integration/mini_test/version_142_to_172.rb:23:in `run'

 75) Error:
test: Tests: A one-chunk grid-stored file should retrieve the file. (GridTest):
NameError: uninitialized constant GridTest::Grid
    org/jruby/RubyModule.java:2569:in `const_missing'
    /home/guy/.rvm/gems/jruby-1.6.4/gems/rake-0.9.2/lib/rake/ext/module.rb:36:in `const_missing'
    /home/guy/my-dev/jmongo/test/grid_test.rb:37:in `__bind_1316531435_923000'
    org/jruby/RubyMethod.java:117:in `call'
    /home/guy/.rvm/gems/jruby-1.6.4/gems/shoulda-2.11.3/lib/shoulda/context.rb:400:in `run_current_setup_blocks'
    org/jruby/RubyArray.java:1603:in `each'
    /home/guy/.rvm/gems/jruby-1.6.4/gems/shoulda-2.11.3/lib/shoulda/context.rb:399:in `run_current_setup_blocks'
    /home/guy/.rvm/gems/jruby-1.6.4/gems/shoulda-2.11.3/lib/shoulda/context.rb:381:in `create_test_from_should_hash'
    /home/guy/.rvm/gems/jruby-1.6.4/gems/shoulda-2.11.3/lib/shoulda/context.rb:378:in `create_test_from_should_hash'
    org/jruby/RubyBasicObject.java:1685:in `__send__'
    /home/guy/.rvm/gems/jruby-1.6.4/gems/mocha-0.10.0/lib/mocha/integration/mini_test/version_142_to_172.rb:27:in `run'
    /home/guy/.rvm/gems/jruby-1.6.4/gems/mocha-0.10.0/lib/mocha/integration/mini_test/version_142_to_172.rb:24:in `run'
    /home/guy/.rvm/gems/jruby-1.6.4/gems/mocha-0.10.0/lib/mocha/integration/mini_test/version_142_to_172.rb:23:in `run'

 76) Error:
test: Tests: Filename not required should store the file with the old filename api. (GridTest):
NameError: uninitialized constant GridTest::Grid
    org/jruby/RubyModule.java:2569:in `const_missing'
    /home/guy/.rvm/gems/jruby-1.6.4/gems/rake-0.9.2/lib/rake/ext/module.rb:36:in `const_missing'
    /home/guy/my-dev/jmongo/test/grid_test.rb:103:in `__bind_1316531435_925000'
    org/jruby/RubyMethod.java:117:in `call'
    /home/guy/.rvm/gems/jruby-1.6.4/gems/shoulda-2.11.3/lib/shoulda/context.rb:400:in `run_current_setup_blocks'
    org/jruby/RubyArray.java:1603:in `each'
    /home/guy/.rvm/gems/jruby-1.6.4/gems/shoulda-2.11.3/lib/shoulda/context.rb:399:in `run_current_setup_blocks'
    /home/guy/.rvm/gems/jruby-1.6.4/gems/shoulda-2.11.3/lib/shoulda/context.rb:381:in `create_test_from_should_hash'
    /home/guy/.rvm/gems/jruby-1.6.4/gems/shoulda-2.11.3/lib/shoulda/context.rb:378:in `create_test_from_should_hash'
    org/jruby/RubyBasicObject.java:1685:in `__send__'
    /home/guy/.rvm/gems/jruby-1.6.4/gems/mocha-0.10.0/lib/mocha/integration/mini_test/version_142_to_172.rb:27:in `run'
    /home/guy/.rvm/gems/jruby-1.6.4/gems/mocha-0.10.0/lib/mocha/integration/mini_test/version_142_to_172.rb:24:in `run'
    /home/guy/.rvm/gems/jruby-1.6.4/gems/mocha-0.10.0/lib/mocha/integration/mini_test/version_142_to_172.rb:23:in `run'

 77) Error:
test: Tests: Filename not required should store with filename and metadata with the new api. (GridTest):
NameError: uninitialized constant GridTest::Grid
    org/jruby/RubyModule.java:2569:in `const_missing'
    /home/guy/.rvm/gems/jruby-1.6.4/gems/rake-0.9.2/lib/rake/ext/module.rb:36:in `const_missing'
    /home/guy/my-dev/jmongo/test/grid_test.rb:103:in `__bind_1316531435_928000'
    org/jruby/RubyMethod.java:117:in `call'
    /home/guy/.rvm/gems/jruby-1.6.4/gems/shoulda-2.11.3/lib/shoulda/context.rb:400:in `run_current_setup_blocks'
    org/jruby/RubyArray.java:1603:in `each'
    /home/guy/.rvm/gems/jruby-1.6.4/gems/shoulda-2.11.3/lib/shoulda/context.rb:399:in `run_current_setup_blocks'
    /home/guy/.rvm/gems/jruby-1.6.4/gems/shoulda-2.11.3/lib/shoulda/context.rb:381:in `create_test_from_should_hash'
    /home/guy/.rvm/gems/jruby-1.6.4/gems/shoulda-2.11.3/lib/shoulda/context.rb:378:in `create_test_from_should_hash'
    org/jruby/RubyBasicObject.java:1685:in `__send__'
    /home/guy/.rvm/gems/jruby-1.6.4/gems/mocha-0.10.0/lib/mocha/integration/mini_test/version_142_to_172.rb:27:in `run'
    /home/guy/.rvm/gems/jruby-1.6.4/gems/mocha-0.10.0/lib/mocha/integration/mini_test/version_142_to_172.rb:24:in `run'
    /home/guy/.rvm/gems/jruby-1.6.4/gems/mocha-0.10.0/lib/mocha/integration/mini_test/version_142_to_172.rb:23:in `run'

 78) Error:
test: Tests: Filename not required should store without a filename. (GridTest):
NameError: uninitialized constant GridTest::Grid
    org/jruby/RubyModule.java:2569:in `const_missing'
    /home/guy/.rvm/gems/jruby-1.6.4/gems/rake-0.9.2/lib/rake/ext/module.rb:36:in `const_missing'
    /home/guy/my-dev/jmongo/test/grid_test.rb:103:in `__bind_1316531435_931000'
    org/jruby/RubyMethod.java:117:in `call'
    /home/guy/.rvm/gems/jruby-1.6.4/gems/shoulda-2.11.3/lib/shoulda/context.rb:400:in `run_current_setup_blocks'
    org/jruby/RubyArray.java:1603:in `each'
    /home/guy/.rvm/gems/jruby-1.6.4/gems/shoulda-2.11.3/lib/shoulda/context.rb:399:in `run_current_setup_blocks'
    /home/guy/.rvm/gems/jruby-1.6.4/gems/shoulda-2.11.3/lib/shoulda/context.rb:381:in `create_test_from_should_hash'
    /home/guy/.rvm/gems/jruby-1.6.4/gems/shoulda-2.11.3/lib/shoulda/context.rb:378:in `create_test_from_should_hash'
    org/jruby/RubyBasicObject.java:1685:in `__send__'
    /home/guy/.rvm/gems/jruby-1.6.4/gems/mocha-0.10.0/lib/mocha/integration/mini_test/version_142_to_172.rb:27:in `run'
    /home/guy/.rvm/gems/jruby-1.6.4/gems/mocha-0.10.0/lib/mocha/integration/mini_test/version_142_to_172.rb:24:in `run'
    /home/guy/.rvm/gems/jruby-1.6.4/gems/mocha-0.10.0/lib/mocha/integration/mini_test/version_142_to_172.rb:23:in `run'

 79) Error:
test: Tests: Grid streaming an empty file: should be equal in length. (GridTest):
NameError: uninitialized constant GridTest::Grid
    org/jruby/RubyModule.java:2569:in `const_missing'
    /home/guy/.rvm/gems/jruby-1.6.4/gems/rake-0.9.2/lib/rake/ext/module.rb:36:in `const_missing'
    /home/guy/my-dev/jmongo/test/grid_test.rb:201:in `__bind_1316531435_935000'
    org/jruby/RubyMethod.java:117:in `call'
    /home/guy/.rvm/gems/jruby-1.6.4/gems/shoulda-2.11.3/lib/shoulda/context.rb:400:in `run_current_setup_blocks'
    org/jruby/RubyArray.java:1603:in `each'
    /home/guy/.rvm/gems/jruby-1.6.4/gems/shoulda-2.11.3/lib/shoulda/context.rb:399:in `run_current_setup_blocks'
    /home/guy/.rvm/gems/jruby-1.6.4/gems/shoulda-2.11.3/lib/shoulda/context.rb:381:in `create_test_from_should_hash'
    /home/guy/.rvm/gems/jruby-1.6.4/gems/shoulda-2.11.3/lib/shoulda/context.rb:378:in `create_test_from_should_hash'
    org/jruby/RubyBasicObject.java:1685:in `__send__'
    /home/guy/.rvm/gems/jruby-1.6.4/gems/mocha-0.10.0/lib/mocha/integration/mini_test/version_142_to_172.rb:27:in `run'
    /home/guy/.rvm/gems/jruby-1.6.4/gems/mocha-0.10.0/lib/mocha/integration/mini_test/version_142_to_172.rb:24:in `run'
    /home/guy/.rvm/gems/jruby-1.6.4/gems/mocha-0.10.0/lib/mocha/integration/mini_test/version_142_to_172.rb:23:in `run'

 80) Error:
test: Tests: Grid streaming an empty file: should read the file if no block is given. (GridTest):
NameError: uninitialized constant GridTest::Grid
    org/jruby/RubyModule.java:2569:in `const_missing'
    /home/guy/.rvm/gems/jruby-1.6.4/gems/rake-0.9.2/lib/rake/ext/module.rb:36:in `const_missing'
    /home/guy/my-dev/jmongo/test/grid_test.rb:201:in `__bind_1316531435_940000'
    org/jruby/RubyMethod.java:117:in `call'
    /home/guy/.rvm/gems/jruby-1.6.4/gems/shoulda-2.11.3/lib/shoulda/context.rb:400:in `run_current_setup_blocks'
    org/jruby/RubyArray.java:1603:in `each'
    /home/guy/.rvm/gems/jruby-1.6.4/gems/shoulda-2.11.3/lib/shoulda/context.rb:399:in `run_current_setup_blocks'
    /home/guy/.rvm/gems/jruby-1.6.4/gems/shoulda-2.11.3/lib/shoulda/context.rb:381:in `create_test_from_should_hash'
    /home/guy/.rvm/gems/jruby-1.6.4/gems/shoulda-2.11.3/lib/shoulda/context.rb:378:in `create_test_from_should_hash'
    org/jruby/RubyBasicObject.java:1685:in `__send__'
    /home/guy/.rvm/gems/jruby-1.6.4/gems/mocha-0.10.0/lib/mocha/integration/mini_test/version_142_to_172.rb:27:in `run'
    /home/guy/.rvm/gems/jruby-1.6.4/gems/mocha-0.10.0/lib/mocha/integration/mini_test/version_142_to_172.rb:24:in `run'
    /home/guy/.rvm/gems/jruby-1.6.4/gems/mocha-0.10.0/lib/mocha/integration/mini_test/version_142_to_172.rb:23:in `run'

 81) Error:
test: Tests: Grid streaming an empty file: should read the file. (GridTest):
NameError: uninitialized constant GridTest::Grid
    org/jruby/RubyModule.java:2569:in `const_missing'
    /home/guy/.rvm/gems/jruby-1.6.4/gems/rake-0.9.2/lib/rake/ext/module.rb:36:in `const_missing'
    /home/guy/my-dev/jmongo/test/grid_test.rb:201:in `__bind_1316531435_943000'
    org/jruby/RubyMethod.java:117:in `call'
    /home/guy/.rvm/gems/jruby-1.6.4/gems/shoulda-2.11.3/lib/shoulda/context.rb:400:in `run_current_setup_blocks'
    org/jruby/RubyArray.java:1603:in `each'
    /home/guy/.rvm/gems/jruby-1.6.4/gems/shoulda-2.11.3/lib/shoulda/context.rb:399:in `run_current_setup_blocks'
    /home/guy/.rvm/gems/jruby-1.6.4/gems/shoulda-2.11.3/lib/shoulda/context.rb:381:in `create_test_from_should_hash'
    /home/guy/.rvm/gems/jruby-1.6.4/gems/shoulda-2.11.3/lib/shoulda/context.rb:378:in `create_test_from_should_hash'
    org/jruby/RubyBasicObject.java:1685:in `__send__'
    /home/guy/.rvm/gems/jruby-1.6.4/gems/mocha-0.10.0/lib/mocha/integration/mini_test/version_142_to_172.rb:27:in `run'
    /home/guy/.rvm/gems/jruby-1.6.4/gems/mocha-0.10.0/lib/mocha/integration/mini_test/version_142_to_172.rb:24:in `run'
    /home/guy/.rvm/gems/jruby-1.6.4/gems/mocha-0.10.0/lib/mocha/integration/mini_test/version_142_to_172.rb:23:in `run'

 82) Error:
test: Tests: Grid streaming: should be equal in length. (GridTest):
NameError: uninitialized constant GridTest::Grid
    org/jruby/RubyModule.java:2569:in `const_missing'
    /home/guy/.rvm/gems/jruby-1.6.4/gems/rake-0.9.2/lib/rake/ext/module.rb:36:in `const_missing'
    /home/guy/my-dev/jmongo/test/grid_test.rb:168:in `__bind_1316531435_946000'
    org/jruby/RubyMethod.java:117:in `call'
    /home/guy/.rvm/gems/jruby-1.6.4/gems/shoulda-2.11.3/lib/shoulda/context.rb:400:in `run_current_setup_blocks'
    org/jruby/RubyArray.java:1603:in `each'
    /home/guy/.rvm/gems/jruby-1.6.4/gems/shoulda-2.11.3/lib/shoulda/context.rb:399:in `run_current_setup_blocks'
    /home/guy/.rvm/gems/jruby-1.6.4/gems/shoulda-2.11.3/lib/shoulda/context.rb:381:in `create_test_from_should_hash'
    /home/guy/.rvm/gems/jruby-1.6.4/gems/shoulda-2.11.3/lib/shoulda/context.rb:378:in `create_test_from_should_hash'
    org/jruby/RubyBasicObject.java:1685:in `__send__'
    /home/guy/.rvm/gems/jruby-1.6.4/gems/mocha-0.10.0/lib/mocha/integration/mini_test/version_142_to_172.rb:27:in `run'
    /home/guy/.rvm/gems/jruby-1.6.4/gems/mocha-0.10.0/lib/mocha/integration/mini_test/version_142_to_172.rb:24:in `run'
    /home/guy/.rvm/gems/jruby-1.6.4/gems/mocha-0.10.0/lib/mocha/integration/mini_test/version_142_to_172.rb:23:in `run'

 83) Error:
test: Tests: Grid streaming: should read the file if no block is given. (GridTest):
NameError: uninitialized constant GridTest::Grid
    org/jruby/RubyModule.java:2569:in `const_missing'
    /home/guy/.rvm/gems/jruby-1.6.4/gems/rake-0.9.2/lib/rake/ext/module.rb:36:in `const_missing'
    /home/guy/my-dev/jmongo/test/grid_test.rb:168:in `__bind_1316531435_949000'
    org/jruby/RubyMethod.java:117:in `call'
    /home/guy/.rvm/gems/jruby-1.6.4/gems/shoulda-2.11.3/lib/shoulda/context.rb:400:in `run_current_setup_blocks'
    org/jruby/RubyArray.java:1603:in `each'
    /home/guy/.rvm/gems/jruby-1.6.4/gems/shoulda-2.11.3/lib/shoulda/context.rb:399:in `run_current_setup_blocks'
    /home/guy/.rvm/gems/jruby-1.6.4/gems/shoulda-2.11.3/lib/shoulda/context.rb:381:in `create_test_from_should_hash'
    /home/guy/.rvm/gems/jruby-1.6.4/gems/shoulda-2.11.3/lib/shoulda/context.rb:378:in `create_test_from_should_hash'
    org/jruby/RubyBasicObject.java:1685:in `__send__'
    /home/guy/.rvm/gems/jruby-1.6.4/gems/mocha-0.10.0/lib/mocha/integration/mini_test/version_142_to_172.rb:27:in `run'
    /home/guy/.rvm/gems/jruby-1.6.4/gems/mocha-0.10.0/lib/mocha/integration/mini_test/version_142_to_172.rb:24:in `run'
    /home/guy/.rvm/gems/jruby-1.6.4/gems/mocha-0.10.0/lib/mocha/integration/mini_test/version_142_to_172.rb:23:in `run'

 84) Error:
test: Tests: Grid streaming: should read the file. (GridTest):
NameError: uninitialized constant GridTest::Grid
    org/jruby/RubyModule.java:2569:in `const_missing'
    /home/guy/.rvm/gems/jruby-1.6.4/gems/rake-0.9.2/lib/rake/ext/module.rb:36:in `const_missing'
    /home/guy/my-dev/jmongo/test/grid_test.rb:168:in `__bind_1316531435_952000'
    org/jruby/RubyMethod.java:117:in `call'
    /home/guy/.rvm/gems/jruby-1.6.4/gems/shoulda-2.11.3/lib/shoulda/context.rb:400:in `run_current_setup_blocks'
    org/jruby/RubyArray.java:1603:in `each'
    /home/guy/.rvm/gems/jruby-1.6.4/gems/shoulda-2.11.3/lib/shoulda/context.rb:399:in `run_current_setup_blocks'
    /home/guy/.rvm/gems/jruby-1.6.4/gems/shoulda-2.11.3/lib/shoulda/context.rb:381:in `create_test_from_should_hash'
    /home/guy/.rvm/gems/jruby-1.6.4/gems/shoulda-2.11.3/lib/shoulda/context.rb:378:in `create_test_from_should_hash'
    org/jruby/RubyBasicObject.java:1685:in `__send__'
    /home/guy/.rvm/gems/jruby-1.6.4/gems/mocha-0.10.0/lib/mocha/integration/mini_test/version_142_to_172.rb:27:in `run'
    /home/guy/.rvm/gems/jruby-1.6.4/gems/mocha-0.10.0/lib/mocha/integration/mini_test/version_142_to_172.rb:24:in `run'
    /home/guy/.rvm/gems/jruby-1.6.4/gems/mocha-0.10.0/lib/mocha/integration/mini_test/version_142_to_172.rb:23:in `run'

 85) Error:
test: Tests: Storing data with a length of zero should return the zero length. (GridTest):
NameError: uninitialized constant GridTest::Grid
    org/jruby/RubyModule.java:2569:in `const_missing'
    /home/guy/.rvm/gems/jruby-1.6.4/gems/rake-0.9.2/lib/rake/ext/module.rb:36:in `const_missing'
    /home/guy/my-dev/jmongo/test/grid_test.rb:155:in `__bind_1316531435_958000'
    org/jruby/RubyMethod.java:117:in `call'
    /home/guy/.rvm/gems/jruby-1.6.4/gems/shoulda-2.11.3/lib/shoulda/context.rb:400:in `run_current_setup_blocks'
    org/jruby/RubyArray.java:1603:in `each'
    /home/guy/.rvm/gems/jruby-1.6.4/gems/shoulda-2.11.3/lib/shoulda/context.rb:399:in `run_current_setup_blocks'
    /home/guy/.rvm/gems/jruby-1.6.4/gems/shoulda-2.11.3/lib/shoulda/context.rb:381:in `create_test_from_should_hash'
    /home/guy/.rvm/gems/jruby-1.6.4/gems/shoulda-2.11.3/lib/shoulda/context.rb:378:in `create_test_from_should_hash'
    org/jruby/RubyBasicObject.java:1685:in `__send__'
    /home/guy/.rvm/gems/jruby-1.6.4/gems/mocha-0.10.0/lib/mocha/integration/mini_test/version_142_to_172.rb:27:in `run'
    /home/guy/.rvm/gems/jruby-1.6.4/gems/mocha-0.10.0/lib/mocha/integration/mini_test/version_142_to_172.rb:24:in `run'
    /home/guy/.rvm/gems/jruby-1.6.4/gems/mocha-0.10.0/lib/mocha/integration/mini_test/version_142_to_172.rb:23:in `run'

 86) Error:
test: Tests: Streaming: should put and get a large io object if reading less than the chunk size. (GridTest):
NameError: uninitialized constant GridTest::Grid
    org/jruby/RubyModule.java:2569:in `const_missing'
    /home/guy/.rvm/gems/jruby-1.6.4/gems/rake-0.9.2/lib/rake/ext/module.rb:36:in `const_missing'
    /home/guy/my-dev/jmongo/test/grid_test.rb:234:in `__bind_1316531435_963000'
    org/jruby/RubyMethod.java:117:in `call'
    /home/guy/.rvm/gems/jruby-1.6.4/gems/shoulda-2.11.3/lib/shoulda/context.rb:400:in `run_current_setup_blocks'
    org/jruby/RubyArray.java:1603:in `each'
    /home/guy/.rvm/gems/jruby-1.6.4/gems/shoulda-2.11.3/lib/shoulda/context.rb:399:in `run_current_setup_blocks'
    /home/guy/.rvm/gems/jruby-1.6.4/gems/shoulda-2.11.3/lib/shoulda/context.rb:381:in `create_test_from_should_hash'
    /home/guy/.rvm/gems/jruby-1.6.4/gems/shoulda-2.11.3/lib/shoulda/context.rb:378:in `create_test_from_should_hash'
    org/jruby/RubyBasicObject.java:1685:in `__send__'
    /home/guy/.rvm/gems/jruby-1.6.4/gems/mocha-0.10.0/lib/mocha/integration/mini_test/version_142_to_172.rb:27:in `run'
    /home/guy/.rvm/gems/jruby-1.6.4/gems/mocha-0.10.0/lib/mocha/integration/mini_test/version_142_to_172.rb:24:in `run'
    /home/guy/.rvm/gems/jruby-1.6.4/gems/mocha-0.10.0/lib/mocha/integration/mini_test/version_142_to_172.rb:23:in `run'

 87) Error:
test: Tests: Streaming: should put and get a large io object if reading more than the chunk size. (GridTest):
NameError: uninitialized constant GridTest::Grid
    org/jruby/RubyModule.java:2569:in `const_missing'
    /home/guy/.rvm/gems/jruby-1.6.4/gems/rake-0.9.2/lib/rake/ext/module.rb:36:in `const_missing'
    /home/guy/my-dev/jmongo/test/grid_test.rb:234:in `__bind_1316531435_966000'
    org/jruby/RubyMethod.java:117:in `call'
    /home/guy/.rvm/gems/jruby-1.6.4/gems/shoulda-2.11.3/lib/shoulda/context.rb:400:in `run_current_setup_blocks'
    org/jruby/RubyArray.java:1603:in `each'
    /home/guy/.rvm/gems/jruby-1.6.4/gems/shoulda-2.11.3/lib/shoulda/context.rb:399:in `run_current_setup_blocks'
    /home/guy/.rvm/gems/jruby-1.6.4/gems/shoulda-2.11.3/lib/shoulda/context.rb:381:in `create_test_from_should_hash'
    /home/guy/.rvm/gems/jruby-1.6.4/gems/shoulda-2.11.3/lib/shoulda/context.rb:378:in `create_test_from_should_hash'
    org/jruby/RubyBasicObject.java:1685:in `__send__'
    /home/guy/.rvm/gems/jruby-1.6.4/gems/mocha-0.10.0/lib/mocha/integration/mini_test/version_142_to_172.rb:27:in `run'
    /home/guy/.rvm/gems/jruby-1.6.4/gems/mocha-0.10.0/lib/mocha/integration/mini_test/version_142_to_172.rb:24:in `run'
    /home/guy/.rvm/gems/jruby-1.6.4/gems/mocha-0.10.0/lib/mocha/integration/mini_test/version_142_to_172.rb:23:in `run'

 88) Error:
test: Tests: Streaming: should put and get a small io object with a small chunk size. (GridTest):
NameError: uninitialized constant GridTest::Grid
    org/jruby/RubyModule.java:2569:in `const_missing'
    /home/guy/.rvm/gems/jruby-1.6.4/gems/rake-0.9.2/lib/rake/ext/module.rb:36:in `const_missing'
    /home/guy/my-dev/jmongo/test/grid_test.rb:234:in `__bind_1316531435_969000'
    org/jruby/RubyMethod.java:117:in `call'
    /home/guy/.rvm/gems/jruby-1.6.4/gems/shoulda-2.11.3/lib/shoulda/context.rb:400:in `run_current_setup_blocks'
    org/jruby/RubyArray.java:1603:in `each'
    /home/guy/.rvm/gems/jruby-1.6.4/gems/shoulda-2.11.3/lib/shoulda/context.rb:399:in `run_current_setup_blocks'
    /home/guy/.rvm/gems/jruby-1.6.4/gems/shoulda-2.11.3/lib/shoulda/context.rb:381:in `create_test_from_should_hash'
    /home/guy/.rvm/gems/jruby-1.6.4/gems/shoulda-2.11.3/lib/shoulda/context.rb:378:in `create_test_from_should_hash'
    org/jruby/RubyBasicObject.java:1685:in `__send__'
    /home/guy/.rvm/gems/jruby-1.6.4/gems/mocha-0.10.0/lib/mocha/integration/mini_test/version_142_to_172.rb:27:in `run'
    /home/guy/.rvm/gems/jruby-1.6.4/gems/mocha-0.10.0/lib/mocha/integration/mini_test/version_142_to_172.rb:24:in `run'
    /home/guy/.rvm/gems/jruby-1.6.4/gems/mocha-0.10.0/lib/mocha/integration/mini_test/version_142_to_172.rb:23:in `run'

 89) Error:
test: Tests: Streaming: should put and get a small io object. (GridTest):
NameError: uninitialized constant GridTest::Grid
    org/jruby/RubyModule.java:2569:in `const_missing'
    /home/guy/.rvm/gems/jruby-1.6.4/gems/rake-0.9.2/lib/rake/ext/module.rb:36:in `const_missing'
    /home/guy/my-dev/jmongo/test/grid_test.rb:234:in `__bind_1316531435_971000'
    org/jruby/RubyMethod.java:117:in `call'
    /home/guy/.rvm/gems/jruby-1.6.4/gems/shoulda-2.11.3/lib/shoulda/context.rb:400:in `run_current_setup_blocks'
    org/jruby/RubyArray.java:1603:in `each'
    /home/guy/.rvm/gems/jruby-1.6.4/gems/shoulda-2.11.3/lib/shoulda/context.rb:399:in `run_current_setup_blocks'
    /home/guy/.rvm/gems/jruby-1.6.4/gems/shoulda-2.11.3/lib/shoulda/context.rb:381:in `create_test_from_should_hash'
    /home/guy/.rvm/gems/jruby-1.6.4/gems/shoulda-2.11.3/lib/shoulda/context.rb:378:in `create_test_from_should_hash'
    org/jruby/RubyBasicObject.java:1685:in `__send__'
    /home/guy/.rvm/gems/jruby-1.6.4/gems/mocha-0.10.0/lib/mocha/integration/mini_test/version_142_to_172.rb:27:in `run'
    /home/guy/.rvm/gems/jruby-1.6.4/gems/mocha-0.10.0/lib/mocha/integration/mini_test/version_142_to_172.rb:24:in `run'
    /home/guy/.rvm/gems/jruby-1.6.4/gems/mocha-0.10.0/lib/mocha/integration/mini_test/version_142_to_172.rb:23:in `run'

 90) Error:
test: Tests: Streaming: should put and get an empty io object. (GridTest):
NameError: uninitialized constant GridTest::Grid
    org/jruby/RubyModule.java:2569:in `const_missing'
    /home/guy/.rvm/gems/jruby-1.6.4/gems/rake-0.9.2/lib/rake/ext/module.rb:36:in `const_missing'
    /home/guy/my-dev/jmongo/test/grid_test.rb:234:in `__bind_1316531435_974000'
    org/jruby/RubyMethod.java:117:in `call'
    /home/guy/.rvm/gems/jruby-1.6.4/gems/shoulda-2.11.3/lib/shoulda/context.rb:400:in `run_current_setup_blocks'
    org/jruby/RubyArray.java:1603:in `each'
    /home/guy/.rvm/gems/jruby-1.6.4/gems/shoulda-2.11.3/lib/shoulda/context.rb:399:in `run_current_setup_blocks'
    /home/guy/.rvm/gems/jruby-1.6.4/gems/shoulda-2.11.3/lib/shoulda/context.rb:381:in `create_test_from_should_hash'
    /home/guy/.rvm/gems/jruby-1.6.4/gems/shoulda-2.11.3/lib/shoulda/context.rb:378:in `create_test_from_should_hash'
    org/jruby/RubyBasicObject.java:1685:in `__send__'
    /home/guy/.rvm/gems/jruby-1.6.4/gems/mocha-0.10.0/lib/mocha/integration/mini_test/version_142_to_172.rb:27:in `run'
    /home/guy/.rvm/gems/jruby-1.6.4/gems/mocha-0.10.0/lib/mocha/integration/mini_test/version_142_to_172.rb:24:in `run'
    /home/guy/.rvm/gems/jruby-1.6.4/gems/mocha-0.10.0/lib/mocha/integration/mini_test/version_142_to_172.rb:23:in `run'

 91) Error:
test: Tests: Writing arbitrary data fields should ignore special keys. (GridTest):
NameError: uninitialized constant GridTest::Grid
    org/jruby/RubyModule.java:2569:in `const_missing'
    /home/guy/.rvm/gems/jruby-1.6.4/gems/rake-0.9.2/lib/rake/ext/module.rb:36:in `const_missing'
    /home/guy/my-dev/jmongo/test/grid_test.rb:134:in `__bind_1316531435_976000'
    org/jruby/RubyMethod.java:117:in `call'
    /home/guy/.rvm/gems/jruby-1.6.4/gems/shoulda-2.11.3/lib/shoulda/context.rb:400:in `run_current_setup_blocks'
    org/jruby/RubyArray.java:1603:in `each'
    /home/guy/.rvm/gems/jruby-1.6.4/gems/shoulda-2.11.3/lib/shoulda/context.rb:399:in `run_current_setup_blocks'
    /home/guy/.rvm/gems/jruby-1.6.4/gems/shoulda-2.11.3/lib/shoulda/context.rb:381:in `create_test_from_should_hash'
    /home/guy/.rvm/gems/jruby-1.6.4/gems/shoulda-2.11.3/lib/shoulda/context.rb:378:in `create_test_from_should_hash'
    org/jruby/RubyBasicObject.java:1685:in `__send__'
    /home/guy/.rvm/gems/jruby-1.6.4/gems/mocha-0.10.0/lib/mocha/integration/mini_test/version_142_to_172.rb:27:in `run'
    /home/guy/.rvm/gems/jruby-1.6.4/gems/mocha-0.10.0/lib/mocha/integration/mini_test/version_142_to_172.rb:24:in `run'
    /home/guy/.rvm/gems/jruby-1.6.4/gems/mocha-0.10.0/lib/mocha/integration/mini_test/version_142_to_172.rb:23:in `run'

 92) Error:
test: Tests: Writing arbitrary data fields should write random keys to the files collection. (GridTest):
NameError: uninitialized constant GridTest::Grid
    org/jruby/RubyModule.java:2569:in `const_missing'
    /home/guy/.rvm/gems/jruby-1.6.4/gems/rake-0.9.2/lib/rake/ext/module.rb:36:in `const_missing'
    /home/guy/my-dev/jmongo/test/grid_test.rb:134:in `__bind_1316531435_979000'
    org/jruby/RubyMethod.java:117:in `call'
    /home/guy/.rvm/gems/jruby-1.6.4/gems/shoulda-2.11.3/lib/shoulda/context.rb:400:in `run_current_setup_blocks'
    org/jruby/RubyArray.java:1603:in `each'
    /home/guy/.rvm/gems/jruby-1.6.4/gems/shoulda-2.11.3/lib/shoulda/context.rb:399:in `run_current_setup_blocks'
    /home/guy/.rvm/gems/jruby-1.6.4/gems/shoulda-2.11.3/lib/shoulda/context.rb:381:in `create_test_from_should_hash'
    /home/guy/.rvm/gems/jruby-1.6.4/gems/shoulda-2.11.3/lib/shoulda/context.rb:378:in `create_test_from_should_hash'
    org/jruby/RubyBasicObject.java:1685:in `__send__'
    /home/guy/.rvm/gems/jruby-1.6.4/gems/mocha-0.10.0/lib/mocha/integration/mini_test/version_142_to_172.rb:27:in `run'
    /home/guy/.rvm/gems/jruby-1.6.4/gems/mocha-0.10.0/lib/mocha/integration/mini_test/version_142_to_172.rb:24:in `run'
    /home/guy/.rvm/gems/jruby-1.6.4/gems/mocha-0.10.0/lib/mocha/integration/mini_test/version_142_to_172.rb:23:in `run'

 93) Error:
test: Safe error objects should return object on remove. (SafeTest):
NoMethodError: undefined method `[]' for true:TrueClass
    /home/guy/my-dev/jmongo/test/safe_test.rb:64:in `__bind_1316531435_986000'
    org/jruby/RubyMethod.java:117:in `call'
    /home/guy/.rvm/gems/jruby-1.6.4/gems/shoulda-2.11.3/lib/shoulda/context.rb:382:in `test: Safe error objects should return object on remove. '
    org/jruby/RubyBasicObject.java:1685:in `__send__'
    /home/guy/.rvm/gems/jruby-1.6.4/gems/mocha-0.10.0/lib/mocha/integration/mini_test/version_142_to_172.rb:27:in `run'
    /home/guy/.rvm/gems/jruby-1.6.4/gems/mocha-0.10.0/lib/mocha/integration/mini_test/version_142_to_172.rb:24:in `run'
    /home/guy/.rvm/gems/jruby-1.6.4/gems/mocha-0.10.0/lib/mocha/integration/mini_test/version_142_to_172.rb:23:in `run'

 94) Error:
test: Safe error objects should return object on update. (SafeTest):
NoMethodError: undefined method `[]' for #<Java::ComMongodb::WriteResult:0xefb8211>
    /home/guy/my-dev/jmongo/test/safe_test.rb:58:in `__bind_1316531436_41000'
    org/jruby/RubyMethod.java:117:in `call'
    /home/guy/.rvm/gems/jruby-1.6.4/gems/shoulda-2.11.3/lib/shoulda/context.rb:382:in `test: Safe error objects should return object on update. '
    org/jruby/RubyBasicObject.java:1685:in `__send__'
    /home/guy/.rvm/gems/jruby-1.6.4/gems/mocha-0.10.0/lib/mocha/integration/mini_test/version_142_to_172.rb:27:in `run'
    /home/guy/.rvm/gems/jruby-1.6.4/gems/mocha-0.10.0/lib/mocha/integration/mini_test/version_142_to_172.rb:24:in `run'
    /home/guy/.rvm/gems/jruby-1.6.4/gems/mocha-0.10.0/lib/mocha/integration/mini_test/version_142_to_172.rb:23:in `run'

 95) Failure:
test: Safe mode propogation: should propogate safe option on insert. (SafeTest) [/home/guy/my-dev/jmongo/test/safe_test.rb:17]:
Expected assertion Mongo::OperationFailure but none was raised.

 96) Failure:
test: Safe mode propogation: should propogate safe option on update. (SafeTest) [/home/guy/my-dev/jmongo/test/safe_test.rb:31]:
Expected assertion Mongo::OperationFailure but none was raised.

 97) Error:
test_command_response_fails(SupportTest):
NameError: uninitialized constant SupportTest::Support
    org/jruby/RubyModule.java:2569:in `const_missing'
    /home/guy/.rvm/gems/jruby-1.6.4/gems/rake-0.9.2/lib/rake/ext/module.rb:36:in `const_missing'
    /home/guy/my-dev/jmongo/test/support_test.rb:12:in `test_command_response_fails'
    org/jruby/RubyBasicObject.java:1685:in `__send__'
    /home/guy/.rvm/gems/jruby-1.6.4/gems/mocha-0.10.0/lib/mocha/integration/mini_test/version_142_to_172.rb:27:in `run'
    /home/guy/.rvm/gems/jruby-1.6.4/gems/mocha-0.10.0/lib/mocha/integration/mini_test/version_142_to_172.rb:24:in `run'
    /home/guy/.rvm/gems/jruby-1.6.4/gems/mocha-0.10.0/lib/mocha/integration/mini_test/version_142_to_172.rb:23:in `run'

 98) Error:
test_command_response_succeeds(SupportTest):
NameError: uninitialized constant SupportTest::Support
    org/jruby/RubyModule.java:2569:in `const_missing'
    /home/guy/.rvm/gems/jruby-1.6.4/gems/rake-0.9.2/lib/rake/ext/module.rb:36:in `const_missing'
    /home/guy/my-dev/jmongo/test/support_test.rb:6:in `test_command_response_succeeds'
    org/jruby/RubyBasicObject.java:1685:in `__send__'
    /home/guy/.rvm/gems/jruby-1.6.4/gems/mocha-0.10.0/lib/mocha/integration/mini_test/version_142_to_172.rb:27:in `run'
    /home/guy/.rvm/gems/jruby-1.6.4/gems/mocha-0.10.0/lib/mocha/integration/mini_test/version_142_to_172.rb:24:in `run'
    /home/guy/.rvm/gems/jruby-1.6.4/gems/mocha-0.10.0/lib/mocha/integration/mini_test/version_142_to_172.rb:23:in `run'

 99) Error:
test: Capped collections should fail tailable cursor on a non-capped collection. (TestCollection):
NameError: no method 'insert' for arguments (org.jruby.RubyHash) on #<Class:0x1083cf055>
    /home/guy/my-dev/jmongo/test/collection_test.rb:964:in `__bind_1316531436_86000'
    org/jruby/RubyFixnum.java:256:in `times'
    /home/guy/my-dev/jmongo/test/collection_test.rb:964:in `__bind_1316531436_86000'
    org/jruby/RubyMethod.java:117:in `call'
    /home/guy/.rvm/gems/jruby-1.6.4/gems/shoulda-2.11.3/lib/shoulda/context.rb:400:in `run_current_setup_blocks'
    org/jruby/RubyArray.java:1603:in `each'
    /home/guy/.rvm/gems/jruby-1.6.4/gems/shoulda-2.11.3/lib/shoulda/context.rb:399:in `run_current_setup_blocks'
    /home/guy/.rvm/gems/jruby-1.6.4/gems/shoulda-2.11.3/lib/shoulda/context.rb:381:in `test: Capped collections should fail tailable cursor on a non-capped collection. '
    org/jruby/RubyBasicObject.java:1685:in `__send__'
    /home/guy/.rvm/gems/jruby-1.6.4/gems/mocha-0.10.0/lib/mocha/integration/mini_test/version_142_to_172.rb:27:in `run'
    /home/guy/.rvm/gems/jruby-1.6.4/gems/mocha-0.10.0/lib/mocha/integration/mini_test/version_142_to_172.rb:24:in `run'
    /home/guy/.rvm/gems/jruby-1.6.4/gems/mocha-0.10.0/lib/mocha/integration/mini_test/version_142_to_172.rb:23:in `run'

100) Error:
test: Capped collections should find using a standard cursor. (TestCollection):
NameError: no method 'insert' for arguments (org.jruby.RubyHash) on #<Class:0x1083cf055>
    /home/guy/my-dev/jmongo/test/collection_test.rb:964:in `__bind_1316531436_89000'
    org/jruby/RubyFixnum.java:256:in `times'
    /home/guy/my-dev/jmongo/test/collection_test.rb:964:in `__bind_1316531436_89000'
    org/jruby/RubyMethod.java:117:in `call'
    /home/guy/.rvm/gems/jruby-1.6.4/gems/shoulda-2.11.3/lib/shoulda/context.rb:400:in `run_current_setup_blocks'
    org/jruby/RubyArray.java:1603:in `each'
    /home/guy/.rvm/gems/jruby-1.6.4/gems/shoulda-2.11.3/lib/shoulda/context.rb:399:in `run_current_setup_blocks'
    /home/guy/.rvm/gems/jruby-1.6.4/gems/shoulda-2.11.3/lib/shoulda/context.rb:381:in `test: Capped collections should find using a standard cursor. '
    org/jruby/RubyBasicObject.java:1685:in `__send__'
    /home/guy/.rvm/gems/jruby-1.6.4/gems/mocha-0.10.0/lib/mocha/integration/mini_test/version_142_to_172.rb:27:in `run'
    /home/guy/.rvm/gems/jruby-1.6.4/gems/mocha-0.10.0/lib/mocha/integration/mini_test/version_142_to_172.rb:24:in `run'
    /home/guy/.rvm/gems/jruby-1.6.4/gems/mocha-0.10.0/lib/mocha/integration/mini_test/version_142_to_172.rb:23:in `run'

101) Error:
test: Capped collections should find using a tailable cursor. (TestCollection):
NameError: no method 'insert' for arguments (org.jruby.RubyHash) on #<Class:0x1083cf055>
    /home/guy/my-dev/jmongo/test/collection_test.rb:964:in `__bind_1316531436_91000'
    org/jruby/RubyFixnum.java:256:in `times'
    /home/guy/my-dev/jmongo/test/collection_test.rb:964:in `__bind_1316531436_91000'
    org/jruby/RubyMethod.java:117:in `call'
    /home/guy/.rvm/gems/jruby-1.6.4/gems/shoulda-2.11.3/lib/shoulda/context.rb:400:in `run_current_setup_blocks'
    org/jruby/RubyArray.java:1603:in `each'
    /home/guy/.rvm/gems/jruby-1.6.4/gems/shoulda-2.11.3/lib/shoulda/context.rb:399:in `run_current_setup_blocks'
    /home/guy/.rvm/gems/jruby-1.6.4/gems/shoulda-2.11.3/lib/shoulda/context.rb:381:in `test: Capped collections should find using a tailable cursor. '
    org/jruby/RubyBasicObject.java:1685:in `__send__'
    /home/guy/.rvm/gems/jruby-1.6.4/gems/mocha-0.10.0/lib/mocha/integration/mini_test/version_142_to_172.rb:27:in `run'
    /home/guy/.rvm/gems/jruby-1.6.4/gems/mocha-0.10.0/lib/mocha/integration/mini_test/version_142_to_172.rb:24:in `run'
    /home/guy/.rvm/gems/jruby-1.6.4/gems/mocha-0.10.0/lib/mocha/integration/mini_test/version_142_to_172.rb:23:in `run'

102) Error:
test: Creating indexes should allow for an alternate name to be specified. (TestCollection):
NameError: uninitialized constant Mongo::DB::SYSTEM_INDEX_COLLECTION
    org/jruby/RubyModule.java:2569:in `const_missing'
    /home/guy/.rvm/gems/jruby-1.6.4/gems/rake-0.9.2/lib/rake/ext/module.rb:36:in `const_missing'
    /home/guy/my-dev/jmongo/lib/jmongo/db.rb:146:in `index_information'
    /home/guy/my-dev/jmongo/lib/jmongo/collection.rb:600:in `index_information'
    /home/guy/my-dev/jmongo/test/collection_test.rb:929:in `__bind_1316531436_96000'
    org/jruby/RubyMethod.java:117:in `call'
    /home/guy/.rvm/gems/jruby-1.6.4/gems/shoulda-2.11.3/lib/shoulda/context.rb:382:in `test: Creating indexes should allow for an alternate name to be specified. '
    org/jruby/RubyBasicObject.java:1685:in `__send__'
    /home/guy/.rvm/gems/jruby-1.6.4/gems/mocha-0.10.0/lib/mocha/integration/mini_test/version_142_to_172.rb:27:in `run'
    /home/guy/.rvm/gems/jruby-1.6.4/gems/mocha-0.10.0/lib/mocha/integration/mini_test/version_142_to_172.rb:24:in `run'
    /home/guy/.rvm/gems/jruby-1.6.4/gems/mocha-0.10.0/lib/mocha/integration/mini_test/version_142_to_172.rb:23:in `run'

103) Error:
test: Creating indexes should create a geospatial index. (TestCollection):
NameError: uninitialized constant Mongo::DB::SYSTEM_INDEX_COLLECTION
    org/jruby/RubyModule.java:2569:in `const_missing'
    /home/guy/.rvm/gems/jruby-1.6.4/gems/rake-0.9.2/lib/rake/ext/module.rb:36:in `const_missing'
    /home/guy/my-dev/jmongo/lib/jmongo/db.rb:146:in `index_information'
    /home/guy/my-dev/jmongo/lib/jmongo/collection.rb:600:in `index_information'
    /home/guy/my-dev/jmongo/test/collection_test.rb:866:in `__bind_1316531436_100000'
    org/jruby/RubyMethod.java:117:in `call'
    /home/guy/.rvm/gems/jruby-1.6.4/gems/shoulda-2.11.3/lib/shoulda/context.rb:382:in `test: Creating indexes should create a geospatial index. '
    org/jruby/RubyBasicObject.java:1685:in `__send__'
    /home/guy/.rvm/gems/jruby-1.6.4/gems/mocha-0.10.0/lib/mocha/integration/mini_test/version_142_to_172.rb:27:in `run'
    /home/guy/.rvm/gems/jruby-1.6.4/gems/mocha-0.10.0/lib/mocha/integration/mini_test/version_142_to_172.rb:24:in `run'
    /home/guy/.rvm/gems/jruby-1.6.4/gems/mocha-0.10.0/lib/mocha/integration/mini_test/version_142_to_172.rb:23:in `run'

104) Error:
test: Creating indexes should create a unique index. (TestCollection):
NameError: uninitialized constant Mongo::DB::SYSTEM_INDEX_COLLECTION
    org/jruby/RubyModule.java:2569:in `const_missing'
    /home/guy/.rvm/gems/jruby-1.6.4/gems/rake-0.9.2/lib/rake/ext/module.rb:36:in `const_missing'
    /home/guy/my-dev/jmongo/lib/jmongo/db.rb:146:in `index_information'
    /home/guy/my-dev/jmongo/lib/jmongo/collection.rb:600:in `index_information'
    /home/guy/my-dev/jmongo/test/collection_test.rb:871:in `__bind_1316531436_103000'
    org/jruby/RubyMethod.java:117:in `call'
    /home/guy/.rvm/gems/jruby-1.6.4/gems/shoulda-2.11.3/lib/shoulda/context.rb:382:in `test: Creating indexes should create a unique index. '
    org/jruby/RubyBasicObject.java:1685:in `__send__'
    /home/guy/.rvm/gems/jruby-1.6.4/gems/mocha-0.10.0/lib/mocha/integration/mini_test/version_142_to_172.rb:27:in `run'
    /home/guy/.rvm/gems/jruby-1.6.4/gems/mocha-0.10.0/lib/mocha/integration/mini_test/version_142_to_172.rb:24:in `run'
    /home/guy/.rvm/gems/jruby-1.6.4/gems/mocha-0.10.0/lib/mocha/integration/mini_test/version_142_to_172.rb:23:in `run'

105) Error:
test: Creating indexes should create an index in the background. (TestCollection):
NameError: uninitialized constant Mongo::DB::SYSTEM_INDEX_COLLECTION
    org/jruby/RubyModule.java:2569:in `const_missing'
    /home/guy/.rvm/gems/jruby-1.6.4/gems/rake-0.9.2/lib/rake/ext/module.rb:36:in `const_missing'
    /home/guy/my-dev/jmongo/lib/jmongo/db.rb:146:in `index_information'
    /home/guy/my-dev/jmongo/lib/jmongo/collection.rb:600:in `index_information'
    /home/guy/my-dev/jmongo/test/collection_test.rb:901:in `__bind_1316531436_105000'
    org/jruby/RubyMethod.java:117:in `call'
    /home/guy/.rvm/gems/jruby-1.6.4/gems/shoulda-2.11.3/lib/shoulda/context.rb:382:in `test: Creating indexes should create an index in the background. '
    org/jruby/RubyBasicObject.java:1685:in `__send__'
    /home/guy/.rvm/gems/jruby-1.6.4/gems/mocha-0.10.0/lib/mocha/integration/mini_test/version_142_to_172.rb:27:in `run'
    /home/guy/.rvm/gems/jruby-1.6.4/gems/mocha-0.10.0/lib/mocha/integration/mini_test/version_142_to_172.rb:24:in `run'
    /home/guy/.rvm/gems/jruby-1.6.4/gems/mocha-0.10.0/lib/mocha/integration/mini_test/version_142_to_172.rb:23:in `run'

106) Error:
test: Creating indexes should create index using symbols. (TestCollection):
NameError: uninitialized constant Mongo::DB::SYSTEM_INDEX_COLLECTION
    org/jruby/RubyModule.java:2569:in `const_missing'
    /home/guy/.rvm/gems/jruby-1.6.4/gems/rake-0.9.2/lib/rake/ext/module.rb:36:in `const_missing'
    /home/guy/my-dev/jmongo/lib/jmongo/db.rb:146:in `index_information'
    /home/guy/my-dev/jmongo/lib/jmongo/collection.rb:600:in `index_information'
    /home/guy/my-dev/jmongo/test/collection_test.rb:855:in `__bind_1316531436_109000'
    org/jruby/RubyMethod.java:117:in `call'
    /home/guy/.rvm/gems/jruby-1.6.4/gems/shoulda-2.11.3/lib/shoulda/context.rb:382:in `test: Creating indexes should create index using symbols. '
    org/jruby/RubyBasicObject.java:1685:in `__send__'
    /home/guy/.rvm/gems/jruby-1.6.4/gems/mocha-0.10.0/lib/mocha/integration/mini_test/version_142_to_172.rb:27:in `run'
    /home/guy/.rvm/gems/jruby-1.6.4/gems/mocha-0.10.0/lib/mocha/integration/mini_test/version_142_to_172.rb:24:in `run'
    /home/guy/.rvm/gems/jruby-1.6.4/gems/mocha-0.10.0/lib/mocha/integration/mini_test/version_142_to_172.rb:23:in `run'

107) Error:
test: Creating indexes should drop duplicates with ensure_index and drop_dups key. (TestCollection):
NativeException: com.mongodb.MongoException$DuplicateKey: E11000 duplicate key error index: ruby-test-db.test-collection.$a_1  dup key: { : 1 }
    com/mongodb/CommandResult.java:80:in `getException'
    com/mongodb/CommandResult.java:116:in `throwOnError'
    com/mongodb/DBTCPConnector.java:126:in `_checkWriteError'
    com/mongodb/DBTCPConnector.java:148:in `say'
    com/mongodb/DBTCPConnector.java:132:in `say'
    com/mongodb/DBApiLayer.java:262:in `insert'
    com/mongodb/DBApiLayer.java:354:in `createIndex'
    com/mongodb/DBCollection.java:444:in `ensureIndex'
    /home/guy/my-dev/jmongo/lib/jmongo/ajrb.rb:89:in `_create_indexes'
    /home/guy/my-dev/jmongo/lib/jmongo/collection.rb:331:in `create_index'
    /home/guy/my-dev/jmongo/test/collection_test.rb:894:in `__bind_1316531436_114000'
    org/jruby/RubyMethod.java:117:in `call'
    /home/guy/.rvm/gems/jruby-1.6.4/gems/shoulda-2.11.3/lib/shoulda/context.rb:382:in `test: Creating indexes should drop duplicates with ensure_index and drop_dups key. '
    org/jruby/RubyBasicObject.java:1685:in `__send__'
    /home/guy/.rvm/gems/jruby-1.6.4/gems/mocha-0.10.0/lib/mocha/integration/mini_test/version_142_to_172.rb:27:in `run'
    /home/guy/.rvm/gems/jruby-1.6.4/gems/mocha-0.10.0/lib/mocha/integration/mini_test/version_142_to_172.rb:24:in `run'
    /home/guy/.rvm/gems/jruby-1.6.4/gems/mocha-0.10.0/lib/mocha/integration/mini_test/version_142_to_172.rb:23:in `run'

108) Error:
test: Creating indexes should drop duplicates with ruby-like drop_dups key. (TestCollection):
NativeException: com.mongodb.MongoException$DuplicateKey: E11000 duplicate key error index: ruby-test-db.test-collection.$a_1  dup key: { : 1 }
    com/mongodb/CommandResult.java:80:in `getException'
    com/mongodb/CommandResult.java:116:in `throwOnError'
    com/mongodb/DBTCPConnector.java:126:in `_checkWriteError'
    com/mongodb/DBTCPConnector.java:148:in `say'
    com/mongodb/DBTCPConnector.java:132:in `say'
    com/mongodb/DBApiLayer.java:262:in `insert'
    com/mongodb/DBApiLayer.java:354:in `createIndex'
    com/mongodb/DBCollection.java:444:in `ensureIndex'
    /home/guy/my-dev/jmongo/lib/jmongo/ajrb.rb:89:in `_create_indexes'
    /home/guy/my-dev/jmongo/lib/jmongo/collection.rb:331:in `create_index'
    /home/guy/my-dev/jmongo/test/collection_test.rb:886:in `__bind_1316531436_120000'
    org/jruby/RubyMethod.java:117:in `call'
    /home/guy/.rvm/gems/jruby-1.6.4/gems/shoulda-2.11.3/lib/shoulda/context.rb:382:in `test: Creating indexes should drop duplicates with ruby-like drop_dups key. '
    org/jruby/RubyBasicObject.java:1685:in `__send__'
    /home/guy/.rvm/gems/jruby-1.6.4/gems/mocha-0.10.0/lib/mocha/integration/mini_test/version_142_to_172.rb:27:in `run'
    /home/guy/.rvm/gems/jruby-1.6.4/gems/mocha-0.10.0/lib/mocha/integration/mini_test/version_142_to_172.rb:24:in `run'
    /home/guy/.rvm/gems/jruby-1.6.4/gems/mocha-0.10.0/lib/mocha/integration/mini_test/version_142_to_172.rb:23:in `run'

109) Error:
test: Creating indexes should drop duplicates. (TestCollection):
NativeException: com.mongodb.MongoException$DuplicateKey: E11000 duplicate key error index: ruby-test-db.test-collection.$a_1  dup key: { : 1 }
    com/mongodb/CommandResult.java:80:in `getException'
    com/mongodb/CommandResult.java:116:in `throwOnError'
    com/mongodb/DBTCPConnector.java:126:in `_checkWriteError'
    com/mongodb/DBTCPConnector.java:148:in `say'
    com/mongodb/DBTCPConnector.java:132:in `say'
    com/mongodb/DBApiLayer.java:262:in `insert'
    com/mongodb/DBApiLayer.java:354:in `createIndex'
    com/mongodb/DBCollection.java:444:in `ensureIndex'
    /home/guy/my-dev/jmongo/lib/jmongo/ajrb.rb:89:in `_create_indexes'
    /home/guy/my-dev/jmongo/lib/jmongo/collection.rb:331:in `create_index'
    /home/guy/my-dev/jmongo/test/collection_test.rb:878:in `__bind_1316531436_127000'
    org/jruby/RubyMethod.java:117:in `call'
    /home/guy/.rvm/gems/jruby-1.6.4/gems/shoulda-2.11.3/lib/shoulda/context.rb:382:in `test: Creating indexes should drop duplicates. '
    org/jruby/RubyBasicObject.java:1685:in `__send__'
    /home/guy/.rvm/gems/jruby-1.6.4/gems/mocha-0.10.0/lib/mocha/integration/mini_test/version_142_to_172.rb:27:in `run'
    /home/guy/.rvm/gems/jruby-1.6.4/gems/mocha-0.10.0/lib/mocha/integration/mini_test/version_142_to_172.rb:24:in `run'
    /home/guy/.rvm/gems/jruby-1.6.4/gems/mocha-0.10.0/lib/mocha/integration/mini_test/version_142_to_172.rb:23:in `run'

110) Failure:
test: Creating indexes should generate indexes in the proper order. (TestCollection) [/home/guy/my-dev/jmongo/test/collection_test.rb:933]:
not all expectations were satisfied
unsatisfied expectations:
- expected exactly once, not yet invoked: #<Mongo::Collection:0x2230>.insert_documents(any_parameters)


111) Failure:
test: Creating indexes should raise an error if index name is greater than 128. (TestCollection) [/home/guy/my-dev/jmongo/test/collection_test.rb:920]:
[Mongo::OperationFailure] exception expected, not
Class: <NativeException>
Message: <"com.mongodb.MongoException: ns name too long, max size is 128">
---Backtrace---
com/mongodb/CommandResult.java:82:in `getException'
com/mongodb/CommandResult.java:116:in `throwOnError'
com/mongodb/DBTCPConnector.java:126:in `_checkWriteError'
com/mongodb/DBTCPConnector.java:148:in `say'
com/mongodb/DBTCPConnector.java:132:in `say'
com/mongodb/DBApiLayer.java:262:in `insert'
com/mongodb/DBApiLayer.java:354:in `createIndex'
com/mongodb/DBCollection.java:444:in `ensureIndex'
/home/guy/my-dev/jmongo/lib/jmongo/ajrb.rb:89:in `_create_indexes'
/home/guy/my-dev/jmongo/lib/jmongo/collection.rb:331:in `create_index'
/home/guy/my-dev/jmongo/test/collection_test.rb:921:in `__bind_1316531436_145000'
---------------

112) Error:
test: Creating indexes with an index created should return properly ordered index information. (TestCollection):
NameError: uninitialized constant Mongo::DB::SYSTEM_INDEX_COLLECTION
    org/jruby/RubyModule.java:2569:in `const_missing'
    /home/guy/.rvm/gems/jruby-1.6.4/gems/rake-0.9.2/lib/rake/ext/module.rb:36:in `const_missing'
    /home/guy/my-dev/jmongo/lib/jmongo/db.rb:146:in `index_information'
    /home/guy/my-dev/jmongo/lib/jmongo/collection.rb:600:in `index_information'
    /home/guy/my-dev/jmongo/test/collection_test.rb:954:in `__bind_1316531436_159000'
    org/jruby/RubyMethod.java:117:in `call'
    /home/guy/.rvm/gems/jruby-1.6.4/gems/shoulda-2.11.3/lib/shoulda/context.rb:382:in `test: Creating indexes with an index created should return properly ordered index information. '
    org/jruby/RubyBasicObject.java:1685:in `__send__'
    /home/guy/.rvm/gems/jruby-1.6.4/gems/mocha-0.10.0/lib/mocha/integration/mini_test/version_142_to_172.rb:27:in `run'
    /home/guy/.rvm/gems/jruby-1.6.4/gems/mocha-0.10.0/lib/mocha/integration/mini_test/version_142_to_172.rb:24:in `run'
    /home/guy/.rvm/gems/jruby-1.6.4/gems/mocha-0.10.0/lib/mocha/integration/mini_test/version_142_to_172.rb:23:in `run'

113) Error:
test: Drop index should drop an index which was given a specific name. (TestCollection):
NameError: uninitialized constant Mongo::DB::SYSTEM_INDEX_COLLECTION
    org/jruby/RubyModule.java:2569:in `const_missing'
    /home/guy/.rvm/gems/jruby-1.6.4/gems/rake-0.9.2/lib/rake/ext/module.rb:36:in `const_missing'
    /home/guy/my-dev/jmongo/lib/jmongo/db.rb:146:in `index_information'
    /home/guy/my-dev/jmongo/lib/jmongo/collection.rb:600:in `index_information'
    /home/guy/my-dev/jmongo/test/collection_test.rb:824:in `__bind_1316531436_162000'
    org/jruby/RubyMethod.java:117:in `call'
    /home/guy/.rvm/gems/jruby-1.6.4/gems/shoulda-2.11.3/lib/shoulda/context.rb:382:in `test: Drop index should drop an index which was given a specific name. '
    org/jruby/RubyBasicObject.java:1685:in `__send__'
    /home/guy/.rvm/gems/jruby-1.6.4/gems/mocha-0.10.0/lib/mocha/integration/mini_test/version_142_to_172.rb:27:in `run'
    /home/guy/.rvm/gems/jruby-1.6.4/gems/mocha-0.10.0/lib/mocha/integration/mini_test/version_142_to_172.rb:24:in `run'
    /home/guy/.rvm/gems/jruby-1.6.4/gems/mocha-0.10.0/lib/mocha/integration/mini_test/version_142_to_172.rb:23:in `run'

114) Error:
test: Drop index should drop an index. (TestCollection):
NameError: uninitialized constant Mongo::DB::SYSTEM_INDEX_COLLECTION
    org/jruby/RubyModule.java:2569:in `const_missing'
    /home/guy/.rvm/gems/jruby-1.6.4/gems/rake-0.9.2/lib/rake/ext/module.rb:36:in `const_missing'
    /home/guy/my-dev/jmongo/lib/jmongo/db.rb:146:in `index_information'
    /home/guy/my-dev/jmongo/lib/jmongo/collection.rb:600:in `index_information'
    /home/guy/my-dev/jmongo/test/collection_test.rb:817:in `__bind_1316531436_168000'
    org/jruby/RubyMethod.java:117:in `call'
    /home/guy/.rvm/gems/jruby-1.6.4/gems/shoulda-2.11.3/lib/shoulda/context.rb:382:in `test: Drop index should drop an index. '
    org/jruby/RubyBasicObject.java:1685:in `__send__'
    /home/guy/.rvm/gems/jruby-1.6.4/gems/mocha-0.10.0/lib/mocha/integration/mini_test/version_142_to_172.rb:27:in `run'
    /home/guy/.rvm/gems/jruby-1.6.4/gems/mocha-0.10.0/lib/mocha/integration/mini_test/version_142_to_172.rb:24:in `run'
    /home/guy/.rvm/gems/jruby-1.6.4/gems/mocha-0.10.0/lib/mocha/integration/mini_test/version_142_to_172.rb:23:in `run'

115) Error:
test: Drop index should drops an composite index. (TestCollection):
NameError: uninitialized constant Mongo::DB::SYSTEM_INDEX_COLLECTION
    org/jruby/RubyModule.java:2569:in `const_missing'
    /home/guy/.rvm/gems/jruby-1.6.4/gems/rake-0.9.2/lib/rake/ext/module.rb:36:in `const_missing'
    /home/guy/my-dev/jmongo/lib/jmongo/db.rb:146:in `index_information'
    /home/guy/my-dev/jmongo/lib/jmongo/collection.rb:600:in `index_information'
    /home/guy/my-dev/jmongo/test/collection_test.rb:831:in `__bind_1316531436_172000'
    org/jruby/RubyMethod.java:117:in `call'
    /home/guy/.rvm/gems/jruby-1.6.4/gems/shoulda-2.11.3/lib/shoulda/context.rb:382:in `test: Drop index should drops an composite index. '
    org/jruby/RubyBasicObject.java:1685:in `__send__'
    /home/guy/.rvm/gems/jruby-1.6.4/gems/mocha-0.10.0/lib/mocha/integration/mini_test/version_142_to_172.rb:27:in `run'
    /home/guy/.rvm/gems/jruby-1.6.4/gems/mocha-0.10.0/lib/mocha/integration/mini_test/version_142_to_172.rb:24:in `run'
    /home/guy/.rvm/gems/jruby-1.6.4/gems/mocha-0.10.0/lib/mocha/integration/mini_test/version_142_to_172.rb:23:in `run'

116) Error:
test: Drop index should drops an index with symbols. (TestCollection):
NameError: uninitialized constant Mongo::DB::SYSTEM_INDEX_COLLECTION
    org/jruby/RubyModule.java:2569:in `const_missing'
    /home/guy/.rvm/gems/jruby-1.6.4/gems/rake-0.9.2/lib/rake/ext/module.rb:36:in `const_missing'
    /home/guy/my-dev/jmongo/lib/jmongo/db.rb:146:in `index_information'
    /home/guy/my-dev/jmongo/lib/jmongo/collection.rb:600:in `index_information'
    /home/guy/my-dev/jmongo/test/collection_test.rb:838:in `__bind_1316531436_177000'
    org/jruby/RubyMethod.java:117:in `call'
    /home/guy/.rvm/gems/jruby-1.6.4/gems/shoulda-2.11.3/lib/shoulda/context.rb:382:in `test: Drop index should drops an index with symbols. '
    org/jruby/RubyBasicObject.java:1685:in `__send__'
    /home/guy/.rvm/gems/jruby-1.6.4/gems/mocha-0.10.0/lib/mocha/integration/mini_test/version_142_to_172.rb:27:in `run'
    /home/guy/.rvm/gems/jruby-1.6.4/gems/mocha-0.10.0/lib/mocha/integration/mini_test/version_142_to_172.rb:24:in `run'
    /home/guy/.rvm/gems/jruby-1.6.4/gems/mocha-0.10.0/lib/mocha/integration/mini_test/version_142_to_172.rb:23:in `run'

117) Error:
test: Grouping should finalize grouped results. (TestCollection):
Mongo::OperationFailure: Database command 'group' failed: (errmsg: 'exception: reduce setup exec failed: JS Error: SyntaxError: syntax error reduce setup:1'; code: '10228'; ok: '0.0').
    /home/guy/my-dev/jmongo/lib/jmongo/db.rb:181:in `command'
    /home/guy/my-dev/jmongo/lib/jmongo/collection.rb:524:in `__group'
    /home/guy/my-dev/jmongo/lib/jmongo/collection.rb:441:in `group'
    /home/guy/my-dev/jmongo/test/collection_test.rb:734:in `__bind_1316531436_185000'
    org/jruby/RubyMethod.java:117:in `call'
    /home/guy/.rvm/gems/jruby-1.6.4/gems/shoulda-2.11.3/lib/shoulda/context.rb:382:in `test: Grouping should finalize grouped results. '
    org/jruby/RubyBasicObject.java:1685:in `__send__'
    /home/guy/.rvm/gems/jruby-1.6.4/gems/mocha-0.10.0/lib/mocha/integration/mini_test/version_142_to_172.rb:27:in `run'
    /home/guy/.rvm/gems/jruby-1.6.4/gems/mocha-0.10.0/lib/mocha/integration/mini_test/version_142_to_172.rb:24:in `run'
    /home/guy/.rvm/gems/jruby-1.6.4/gems/mocha-0.10.0/lib/mocha/integration/mini_test/version_142_to_172.rb:23:in `run'

118) Error:
test: Grouping should group results using eval form. (TestCollection):
Mongo::OperationFailure: Database command 'group' failed: (errmsg: 'exception: reduce setup exec failed: JS Error: SyntaxError: syntax error reduce setup:1'; code: '10228'; ok: '0.0').
    /home/guy/my-dev/jmongo/lib/jmongo/db.rb:181:in `command'
    /home/guy/my-dev/jmongo/lib/jmongo/collection.rb:524:in `__group'
    /home/guy/my-dev/jmongo/lib/jmongo/collection.rb:441:in `group'
    /home/guy/my-dev/jmongo/test/collection_test.rb:727:in `__bind_1316531436_214000'
    org/jruby/RubyMethod.java:117:in `call'
    /home/guy/.rvm/gems/jruby-1.6.4/gems/shoulda-2.11.3/lib/shoulda/context.rb:382:in `test: Grouping should group results using eval form. '
    org/jruby/RubyBasicObject.java:1685:in `__send__'
    /home/guy/.rvm/gems/jruby-1.6.4/gems/mocha-0.10.0/lib/mocha/integration/mini_test/version_142_to_172.rb:27:in `run'
    /home/guy/.rvm/gems/jruby-1.6.4/gems/mocha-0.10.0/lib/mocha/integration/mini_test/version_142_to_172.rb:24:in `run'
    /home/guy/.rvm/gems/jruby-1.6.4/gems/mocha-0.10.0/lib/mocha/integration/mini_test/version_142_to_172.rb:23:in `run'

119) Error:
test: Grouping with a key function should group filtered results. (TestCollection):
Mongo::OperationFailure: Database command 'group' failed: (errmsg: 'exception: reduce setup exec failed: JS Error: SyntaxError: syntax error reduce setup:1'; code: '10228'; ok: '0.0').
    /home/guy/my-dev/jmongo/lib/jmongo/db.rb:181:in `command'
    /home/guy/my-dev/jmongo/lib/jmongo/collection.rb:524:in `__group'
    /home/guy/my-dev/jmongo/lib/jmongo/collection.rb:441:in `group'
    /home/guy/my-dev/jmongo/test/collection_test.rb:775:in `__bind_1316531436_218000'
    org/jruby/RubyMethod.java:117:in `call'
    /home/guy/.rvm/gems/jruby-1.6.4/gems/shoulda-2.11.3/lib/shoulda/context.rb:382:in `test: Grouping with a key function should group filtered results. '
    org/jruby/RubyBasicObject.java:1685:in `__send__'
    /home/guy/.rvm/gems/jruby-1.6.4/gems/mocha-0.10.0/lib/mocha/integration/mini_test/version_142_to_172.rb:27:in `run'
    /home/guy/.rvm/gems/jruby-1.6.4/gems/mocha-0.10.0/lib/mocha/integration/mini_test/version_142_to_172.rb:24:in `run'
    /home/guy/.rvm/gems/jruby-1.6.4/gems/mocha-0.10.0/lib/mocha/integration/mini_test/version_142_to_172.rb:23:in `run'

120) Error:
test: Grouping with a key function should group results. (TestCollection):
Mongo::OperationFailure: Database command 'group' failed: (errmsg: 'exception: reduce setup exec failed: JS Error: SyntaxError: syntax error reduce setup:1'; code: '10228'; ok: '0.0').
    /home/guy/my-dev/jmongo/lib/jmongo/db.rb:181:in `command'
    /home/guy/my-dev/jmongo/lib/jmongo/collection.rb:524:in `__group'
    /home/guy/my-dev/jmongo/lib/jmongo/collection.rb:441:in `group'
    /home/guy/my-dev/jmongo/test/collection_test.rb:769:in `__bind_1316531436_221000'
    org/jruby/RubyMethod.java:117:in `call'
    /home/guy/.rvm/gems/jruby-1.6.4/gems/shoulda-2.11.3/lib/shoulda/context.rb:382:in `test: Grouping with a key function should group results. '
    org/jruby/RubyBasicObject.java:1685:in `__send__'
    /home/guy/.rvm/gems/jruby-1.6.4/gems/mocha-0.10.0/lib/mocha/integration/mini_test/version_142_to_172.rb:27:in `run'
    /home/guy/.rvm/gems/jruby-1.6.4/gems/mocha-0.10.0/lib/mocha/integration/mini_test/version_142_to_172.rb:24:in `run'
    /home/guy/.rvm/gems/jruby-1.6.4/gems/mocha-0.10.0/lib/mocha/integration/mini_test/version_142_to_172.rb:23:in `run'

121) Error:
test: Grouping with key should group. (TestCollection):
Mongo::OperationFailure: Database command 'group' failed: (errmsg: 'exception: reduce setup exec failed: JS Error: SyntaxError: syntax error reduce setup:1'; code: '10228'; ok: '0.0').
    /home/guy/my-dev/jmongo/lib/jmongo/db.rb:181:in `command'
    /home/guy/my-dev/jmongo/lib/jmongo/collection.rb:524:in `__group'
    /home/guy/my-dev/jmongo/lib/jmongo/collection.rb:441:in `group'
    /home/guy/my-dev/jmongo/test/collection_test.rb:750:in `__bind_1316531436_225000'
    org/jruby/RubyMethod.java:117:in `call'
    /home/guy/.rvm/gems/jruby-1.6.4/gems/shoulda-2.11.3/lib/shoulda/context.rb:382:in `test: Grouping with key should group. '
    org/jruby/RubyBasicObject.java:1685:in `__send__'
    /home/guy/.rvm/gems/jruby-1.6.4/gems/mocha-0.10.0/lib/mocha/integration/mini_test/version_142_to_172.rb:27:in `run'
    /home/guy/.rvm/gems/jruby-1.6.4/gems/mocha-0.10.0/lib/mocha/integration/mini_test/version_142_to_172.rb:24:in `run'
    /home/guy/.rvm/gems/jruby-1.6.4/gems/mocha-0.10.0/lib/mocha/integration/mini_test/version_142_to_172.rb:23:in `run'

122) Failure:
test_bulk_insert_with_continue_on_error(TestCollection) [/home/guy/my-dev/jmongo/test/collection_test.rb:162]:
[Mongo::OperationFailure] exception expected, not
Class: <NativeException>
Message: <"com.mongodb.MongoException$DuplicateKey: E11000 duplicate key error index: ruby-test-db.test.$foo_1  dup key: { : 1 }">
---Backtrace---
com/mongodb/CommandResult.java:80:in `getException'
com/mongodb/CommandResult.java:116:in `throwOnError'
com/mongodb/DBTCPConnector.java:126:in `_checkWriteError'
com/mongodb/DBTCPConnector.java:148:in `say'
com/mongodb/DBTCPConnector.java:132:in `say'
com/mongodb/DBApiLayer.java:262:in `insert'
com/mongodb/DBApiLayer.java:217:in `insert'
com/mongodb/DBCollection.java:118:in `insert'
/home/guy/my-dev/jmongo/lib/jmongo/ajrb.rb:132:in `insert_documents'
/home/guy/my-dev/jmongo/lib/jmongo/collection.rb:231:in `insert'
/home/guy/my-dev/jmongo/test/collection_test.rb:163:in `test_bulk_insert_with_continue_on_error'
---------------

123) Error:
test_capped_method(TestCollection):
NoMethodError: undefined method `capped?' for #<Mongo::Collection:0x4d7d6087>
    /home/guy/my-dev/jmongo/test/collection_test.rb:15:in `test_capped_method'
    org/jruby/RubyBasicObject.java:1685:in `__send__'
    /home/guy/.rvm/gems/jruby-1.6.4/gems/mocha-0.10.0/lib/mocha/integration/mini_test/version_142_to_172.rb:27:in `run'
    /home/guy/.rvm/gems/jruby-1.6.4/gems/mocha-0.10.0/lib/mocha/integration/mini_test/version_142_to_172.rb:24:in `run'
    /home/guy/.rvm/gems/jruby-1.6.4/gems/mocha-0.10.0/lib/mocha/integration/mini_test/version_142_to_172.rb:23:in `run'

124) Failure:
test_collection(TestCollection) [/home/guy/my-dev/jmongo/test/collection_test.rb:71]:
Expected nil to be a kind of Mongo::Collection, not NilClass.

125) Error:
test_count(TestCollection):
ArgumentError: wrong number of arguments (1 for 0)
    /home/guy/my-dev/jmongo/test/collection_test.rb:321:in `test_count'
    org/jruby/RubyBasicObject.java:1685:in `__send__'
    /home/guy/.rvm/gems/jruby-1.6.4/gems/mocha-0.10.0/lib/mocha/integration/mini_test/version_142_to_172.rb:27:in `run'
    /home/guy/.rvm/gems/jruby-1.6.4/gems/mocha-0.10.0/lib/mocha/integration/mini_test/version_142_to_172.rb:24:in `run'
    /home/guy/.rvm/gems/jruby-1.6.4/gems/mocha-0.10.0/lib/mocha/integration/mini_test/version_142_to_172.rb:23:in `run'

126) Error:
test_distinct_queries(TestCollection):
NameError: no method 'distinct' for arguments (org.jruby.RubySymbol) on #<Class:0x1083cf055>
    /home/guy/my-dev/jmongo/lib/jmongo/collection.rb:560:in `distinct'
    /home/guy/my-dev/jmongo/test/collection_test.rb:125:in `test_distinct_queries'
    org/jruby/RubyBasicObject.java:1685:in `__send__'
    /home/guy/.rvm/gems/jruby-1.6.4/gems/mocha-0.10.0/lib/mocha/integration/mini_test/version_142_to_172.rb:27:in `run'
    /home/guy/.rvm/gems/jruby-1.6.4/gems/mocha-0.10.0/lib/mocha/integration/mini_test/version_142_to_172.rb:24:in `run'
    /home/guy/.rvm/gems/jruby-1.6.4/gems/mocha-0.10.0/lib/mocha/integration/mini_test/version_142_to_172.rb:23:in `run'

127) Error:
test_ensure_index(TestCollection):
NameError: uninitialized constant Mongo::DB::SYSTEM_INDEX_COLLECTION
    org/jruby/RubyModule.java:2569:in `const_missing'
    /home/guy/.rvm/gems/jruby-1.6.4/gems/rake-0.9.2/lib/rake/ext/module.rb:36:in `const_missing'
    /home/guy/my-dev/jmongo/lib/jmongo/db.rb:146:in `index_information'
    /home/guy/my-dev/jmongo/lib/jmongo/collection.rb:600:in `index_information'
    /home/guy/my-dev/jmongo/test/collection_test.rb:659:in `test_ensure_index'
    org/jruby/RubyBasicObject.java:1685:in `__send__'
    /home/guy/.rvm/gems/jruby-1.6.4/gems/mocha-0.10.0/lib/mocha/integration/mini_test/version_142_to_172.rb:27:in `run'
    /home/guy/.rvm/gems/jruby-1.6.4/gems/mocha-0.10.0/lib/mocha/integration/mini_test/version_142_to_172.rb:24:in `run'
    /home/guy/.rvm/gems/jruby-1.6.4/gems/mocha-0.10.0/lib/mocha/integration/mini_test/version_142_to_172.rb:23:in `run'

128) Error:
test_ensure_index_timeout(TestCollection):
NoMethodError: undefined method `cache_time=' for #<Mongo::DB:0x624c66cf>
    /home/guy/my-dev/jmongo/test/collection_test.rb:691:in `test_ensure_index_timeout'
    org/jruby/RubyBasicObject.java:1685:in `__send__'
    /home/guy/.rvm/gems/jruby-1.6.4/gems/mocha-0.10.0/lib/mocha/integration/mini_test/version_142_to_172.rb:27:in `run'
    /home/guy/.rvm/gems/jruby-1.6.4/gems/mocha-0.10.0/lib/mocha/integration/mini_test/version_142_to_172.rb:24:in `run'
    /home/guy/.rvm/gems/jruby-1.6.4/gems/mocha-0.10.0/lib/mocha/integration/mini_test/version_142_to_172.rb:23:in `run'

129) Error:
test_fields_as_hash(TestCollection):
NativeException: com.mongodb.MongoException: Unsupported projection option: b
    com/mongodb/MongoException.java:82:in `parse'
    com/mongodb/DBApiLayer.java:310:in `__find'
    com/mongodb/DBCollection.java:565:in `findOne'
    /home/guy/my-dev/jmongo/lib/jmongo/ajrb.rb:141:in `find_one_document'
    /home/guy/my-dev/jmongo/lib/jmongo/collection.rb:192:in `find_one'
    /home/guy/my-dev/jmongo/test/collection_test.rb:363:in `test_fields_as_hash'
    org/jruby/RubyBasicObject.java:1685:in `__send__'
    /home/guy/.rvm/gems/jruby-1.6.4/gems/mocha-0.10.0/lib/mocha/integration/mini_test/version_142_to_172.rb:27:in `run'
    /home/guy/.rvm/gems/jruby-1.6.4/gems/mocha-0.10.0/lib/mocha/integration/mini_test/version_142_to_172.rb:24:in `run'
    /home/guy/.rvm/gems/jruby-1.6.4/gems/mocha-0.10.0/lib/mocha/integration/mini_test/version_142_to_172.rb:23:in `run'

130) Error:
test_fields_with_slice(TestCollection):
NativeException: com.mongodb.MongoException: Unsupported projection option: foo
    com/mongodb/MongoException.java:82:in `parse'
    com/mongodb/DBApiLayer.java:310:in `__find'
    com/mongodb/DBCollection.java:565:in `findOne'
    /home/guy/my-dev/jmongo/lib/jmongo/ajrb.rb:141:in `find_one_document'
    /home/guy/my-dev/jmongo/lib/jmongo/collection.rb:192:in `find_one'
    /home/guy/my-dev/jmongo/test/collection_test.rb:383:in `test_fields_with_slice'
    org/jruby/RubyBasicObject.java:1685:in `__send__'
    /home/guy/.rvm/gems/jruby-1.6.4/gems/mocha-0.10.0/lib/mocha/integration/mini_test/version_142_to_172.rb:27:in `run'
    /home/guy/.rvm/gems/jruby-1.6.4/gems/mocha-0.10.0/lib/mocha/integration/mini_test/version_142_to_172.rb:24:in `run'
    /home/guy/.rvm/gems/jruby-1.6.4/gems/mocha-0.10.0/lib/mocha/integration/mini_test/version_142_to_172.rb:23:in `run'

131) Error:
test_filter_collection_with_query(TestCollection):
Java::JavaLang::NullPointerException: 
    org.jruby.util.CodegenUtils.human(CodegenUtils.java:98)
    org.jruby.util.CodegenUtils.prettyParams(CodegenUtils.java:152)
    org.jruby.java.dispatch.CallableSelector.argumentError(CallableSelector.java:462)
    org.jruby.java.dispatch.CallableSelector.argTypesDoNotMatch(CallableSelector.java:436)
    org.jruby.java.invokers.RubyToJavaInvoker.findCallableArityTwo(RubyToJavaInvoker.java:248)
    org.jruby.java.invokers.InstanceMethodInvoker.call(InstanceMethodInvoker.java:66)
    org.jruby.runtime.callsite.CachingCallSite.cacheAndCall(CachingCallSite.java:332)
    org.jruby.runtime.callsite.CachingCallSite.call(CachingCallSite.java:203)
    org.jruby.ast.CallTwoArgNode.interpret(CallTwoArgNode.java:59)
    org.jruby.ast.FCallOneArgNode.interpret(FCallOneArgNode.java:36)
    org.jruby.ast.NewlineNode.interpret(NewlineNode.java:104)
    org.jruby.ast.IfNode.interpret(IfNode.java:117)
    org.jruby.ast.NewlineNode.interpret(NewlineNode.java:104)
    org.jruby.ast.BlockNode.interpret(BlockNode.java:71)
    org.jruby.evaluator.ASTInterpreter.INTERPRET_METHOD(ASTInterpreter.java:75)
    org.jruby.internal.runtime.methods.InterpretedMethod.call(InterpretedMethod.java:233)
    org.jruby.internal.runtime.methods.DefaultMethod.call(DefaultMethod.java:195)
    org.jruby.runtime.callsite.CachingCallSite.cacheAndCall(CachingCallSite.java:332)
    org.jruby.runtime.callsite.CachingCallSite.call(CachingCallSite.java:203)
    org.jruby.ast.CallTwoArgNode.interpret(CallTwoArgNode.java:59)
    org.jruby.ast.CallNoArgNode.interpret(CallNoArgNode.java:63)
    org.jruby.ast.FCallTwoArgNode.interpret(FCallTwoArgNode.java:38)
    org.jruby.ast.NewlineNode.interpret(NewlineNode.java:104)
    org.jruby.ast.BlockNode.interpret(BlockNode.java:71)
    org.jruby.evaluator.ASTInterpreter.INTERPRET_METHOD(ASTInterpreter.java:75)
    org.jruby.internal.runtime.methods.InterpretedMethod.call(InterpretedMethod.java:169)
    org.jruby.internal.runtime.methods.DefaultMethod.call(DefaultMethod.java:171)
    org.jruby.RubyClass.finvoke(RubyClass.java:523)
    org.jruby.RubyBasicObject.send19(RubyBasicObject.java:1685)
    org.jruby.RubyBasicObject$i$send19.call(RubyBasicObject$i$send19.gen:65535)
    org.jruby.internal.runtime.methods.JavaMethod$JavaMethodZeroOrOneOrNBlock.call(JavaMethod.java:266)
    org.jruby.runtime.callsite.CachingCallSite.call(CachingCallSite.java:167)
    rubyjit.run_9A42DB410F342DD31E49D3F9C7D7FABDDED345C8.chained_2_rescue_1$RUBY$SYNTHETIC__file__(/home/guy/.rvm/gems/jruby-1.6.4/gems/mocha-0.10.0/lib/mocha/integration/mini_test/version_142_to_172.rb:27)
    rubyjit.run_9A42DB410F342DD31E49D3F9C7D7FABDDED345C8.chained_1_ensure_2$RUBY$__ensure__(/home/guy/.rvm/gems/jruby-1.6.4/gems/mocha-0.10.0/lib/mocha/integration/mini_test/version_142_to_172.rb)
    rubyjit.run_9A42DB410F342DD31E49D3F9C7D7FABDDED345C8.chained_0_ensure_1$RUBY$__ensure__(/home/guy/.rvm/gems/jruby-1.6.4/gems/mocha-0.10.0/lib/mocha/integration/mini_test/version_142_to_172.rb:24)
    rubyjit.run_9A42DB410F342DD31E49D3F9C7D7FABDDED345C8.__file__(/home/guy/.rvm/gems/jruby-1.6.4/gems/mocha-0.10.0/lib/mocha/integration/mini_test/version_142_to_172.rb:23)
    rubyjit.run_9A42DB410F342DD31E49D3F9C7D7FABDDED345C8.__file__(/home/guy/.rvm/gems/jruby-1.6.4/gems/mocha-0.10.0/lib/mocha/integration/mini_test/version_142_to_172.rb)
    org.jruby.internal.runtime.methods.JittedMethod.call(JittedMethod.java:167)
    org.jruby.runtime.callsite.CachingCallSite.call(CachingCallSite.java:167)
    org.jruby.ast.CallOneArgNode.interpret(CallOneArgNode.java:57)
    org.jruby.ast.DAsgnNode.interpret(DAsgnNode.java:110)
    org.jruby.ast.NewlineNode.interpret(NewlineNode.java:104)
    org.jruby.ast.BlockNode.interpret(BlockNode.java:71)
    org.jruby.evaluator.ASTInterpreter.INTERPRET_BLOCK(ASTInterpreter.java:112)
    org.jruby.runtime.Interpreted19Block.evalBlockBody(Interpreted19Block.java:203)
    org.jruby.runtime.Interpreted19Block.yield(Interpreted19Block.java:154)
    org.jruby.runtime.Block.yield(Block.java:130)
    org.jruby.RubyArray.eachCommon(RubyArray.java:1596)
    org.jruby.RubyArray.each(RubyArray.java:1603)
    org.jruby.RubyArray$i$0$0$each.call(RubyArray$i$0$0$each.gen:65535)
    org.jruby.runtime.callsite.CachingCallSite.callBlock(CachingCallSite.java:142)
    org.jruby.runtime.callsite.CachingCallSite.callIter(CachingCallSite.java:153)
    org.jruby.ast.CallNoArgBlockNode.interpret(CallNoArgBlockNode.java:64)
    org.jruby.ast.NewlineNode.interpret(NewlineNode.java:104)
    org.jruby.evaluator.ASTInterpreter.INTERPRET_BLOCK(ASTInterpreter.java:112)
    org.jruby.runtime.Interpreted19Block.evalBlockBody(Interpreted19Block.java:203)
    org.jruby.runtime.Interpreted19Block.yield(Interpreted19Block.java:154)
    org.jruby.runtime.Block.yield(Block.java:130)
    org.jruby.RubyArray.eachCommon(RubyArray.java:1596)
    org.jruby.RubyArray.each(RubyArray.java:1603)
    org.jruby.RubyArray$i$0$0$each.call(RubyArray$i$0$0$each.gen:65535)
    org.jruby.runtime.callsite.CachingCallSite.cacheAndCall(CachingCallSite.java:302)
    org.jruby.runtime.callsite.CachingCallSite.callBlock(CachingCallSite.java:144)
    org.jruby.runtime.callsite.CachingCallSite.callIter(CachingCallSite.java:153)
    org.jruby.ast.CallNoArgBlockNode.interpret(CallNoArgBlockNode.java:64)
    org.jruby.ast.NewlineNode.interpret(NewlineNode.java:104)
    org.jruby.ast.BlockNode.interpret(BlockNode.java:71)
    org.jruby.evaluator.ASTInterpreter.INTERPRET_METHOD(ASTInterpreter.java:75)
    org.jruby.internal.runtime.methods.InterpretedMethod.call(InterpretedMethod.java:190)
    org.jruby.internal.runtime.methods.DefaultMethod.call(DefaultMethod.java:179)
    org.jruby.runtime.callsite.CachingCallSite.cacheAndCall(CachingCallSite.java:312)
    org.jruby.runtime.callsite.CachingCallSite.call(CachingCallSite.java:169)
    org.jruby.ast.FCallOneArgNode.interpret(FCallOneArgNode.java:36)
    org.jruby.ast.NewlineNode.interpret(NewlineNode.java:104)
    org.jruby.ast.BlockNode.interpret(BlockNode.java:71)
    org.jruby.ast.RescueNode.executeBody(RescueNode.java:216)
    org.jruby.ast.RescueNode.interpretWithJavaExceptions(RescueNode.java:120)
    org.jruby.ast.RescueNode.interpret(RescueNode.java:110)
    org.jruby.evaluator.ASTInterpreter.INTERPRET_METHOD(ASTInterpreter.java:75)
    org.jruby.internal.runtime.methods.InterpretedMethod.call(InterpretedMethod.java:190)
    org.jruby.internal.runtime.methods.DefaultMethod.call(DefaultMethod.java:179)
    org.jruby.runtime.callsite.CachingCallSite.cacheAndCall(CachingCallSite.java:312)
    org.jruby.runtime.callsite.CachingCallSite.call(CachingCallSite.java:169)
    org.jruby.ast.CallOneArgNode.interpret(CallOneArgNode.java:57)
    org.jruby.ast.DAsgnNode.interpret(DAsgnNode.java:110)
    org.jruby.ast.NewlineNode.interpret(NewlineNode.java:104)
    org.jruby.ast.BlockNode.interpret(BlockNode.java:71)
    org.jruby.evaluator.ASTInterpreter.INTERPRET_BLOCK(ASTInterpreter.java:112)
    org.jruby.runtime.Interpreted19Block.evalBlockBody(Interpreted19Block.java:203)
    org.jruby.runtime.Interpreted19Block.yield(Interpreted19Block.java:191)
    org.jruby.runtime.Interpreted19Block.call(Interpreted19Block.java:122)
    org.jruby.runtime.Block.call(Block.java:89)
    org.jruby.RubyProc.call(RubyProc.java:274)
    org.jruby.RubyProc.call(RubyProc.java:233)
    org.jruby.Ruby.tearDown(Ruby.java:2739)
    org.jruby.Ruby.tearDown(Ruby.java:2726)
    org.jruby.Main.internalRun(Main.java:201)
    org.jruby.Main.run(Main.java:164)
    org.jruby.Main.run(Main.java:148)
    org.jruby.util.ShellLauncher$ScriptThreadProcess.run(ShellLauncher.java:140)
    java.lang.Thread.run(Thread.java:722)

132) Error:
test_find_and_modify(TestCollection):
Java::JavaLang::NullPointerException: 
    org.jruby.util.CodegenUtils.human(CodegenUtils.java:98)
    org.jruby.util.CodegenUtils.prettyParams(CodegenUtils.java:152)
    org.jruby.java.dispatch.CallableSelector.argumentError(CallableSelector.java:462)
    org.jruby.java.dispatch.CallableSelector.argTypesDoNotMatch(CallableSelector.java:436)
    org.jruby.java.invokers.RubyToJavaInvoker.findCallable(RubyToJavaInvoker.java:191)
    org.jruby.java.invokers.InstanceMethodInvoker.call(InstanceMethodInvoker.java:28)
    org.jruby.internal.runtime.methods.AliasMethod.call(AliasMethod.java:76)
    org.jruby.runtime.callsite.CachingCallSite.cacheAndCall(CachingCallSite.java:282)
    org.jruby.runtime.callsite.CachingCallSite.call(CachingCallSite.java:71)
    org.jruby.ast.CallManyArgsNode.interpret(CallManyArgsNode.java:59)
    org.jruby.ast.FCallOneArgNode.interpret(FCallOneArgNode.java:36)
    org.jruby.ast.NewlineNode.interpret(NewlineNode.java:104)
    org.jruby.evaluator.ASTInterpreter.INTERPRET_METHOD(ASTInterpreter.java:75)
    org.jruby.internal.runtime.methods.InterpretedMethod.call(InterpretedMethod.java:120)
    org.jruby.internal.runtime.methods.InterpretedMethod.call(InterpretedMethod.java:134)
    org.jruby.internal.runtime.methods.DefaultMethod.call(DefaultMethod.java:154)
    org.jruby.runtime.callsite.CachingCallSite.cacheAndCall(CachingCallSite.java:282)
    org.jruby.runtime.callsite.CachingCallSite.call(CachingCallSite.java:71)
    org.jruby.ast.FCallManyArgsNode.interpret(FCallManyArgsNode.java:60)
    org.jruby.ast.NewlineNode.interpret(NewlineNode.java:104)
    org.jruby.ast.BlockNode.interpret(BlockNode.java:71)
    org.jruby.evaluator.ASTInterpreter.INTERPRET_METHOD(ASTInterpreter.java:75)
    org.jruby.internal.runtime.methods.InterpretedMethod.call(InterpretedMethod.java:190)
    org.jruby.internal.runtime.methods.DefaultMethod.call(DefaultMethod.java:179)
    org.jruby.runtime.callsite.CachingCallSite.cacheAndCall(CachingCallSite.java:312)
    org.jruby.runtime.callsite.CachingCallSite.call(CachingCallSite.java:169)
    org.jruby.ast.CallOneArgNode.interpret(CallOneArgNode.java:57)
    org.jruby.ast.NewlineNode.interpret(NewlineNode.java:104)
    org.jruby.ast.BlockNode.interpret(BlockNode.java:71)
    org.jruby.evaluator.ASTInterpreter.INTERPRET_METHOD(ASTInterpreter.java:75)
    org.jruby.internal.runtime.methods.InterpretedMethod.call(InterpretedMethod.java:169)
    org.jruby.internal.runtime.methods.DefaultMethod.call(DefaultMethod.java:171)
    org.jruby.RubyClass.finvoke(RubyClass.java:523)
    org.jruby.RubyBasicObject.send19(RubyBasicObject.java:1685)
    org.jruby.RubyBasicObject$i$send19.call(RubyBasicObject$i$send19.gen:65535)
    org.jruby.internal.runtime.methods.JavaMethod$JavaMethodZeroOrOneOrNBlock.call(JavaMethod.java:266)
    org.jruby.runtime.callsite.CachingCallSite.call(CachingCallSite.java:167)
    rubyjit.run_9A42DB410F342DD31E49D3F9C7D7FABDDED345C8.chained_2_rescue_1$RUBY$SYNTHETIC__file__(/home/guy/.rvm/gems/jruby-1.6.4/gems/mocha-0.10.0/lib/mocha/integration/mini_test/version_142_to_172.rb:27)
    rubyjit.run_9A42DB410F342DD31E49D3F9C7D7FABDDED345C8.chained_1_ensure_2$RUBY$__ensure__(/home/guy/.rvm/gems/jruby-1.6.4/gems/mocha-0.10.0/lib/mocha/integration/mini_test/version_142_to_172.rb)
    rubyjit.run_9A42DB410F342DD31E49D3F9C7D7FABDDED345C8.chained_0_ensure_1$RUBY$__ensure__(/home/guy/.rvm/gems/jruby-1.6.4/gems/mocha-0.10.0/lib/mocha/integration/mini_test/version_142_to_172.rb:24)
    rubyjit.run_9A42DB410F342DD31E49D3F9C7D7FABDDED345C8.__file__(/home/guy/.rvm/gems/jruby-1.6.4/gems/mocha-0.10.0/lib/mocha/integration/mini_test/version_142_to_172.rb:23)
    rubyjit.run_9A42DB410F342DD31E49D3F9C7D7FABDDED345C8.__file__(/home/guy/.rvm/gems/jruby-1.6.4/gems/mocha-0.10.0/lib/mocha/integration/mini_test/version_142_to_172.rb)
    org.jruby.internal.runtime.methods.JittedMethod.call(JittedMethod.java:167)
    org.jruby.runtime.callsite.CachingCallSite.call(CachingCallSite.java:167)
    org.jruby.ast.CallOneArgNode.interpret(CallOneArgNode.java:57)
    org.jruby.ast.DAsgnNode.interpret(DAsgnNode.java:110)
    org.jruby.ast.NewlineNode.interpret(NewlineNode.java:104)
    org.jruby.ast.BlockNode.interpret(BlockNode.java:71)
    org.jruby.evaluator.ASTInterpreter.INTERPRET_BLOCK(ASTInterpreter.java:112)
    org.jruby.runtime.Interpreted19Block.evalBlockBody(Interpreted19Block.java:203)
    org.jruby.runtime.Interpreted19Block.yield(Interpreted19Block.java:154)
    org.jruby.runtime.Block.yield(Block.java:130)
    org.jruby.RubyArray.eachCommon(RubyArray.java:1596)
    org.jruby.RubyArray.each(RubyArray.java:1603)
    org.jruby.RubyArray$i$0$0$each.call(RubyArray$i$0$0$each.gen:65535)
    org.jruby.runtime.callsite.CachingCallSite.callBlock(CachingCallSite.java:142)
    org.jruby.runtime.callsite.CachingCallSite.callIter(CachingCallSite.java:153)
    org.jruby.ast.CallNoArgBlockNode.interpret(CallNoArgBlockNode.java:64)
    org.jruby.ast.NewlineNode.interpret(NewlineNode.java:104)
    org.jruby.evaluator.ASTInterpreter.INTERPRET_BLOCK(ASTInterpreter.java:112)
    org.jruby.runtime.Interpreted19Block.evalBlockBody(Interpreted19Block.java:203)
    org.jruby.runtime.Interpreted19Block.yield(Interpreted19Block.java:154)
    org.jruby.runtime.Block.yield(Block.java:130)
    org.jruby.RubyArray.eachCommon(RubyArray.java:1596)
    org.jruby.RubyArray.each(RubyArray.java:1603)
    org.jruby.RubyArray$i$0$0$each.call(RubyArray$i$0$0$each.gen:65535)
    org.jruby.runtime.callsite.CachingCallSite.cacheAndCall(CachingCallSite.java:302)
    org.jruby.runtime.callsite.CachingCallSite.callBlock(CachingCallSite.java:144)
    org.jruby.runtime.callsite.CachingCallSite.callIter(CachingCallSite.java:153)
    org.jruby.ast.CallNoArgBlockNode.interpret(CallNoArgBlockNode.java:64)
    org.jruby.ast.NewlineNode.interpret(NewlineNode.java:104)
    org.jruby.ast.BlockNode.interpret(BlockNode.java:71)
    org.jruby.evaluator.ASTInterpreter.INTERPRET_METHOD(ASTInterpreter.java:75)
    org.jruby.internal.runtime.methods.InterpretedMethod.call(InterpretedMethod.java:190)
    org.jruby.internal.runtime.methods.DefaultMethod.call(DefaultMethod.java:179)
    org.jruby.runtime.callsite.CachingCallSite.cacheAndCall(CachingCallSite.java:312)
    org.jruby.runtime.callsite.CachingCallSite.call(CachingCallSite.java:169)
    org.jruby.ast.FCallOneArgNode.interpret(FCallOneArgNode.java:36)
    org.jruby.ast.NewlineNode.interpret(NewlineNode.java:104)
    org.jruby.ast.BlockNode.interpret(BlockNode.java:71)
    org.jruby.ast.RescueNode.executeBody(RescueNode.java:216)
    org.jruby.ast.RescueNode.interpretWithJavaExceptions(RescueNode.java:120)
    org.jruby.ast.RescueNode.interpret(RescueNode.java:110)
    org.jruby.evaluator.ASTInterpreter.INTERPRET_METHOD(ASTInterpreter.java:75)
    org.jruby.internal.runtime.methods.InterpretedMethod.call(InterpretedMethod.java:190)
    org.jruby.internal.runtime.methods.DefaultMethod.call(DefaultMethod.java:179)
    org.jruby.runtime.callsite.CachingCallSite.cacheAndCall(CachingCallSite.java:312)
    org.jruby.runtime.callsite.CachingCallSite.call(CachingCallSite.java:169)
    org.jruby.ast.CallOneArgNode.interpret(CallOneArgNode.java:57)
    org.jruby.ast.DAsgnNode.interpret(DAsgnNode.java:110)
    org.jruby.ast.NewlineNode.interpret(NewlineNode.java:104)
    org.jruby.ast.BlockNode.interpret(BlockNode.java:71)
    org.jruby.evaluator.ASTInterpreter.INTERPRET_BLOCK(ASTInterpreter.java:112)
    org.jruby.runtime.Interpreted19Block.evalBlockBody(Interpreted19Block.java:203)
    org.jruby.runtime.Interpreted19Block.yield(Interpreted19Block.java:191)
    org.jruby.runtime.Interpreted19Block.call(Interpreted19Block.java:122)
    org.jruby.runtime.Block.call(Block.java:89)
    org.jruby.RubyProc.call(RubyProc.java:274)
    org.jruby.RubyProc.call(RubyProc.java:233)
    org.jruby.Ruby.tearDown(Ruby.java:2739)
    org.jruby.Ruby.tearDown(Ruby.java:2726)
    org.jruby.Main.internalRun(Main.java:201)
    org.jruby.Main.run(Main.java:164)
    org.jruby.Main.run(Main.java:148)
    org.jruby.util.ShellLauncher$ScriptThreadProcess.run(ShellLauncher.java:140)
    java.lang.Thread.run(Thread.java:722)

133) Failure:
test_find_and_modify_with_invalid_options(TestCollection) [/home/guy/my-dev/jmongo/test/collection_test.rb:559]:
[Mongo::OperationFailure] exception expected, not
Class: <NativeException>
Message: <"com.mongodb.CommandResult$CommandFailure: command failed [command failed [findandmodify] { \"errmsg\" : \"exception: must specify remove or update\" , \"code\" : 12516 , \"ok\" : 0.0}">
---Backtrace---
com/mongodb/CommandResult.java:70:in `getException'
com/mongodb/CommandResult.java:116:in `throwOnError'
com/mongodb/DBCollection.java:319:in `findAndModify'
/home/guy/my-dev/jmongo/lib/jmongo/ajrb.rb:137:in `find_and_modify_document'
/home/guy/my-dev/jmongo/lib/jmongo/collection.rb:381:in `find_and_modify'
/home/guy/my-dev/jmongo/test/collection_test.rb:560:in `test_find_and_modify_with_invalid_options'
---------------

134) Error:
test_find_one(TestCollection):
TypeError: can't convert String into Integer
    org/jruby/java/proxies/JavaProxy.java:136:in `[]'
    /home/guy/my-dev/jmongo/test/collection_test.rb:397:in `test_find_one'
    org/jruby/RubyBasicObject.java:1685:in `__send__'
    /home/guy/.rvm/gems/jruby-1.6.4/gems/mocha-0.10.0/lib/mocha/integration/mini_test/version_142_to_172.rb:27:in `run'
    /home/guy/.rvm/gems/jruby-1.6.4/gems/mocha-0.10.0/lib/mocha/integration/mini_test/version_142_to_172.rb:24:in `run'
    /home/guy/.rvm/gems/jruby-1.6.4/gems/mocha-0.10.0/lib/mocha/integration/mini_test/version_142_to_172.rb:23:in `run'

135) Error:
test_find_one_with_transformer(TestCollection):
NativeException: java.lang.IllegalArgumentException: can't serialize class org.jruby.RubyProc
    org/bson/BSONEncoder.java:234:in `_putObjectField'
    org/bson/BSONEncoder.java:140:in `putObject'
    org/bson/BSONEncoder.java:86:in `putObject'
    com/mongodb/OutMessage.java:190:in `putObject'
    com/mongodb/OutMessage.java:65:in `_appendQuery'
    com/mongodb/OutMessage.java:40:in `query'
    com/mongodb/DBApiLayer.java:301:in `__find'
    com/mongodb/DBCollection.java:565:in `findOne'
    /home/guy/my-dev/jmongo/lib/jmongo/ajrb.rb:141:in `find_one_document'
    /home/guy/my-dev/jmongo/lib/jmongo/collection.rb:192:in `find_one'
    /home/guy/my-dev/jmongo/test/collection_test.rb:652:in `test_find_one_with_transformer'
    org/jruby/RubyBasicObject.java:1685:in `__send__'
    /home/guy/.rvm/gems/jruby-1.6.4/gems/mocha-0.10.0/lib/mocha/integration/mini_test/version_142_to_172.rb:27:in `run'
    /home/guy/.rvm/gems/jruby-1.6.4/gems/mocha-0.10.0/lib/mocha/integration/mini_test/version_142_to_172.rb:24:in `run'
    /home/guy/.rvm/gems/jruby-1.6.4/gems/mocha-0.10.0/lib/mocha/integration/mini_test/version_142_to_172.rb:23:in `run'

136) Error:
test_find_with_transformer(TestCollection):
RuntimeError: Unknown options [{:transformer=>#<Proc:0x51afee5d@/home/guy/my-dev/jmongo/test/collection_test.rb:643>}]
    /home/guy/my-dev/jmongo/lib/jmongo/collection.rb:153:in `find'
    /home/guy/my-dev/jmongo/test/collection_test.rb:644:in `test_find_with_transformer'
    org/jruby/RubyBasicObject.java:1685:in `__send__'
    /home/guy/.rvm/gems/jruby-1.6.4/gems/mocha-0.10.0/lib/mocha/integration/mini_test/version_142_to_172.rb:27:in `run'
    /home/guy/.rvm/gems/jruby-1.6.4/gems/mocha-0.10.0/lib/mocha/integration/mini_test/version_142_to_172.rb:24:in `run'
    /home/guy/.rvm/gems/jruby-1.6.4/gems/mocha-0.10.0/lib/mocha/integration/mini_test/version_142_to_172.rb:23:in `run'

137) Failure:
test_limit_and_skip(TestCollection) [/home/guy/my-dev/jmongo/test/collection_test.rb:600]:
<nil> expected but was
<{}>.

138) Error:
test_map_reduce(TestCollection):
Java::JavaLang::ClassCastException: org.jruby.RubySymbol cannot be cast to java.lang.String
    org.bson.BasicBSONObject.put(BasicBSONObject.java:32)
    org.jruby.java.proxies.MapJavaProxy$RubyHashMap.internalPut(MapJavaProxy.java:120)
    org.jruby.RubyHash.internalPut(RubyHash.java:474)
    org.jruby.RubyHash.fastASetCheckString(RubyHash.java:864)
    org.jruby.RubyHash.op_aset(RubyHash.java:888)
    org.jruby.RubyHash$25.visit(RubyHash.java:1586)
    org.jruby.RubyHash.visitAll(RubyHash.java:594)
    org.jruby.RubyHash.merge_bang19(RubyHash.java:1578)
    org.jruby.java.proxies.MapJavaProxy.merge_bang19(MapJavaProxy.java:622)
    org.jruby.java.proxies.MapJavaProxy$i$1$0$merge_bang19.call(MapJavaProxy$i$1$0$merge_bang19.gen:65535)
    org.jruby.internal.runtime.methods.JavaMethod$JavaMethodOneOrNBlock.call(JavaMethod.java:319)
    org.jruby.runtime.callsite.CachingCallSite.cacheAndCall(CachingCallSite.java:312)
    org.jruby.runtime.callsite.CachingCallSite.call(CachingCallSite.java:169)
    org.jruby.ast.CallOneArgNode.interpret(CallOneArgNode.java:57)
    org.jruby.ast.NewlineNode.interpret(NewlineNode.java:104)
    org.jruby.ast.BlockNode.interpret(BlockNode.java:71)
    org.jruby.evaluator.ASTInterpreter.INTERPRET_METHOD(ASTInterpreter.java:75)
    org.jruby.internal.runtime.methods.InterpretedMethod.call(InterpretedMethod.java:276)
    org.jruby.internal.runtime.methods.DefaultMethod.call(DefaultMethod.java:211)
    org.jruby.runtime.callsite.CachingCallSite.cacheAndCall(CachingCallSite.java:352)
    org.jruby.runtime.callsite.CachingCallSite.call(CachingCallSite.java:237)
    org.jruby.ast.CallThreeArgNode.interpret(CallThreeArgNode.java:61)
    org.jruby.ast.LocalAsgnNode.interpret(LocalAsgnNode.java:123)
    org.jruby.ast.NewlineNode.interpret(NewlineNode.java:104)
    org.jruby.ast.BlockNode.interpret(BlockNode.java:71)
    org.jruby.evaluator.ASTInterpreter.INTERPRET_METHOD(ASTInterpreter.java:75)
    org.jruby.internal.runtime.methods.InterpretedMethod.call(InterpretedMethod.java:169)
    org.jruby.internal.runtime.methods.DefaultMethod.call(DefaultMethod.java:171)
    org.jruby.RubyClass.finvoke(RubyClass.java:523)
    org.jruby.RubyBasicObject.send19(RubyBasicObject.java:1685)
    org.jruby.RubyBasicObject$i$send19.call(RubyBasicObject$i$send19.gen:65535)
    org.jruby.internal.runtime.methods.JavaMethod$JavaMethodZeroOrOneOrNBlock.call(JavaMethod.java:266)
    org.jruby.runtime.callsite.CachingCallSite.cacheAndCall(CachingCallSite.java:312)
    org.jruby.runtime.callsite.CachingCallSite.call(CachingCallSite.java:169)
    rubyjit.run_9A42DB410F342DD31E49D3F9C7D7FABDDED345C8.chained_2_rescue_1$RUBY$SYNTHETIC__file__(/home/guy/.rvm/gems/jruby-1.6.4/gems/mocha-0.10.0/lib/mocha/integration/mini_test/version_142_to_172.rb:27)
    rubyjit.run_9A42DB410F342DD31E49D3F9C7D7FABDDED345C8.chained_1_ensure_2$RUBY$__ensure__(/home/guy/.rvm/gems/jruby-1.6.4/gems/mocha-0.10.0/lib/mocha/integration/mini_test/version_142_to_172.rb)
    rubyjit.run_9A42DB410F342DD31E49D3F9C7D7FABDDED345C8.chained_0_ensure_1$RUBY$__ensure__(/home/guy/.rvm/gems/jruby-1.6.4/gems/mocha-0.10.0/lib/mocha/integration/mini_test/version_142_to_172.rb:24)
    rubyjit.run_9A42DB410F342DD31E49D3F9C7D7FABDDED345C8.__file__(/home/guy/.rvm/gems/jruby-1.6.4/gems/mocha-0.10.0/lib/mocha/integration/mini_test/version_142_to_172.rb:23)
    rubyjit.run_9A42DB410F342DD31E49D3F9C7D7FABDDED345C8.__file__(/home/guy/.rvm/gems/jruby-1.6.4/gems/mocha-0.10.0/lib/mocha/integration/mini_test/version_142_to_172.rb)
    org.jruby.internal.runtime.methods.JittedMethod.call(JittedMethod.java:167)
    org.jruby.runtime.callsite.CachingCallSite.cacheAndCall(CachingCallSite.java:312)
    org.jruby.runtime.callsite.CachingCallSite.call(CachingCallSite.java:169)
    org.jruby.ast.CallOneArgNode.interpret(CallOneArgNode.java:57)
    org.jruby.ast.DAsgnNode.interpret(DAsgnNode.java:110)
    org.jruby.ast.NewlineNode.interpret(NewlineNode.java:104)
    org.jruby.ast.BlockNode.interpret(BlockNode.java:71)
    org.jruby.evaluator.ASTInterpreter.INTERPRET_BLOCK(ASTInterpreter.java:112)
    org.jruby.runtime.Interpreted19Block.evalBlockBody(Interpreted19Block.java:203)
    org.jruby.runtime.Interpreted19Block.yield(Interpreted19Block.java:154)
    org.jruby.runtime.Block.yield(Block.java:130)
    org.jruby.RubyArray.eachCommon(RubyArray.java:1596)
    org.jruby.RubyArray.each(RubyArray.java:1603)
    org.jruby.RubyArray$i$0$0$each.call(RubyArray$i$0$0$each.gen:65535)
    org.jruby.runtime.callsite.CachingCallSite.callBlock(CachingCallSite.java:142)
    org.jruby.runtime.callsite.CachingCallSite.callIter(CachingCallSite.java:153)
    org.jruby.ast.CallNoArgBlockNode.interpret(CallNoArgBlockNode.java:64)
    org.jruby.ast.NewlineNode.interpret(NewlineNode.java:104)
    org.jruby.evaluator.ASTInterpreter.INTERPRET_BLOCK(ASTInterpreter.java:112)
    org.jruby.runtime.Interpreted19Block.evalBlockBody(Interpreted19Block.java:203)
    org.jruby.runtime.Interpreted19Block.yield(Interpreted19Block.java:154)
    org.jruby.runtime.Block.yield(Block.java:130)
    org.jruby.RubyArray.eachCommon(RubyArray.java:1596)
    org.jruby.RubyArray.each(RubyArray.java:1603)
    org.jruby.RubyArray$i$0$0$each.call(RubyArray$i$0$0$each.gen:65535)
    org.jruby.runtime.callsite.CachingCallSite.cacheAndCall(CachingCallSite.java:302)
    org.jruby.runtime.callsite.CachingCallSite.callBlock(CachingCallSite.java:144)
    org.jruby.runtime.callsite.CachingCallSite.callIter(CachingCallSite.java:153)
    org.jruby.ast.CallNoArgBlockNode.interpret(CallNoArgBlockNode.java:64)
    org.jruby.ast.NewlineNode.interpret(NewlineNode.java:104)
    org.jruby.ast.BlockNode.interpret(BlockNode.java:71)
    org.jruby.evaluator.ASTInterpreter.INTERPRET_METHOD(ASTInterpreter.java:75)
    org.jruby.internal.runtime.methods.InterpretedMethod.call(InterpretedMethod.java:190)
    org.jruby.internal.runtime.methods.DefaultMethod.call(DefaultMethod.java:179)
    org.jruby.runtime.callsite.CachingCallSite.cacheAndCall(CachingCallSite.java:312)
    org.jruby.runtime.callsite.CachingCallSite.call(CachingCallSite.java:169)
    org.jruby.ast.FCallOneArgNode.interpret(FCallOneArgNode.java:36)
    org.jruby.ast.NewlineNode.interpret(NewlineNode.java:104)
    org.jruby.ast.BlockNode.interpret(BlockNode.java:71)
    org.jruby.ast.RescueNode.executeBody(RescueNode.java:216)
    org.jruby.ast.RescueNode.interpretWithJavaExceptions(RescueNode.java:120)
    org.jruby.ast.RescueNode.interpret(RescueNode.java:110)
    org.jruby.evaluator.ASTInterpreter.INTERPRET_METHOD(ASTInterpreter.java:75)
    org.jruby.internal.runtime.methods.InterpretedMethod.call(InterpretedMethod.java:190)
    org.jruby.internal.runtime.methods.DefaultMethod.call(DefaultMethod.java:179)
    org.jruby.runtime.callsite.CachingCallSite.cacheAndCall(CachingCallSite.java:312)
    org.jruby.runtime.callsite.CachingCallSite.call(CachingCallSite.java:169)
    org.jruby.ast.CallOneArgNode.interpret(CallOneArgNode.java:57)
    org.jruby.ast.DAsgnNode.interpret(DAsgnNode.java:110)
    org.jruby.ast.NewlineNode.interpret(NewlineNode.java:104)
    org.jruby.ast.BlockNode.interpret(BlockNode.java:71)
    org.jruby.evaluator.ASTInterpreter.INTERPRET_BLOCK(ASTInterpreter.java:112)
    org.jruby.runtime.Interpreted19Block.evalBlockBody(Interpreted19Block.java:203)
    org.jruby.runtime.Interpreted19Block.yield(Interpreted19Block.java:191)
    org.jruby.runtime.Interpreted19Block.call(Interpreted19Block.java:122)
    org.jruby.runtime.Block.call(Block.java:89)
    org.jruby.RubyProc.call(RubyProc.java:274)
    org.jruby.RubyProc.call(RubyProc.java:233)
    org.jruby.Ruby.tearDown(Ruby.java:2739)
    org.jruby.Ruby.tearDown(Ruby.java:2726)
    org.jruby.Main.internalRun(Main.java:201)
    org.jruby.Main.run(Main.java:164)
    org.jruby.Main.run(Main.java:148)
    org.jruby.util.ShellLauncher$ScriptThreadProcess.run(ShellLauncher.java:140)
    java.lang.Thread.run(Thread.java:722)

139) Error:
test_map_reduce_with_code_objects(TestCollection):
Java::JavaLang::ClassCastException: org.jruby.RubySymbol cannot be cast to java.lang.String
    org.bson.BasicBSONObject.put(BasicBSONObject.java:32)
    org.jruby.java.proxies.MapJavaProxy$RubyHashMap.internalPut(MapJavaProxy.java:120)
    org.jruby.RubyHash.internalPut(RubyHash.java:474)
    org.jruby.RubyHash.fastASetCheckString(RubyHash.java:864)
    org.jruby.RubyHash.op_aset(RubyHash.java:888)
    org.jruby.RubyHash$25.visit(RubyHash.java:1586)
    org.jruby.RubyHash.visitAll(RubyHash.java:594)
    org.jruby.RubyHash.merge_bang19(RubyHash.java:1578)
    org.jruby.java.proxies.MapJavaProxy.merge_bang19(MapJavaProxy.java:622)
    org.jruby.java.proxies.MapJavaProxy$i$1$0$merge_bang19.call(MapJavaProxy$i$1$0$merge_bang19.gen:65535)
    org.jruby.internal.runtime.methods.JavaMethod$JavaMethodOneOrNBlock.call(JavaMethod.java:319)
    org.jruby.runtime.callsite.CachingCallSite.call(CachingCallSite.java:167)
    org.jruby.ast.CallOneArgNode.interpret(CallOneArgNode.java:57)
    org.jruby.ast.NewlineNode.interpret(NewlineNode.java:104)
    org.jruby.ast.BlockNode.interpret(BlockNode.java:71)
    org.jruby.evaluator.ASTInterpreter.INTERPRET_METHOD(ASTInterpreter.java:75)
    org.jruby.internal.runtime.methods.InterpretedMethod.call(InterpretedMethod.java:276)
    org.jruby.internal.runtime.methods.DefaultMethod.call(DefaultMethod.java:211)
    org.jruby.runtime.callsite.CachingCallSite.cacheAndCall(CachingCallSite.java:352)
    org.jruby.runtime.callsite.CachingCallSite.call(CachingCallSite.java:237)
    org.jruby.ast.CallThreeArgNode.interpret(CallThreeArgNode.java:61)
    org.jruby.ast.LocalAsgnNode.interpret(LocalAsgnNode.java:123)
    org.jruby.ast.NewlineNode.interpret(NewlineNode.java:104)
    org.jruby.ast.BlockNode.interpret(BlockNode.java:71)
    org.jruby.evaluator.ASTInterpreter.INTERPRET_METHOD(ASTInterpreter.java:75)
    org.jruby.internal.runtime.methods.InterpretedMethod.call(InterpretedMethod.java:169)
    org.jruby.internal.runtime.methods.DefaultMethod.call(DefaultMethod.java:171)
    org.jruby.RubyClass.finvoke(RubyClass.java:523)
    org.jruby.RubyBasicObject.send19(RubyBasicObject.java:1685)
    org.jruby.RubyBasicObject$i$send19.call(RubyBasicObject$i$send19.gen:65535)
    org.jruby.internal.runtime.methods.JavaMethod$JavaMethodZeroOrOneOrNBlock.call(JavaMethod.java:266)
    org.jruby.runtime.callsite.CachingCallSite.call(CachingCallSite.java:167)
    rubyjit.run_9A42DB410F342DD31E49D3F9C7D7FABDDED345C8.chained_2_rescue_1$RUBY$SYNTHETIC__file__(/home/guy/.rvm/gems/jruby-1.6.4/gems/mocha-0.10.0/lib/mocha/integration/mini_test/version_142_to_172.rb:27)
    rubyjit.run_9A42DB410F342DD31E49D3F9C7D7FABDDED345C8.chained_1_ensure_2$RUBY$__ensure__(/home/guy/.rvm/gems/jruby-1.6.4/gems/mocha-0.10.0/lib/mocha/integration/mini_test/version_142_to_172.rb)
    rubyjit.run_9A42DB410F342DD31E49D3F9C7D7FABDDED345C8.chained_0_ensure_1$RUBY$__ensure__(/home/guy/.rvm/gems/jruby-1.6.4/gems/mocha-0.10.0/lib/mocha/integration/mini_test/version_142_to_172.rb:24)
    rubyjit.run_9A42DB410F342DD31E49D3F9C7D7FABDDED345C8.__file__(/home/guy/.rvm/gems/jruby-1.6.4/gems/mocha-0.10.0/lib/mocha/integration/mini_test/version_142_to_172.rb:23)
    rubyjit.run_9A42DB410F342DD31E49D3F9C7D7FABDDED345C8.__file__(/home/guy/.rvm/gems/jruby-1.6.4/gems/mocha-0.10.0/lib/mocha/integration/mini_test/version_142_to_172.rb)
    org.jruby.internal.runtime.methods.JittedMethod.call(JittedMethod.java:167)
    org.jruby.runtime.callsite.CachingCallSite.call(CachingCallSite.java:167)
    org.jruby.ast.CallOneArgNode.interpret(CallOneArgNode.java:57)
    org.jruby.ast.DAsgnNode.interpret(DAsgnNode.java:110)
    org.jruby.ast.NewlineNode.interpret(NewlineNode.java:104)
    org.jruby.ast.BlockNode.interpret(BlockNode.java:71)
    org.jruby.evaluator.ASTInterpreter.INTERPRET_BLOCK(ASTInterpreter.java:112)
    org.jruby.runtime.Interpreted19Block.evalBlockBody(Interpreted19Block.java:203)
    org.jruby.runtime.Interpreted19Block.yield(Interpreted19Block.java:154)
    org.jruby.runtime.Block.yield(Block.java:130)
    org.jruby.RubyArray.eachCommon(RubyArray.java:1596)
    org.jruby.RubyArray.each(RubyArray.java:1603)
    org.jruby.RubyArray$i$0$0$each.call(RubyArray$i$0$0$each.gen:65535)
    org.jruby.runtime.callsite.CachingCallSite.callBlock(CachingCallSite.java:142)
    org.jruby.runtime.callsite.CachingCallSite.callIter(CachingCallSite.java:153)
    org.jruby.ast.CallNoArgBlockNode.interpret(CallNoArgBlockNode.java:64)
    org.jruby.ast.NewlineNode.interpret(NewlineNode.java:104)
    org.jruby.evaluator.ASTInterpreter.INTERPRET_BLOCK(ASTInterpreter.java:112)
    org.jruby.runtime.Interpreted19Block.evalBlockBody(Interpreted19Block.java:203)
    org.jruby.runtime.Interpreted19Block.yield(Interpreted19Block.java:154)
    org.jruby.runtime.Block.yield(Block.java:130)
    org.jruby.RubyArray.eachCommon(RubyArray.java:1596)
    org.jruby.RubyArray.each(RubyArray.java:1603)
    org.jruby.RubyArray$i$0$0$each.call(RubyArray$i$0$0$each.gen:65535)
    org.jruby.runtime.callsite.CachingCallSite.cacheAndCall(CachingCallSite.java:302)
    org.jruby.runtime.callsite.CachingCallSite.callBlock(CachingCallSite.java:144)
    org.jruby.runtime.callsite.CachingCallSite.callIter(CachingCallSite.java:153)
    org.jruby.ast.CallNoArgBlockNode.interpret(CallNoArgBlockNode.java:64)
    org.jruby.ast.NewlineNode.interpret(NewlineNode.java:104)
    org.jruby.ast.BlockNode.interpret(BlockNode.java:71)
    org.jruby.evaluator.ASTInterpreter.INTERPRET_METHOD(ASTInterpreter.java:75)
    org.jruby.internal.runtime.methods.InterpretedMethod.call(InterpretedMethod.java:190)
    org.jruby.internal.runtime.methods.DefaultMethod.call(DefaultMethod.java:179)
    org.jruby.runtime.callsite.CachingCallSite.cacheAndCall(CachingCallSite.java:312)
    org.jruby.runtime.callsite.CachingCallSite.call(CachingCallSite.java:169)
    org.jruby.ast.FCallOneArgNode.interpret(FCallOneArgNode.java:36)
    org.jruby.ast.NewlineNode.interpret(NewlineNode.java:104)
    org.jruby.ast.BlockNode.interpret(BlockNode.java:71)
    org.jruby.ast.RescueNode.executeBody(RescueNode.java:216)
    org.jruby.ast.RescueNode.interpretWithJavaExceptions(RescueNode.java:120)
    org.jruby.ast.RescueNode.interpret(RescueNode.java:110)
    org.jruby.evaluator.ASTInterpreter.INTERPRET_METHOD(ASTInterpreter.java:75)
    org.jruby.internal.runtime.methods.InterpretedMethod.call(InterpretedMethod.java:190)
    org.jruby.internal.runtime.methods.DefaultMethod.call(DefaultMethod.java:179)
    org.jruby.runtime.callsite.CachingCallSite.cacheAndCall(CachingCallSite.java:312)
    org.jruby.runtime.callsite.CachingCallSite.call(CachingCallSite.java:169)
    org.jruby.ast.CallOneArgNode.interpret(CallOneArgNode.java:57)
    org.jruby.ast.DAsgnNode.interpret(DAsgnNode.java:110)
    org.jruby.ast.NewlineNode.interpret(NewlineNode.java:104)
    org.jruby.ast.BlockNode.interpret(BlockNode.java:71)
    org.jruby.evaluator.ASTInterpreter.INTERPRET_BLOCK(ASTInterpreter.java:112)
    org.jruby.runtime.Interpreted19Block.evalBlockBody(Interpreted19Block.java:203)
    org.jruby.runtime.Interpreted19Block.yield(Interpreted19Block.java:191)
    org.jruby.runtime.Interpreted19Block.call(Interpreted19Block.java:122)
    org.jruby.runtime.Block.call(Block.java:89)
    org.jruby.RubyProc.call(RubyProc.java:274)
    org.jruby.RubyProc.call(RubyProc.java:233)
    org.jruby.Ruby.tearDown(Ruby.java:2739)
    org.jruby.Ruby.tearDown(Ruby.java:2726)
    org.jruby.Main.internalRun(Main.java:201)
    org.jruby.Main.run(Main.java:164)
    org.jruby.Main.run(Main.java:148)
    org.jruby.util.ShellLauncher$ScriptThreadProcess.run(ShellLauncher.java:140)
    java.lang.Thread.run(Thread.java:722)

140) Error:
test_map_reduce_with_collection_merge(TestCollection):
Java::JavaLang::ClassCastException: org.jruby.RubySymbol cannot be cast to java.lang.String
    org.bson.BasicBSONObject.put(BasicBSONObject.java:32)
    org.jruby.java.proxies.MapJavaProxy$RubyHashMap.internalPut(MapJavaProxy.java:120)
    org.jruby.RubyHash.internalPut(RubyHash.java:474)
    org.jruby.RubyHash.fastASetCheckString(RubyHash.java:864)
    org.jruby.RubyHash.op_aset(RubyHash.java:888)
    org.jruby.RubyHash$25.visit(RubyHash.java:1586)
    org.jruby.RubyHash.visitAll(RubyHash.java:594)
    org.jruby.RubyHash.merge_bang19(RubyHash.java:1578)
    org.jruby.java.proxies.MapJavaProxy.merge_bang19(MapJavaProxy.java:622)
    org.jruby.java.proxies.MapJavaProxy$i$1$0$merge_bang19.call(MapJavaProxy$i$1$0$merge_bang19.gen:65535)
    org.jruby.internal.runtime.methods.JavaMethod$JavaMethodOneOrNBlock.call(JavaMethod.java:319)
    org.jruby.runtime.callsite.CachingCallSite.call(CachingCallSite.java:167)
    org.jruby.ast.CallOneArgNode.interpret(CallOneArgNode.java:57)
    org.jruby.ast.NewlineNode.interpret(NewlineNode.java:104)
    org.jruby.ast.BlockNode.interpret(BlockNode.java:71)
    org.jruby.evaluator.ASTInterpreter.INTERPRET_METHOD(ASTInterpreter.java:75)
    org.jruby.internal.runtime.methods.InterpretedMethod.call(InterpretedMethod.java:276)
    org.jruby.internal.runtime.methods.DefaultMethod.call(DefaultMethod.java:211)
    org.jruby.runtime.callsite.CachingCallSite.cacheAndCall(CachingCallSite.java:352)
    org.jruby.runtime.callsite.CachingCallSite.call(CachingCallSite.java:237)
    org.jruby.ast.CallThreeArgNode.interpret(CallThreeArgNode.java:61)
    org.jruby.ast.LocalAsgnNode.interpret(LocalAsgnNode.java:123)
    org.jruby.ast.NewlineNode.interpret(NewlineNode.java:104)
    org.jruby.ast.BlockNode.interpret(BlockNode.java:71)
    org.jruby.evaluator.ASTInterpreter.INTERPRET_METHOD(ASTInterpreter.java:75)
    org.jruby.internal.runtime.methods.InterpretedMethod.call(InterpretedMethod.java:169)
    org.jruby.internal.runtime.methods.DefaultMethod.call(DefaultMethod.java:171)
    org.jruby.RubyClass.finvoke(RubyClass.java:523)
    org.jruby.RubyBasicObject.send19(RubyBasicObject.java:1685)
    org.jruby.RubyBasicObject$i$send19.call(RubyBasicObject$i$send19.gen:65535)
    org.jruby.internal.runtime.methods.JavaMethod$JavaMethodZeroOrOneOrNBlock.call(JavaMethod.java:266)
    org.jruby.runtime.callsite.CachingCallSite.call(CachingCallSite.java:167)
    rubyjit.run_9A42DB410F342DD31E49D3F9C7D7FABDDED345C8.chained_2_rescue_1$RUBY$SYNTHETIC__file__(/home/guy/.rvm/gems/jruby-1.6.4/gems/mocha-0.10.0/lib/mocha/integration/mini_test/version_142_to_172.rb:27)
    rubyjit.run_9A42DB410F342DD31E49D3F9C7D7FABDDED345C8.chained_1_ensure_2$RUBY$__ensure__(/home/guy/.rvm/gems/jruby-1.6.4/gems/mocha-0.10.0/lib/mocha/integration/mini_test/version_142_to_172.rb)
    rubyjit.run_9A42DB410F342DD31E49D3F9C7D7FABDDED345C8.chained_0_ensure_1$RUBY$__ensure__(/home/guy/.rvm/gems/jruby-1.6.4/gems/mocha-0.10.0/lib/mocha/integration/mini_test/version_142_to_172.rb:24)
    rubyjit.run_9A42DB410F342DD31E49D3F9C7D7FABDDED345C8.__file__(/home/guy/.rvm/gems/jruby-1.6.4/gems/mocha-0.10.0/lib/mocha/integration/mini_test/version_142_to_172.rb:23)
    rubyjit.run_9A42DB410F342DD31E49D3F9C7D7FABDDED345C8.__file__(/home/guy/.rvm/gems/jruby-1.6.4/gems/mocha-0.10.0/lib/mocha/integration/mini_test/version_142_to_172.rb)
    org.jruby.internal.runtime.methods.JittedMethod.call(JittedMethod.java:167)
    org.jruby.runtime.callsite.CachingCallSite.call(CachingCallSite.java:167)
    org.jruby.ast.CallOneArgNode.interpret(CallOneArgNode.java:57)
    org.jruby.ast.DAsgnNode.interpret(DAsgnNode.java:110)
    org.jruby.ast.NewlineNode.interpret(NewlineNode.java:104)
    org.jruby.ast.BlockNode.interpret(BlockNode.java:71)
    org.jruby.evaluator.ASTInterpreter.INTERPRET_BLOCK(ASTInterpreter.java:112)
    org.jruby.runtime.Interpreted19Block.evalBlockBody(Interpreted19Block.java:203)
    org.jruby.runtime.Interpreted19Block.yield(Interpreted19Block.java:154)
    org.jruby.runtime.Block.yield(Block.java:130)
    org.jruby.RubyArray.eachCommon(RubyArray.java:1596)
    org.jruby.RubyArray.each(RubyArray.java:1603)
    org.jruby.RubyArray$i$0$0$each.call(RubyArray$i$0$0$each.gen:65535)
    org.jruby.runtime.callsite.CachingCallSite.callBlock(CachingCallSite.java:142)
    org.jruby.runtime.callsite.CachingCallSite.callIter(CachingCallSite.java:153)
    org.jruby.ast.CallNoArgBlockNode.interpret(CallNoArgBlockNode.java:64)
    org.jruby.ast.NewlineNode.interpret(NewlineNode.java:104)
    org.jruby.evaluator.ASTInterpreter.INTERPRET_BLOCK(ASTInterpreter.java:112)
    org.jruby.runtime.Interpreted19Block.evalBlockBody(Interpreted19Block.java:203)
    org.jruby.runtime.Interpreted19Block.yield(Interpreted19Block.java:154)
    org.jruby.runtime.Block.yield(Block.java:130)
    org.jruby.RubyArray.eachCommon(RubyArray.java:1596)
    org.jruby.RubyArray.each(RubyArray.java:1603)
    org.jruby.RubyArray$i$0$0$each.call(RubyArray$i$0$0$each.gen:65535)
    org.jruby.runtime.callsite.CachingCallSite.cacheAndCall(CachingCallSite.java:302)
    org.jruby.runtime.callsite.CachingCallSite.callBlock(CachingCallSite.java:144)
    org.jruby.runtime.callsite.CachingCallSite.callIter(CachingCallSite.java:153)
    org.jruby.ast.CallNoArgBlockNode.interpret(CallNoArgBlockNode.java:64)
    org.jruby.ast.NewlineNode.interpret(NewlineNode.java:104)
    org.jruby.ast.BlockNode.interpret(BlockNode.java:71)
    org.jruby.evaluator.ASTInterpreter.INTERPRET_METHOD(ASTInterpreter.java:75)
    org.jruby.internal.runtime.methods.InterpretedMethod.call(InterpretedMethod.java:190)
    org.jruby.internal.runtime.methods.DefaultMethod.call(DefaultMethod.java:179)
    org.jruby.runtime.callsite.CachingCallSite.cacheAndCall(CachingCallSite.java:312)
    org.jruby.runtime.callsite.CachingCallSite.call(CachingCallSite.java:169)
    org.jruby.ast.FCallOneArgNode.interpret(FCallOneArgNode.java:36)
    org.jruby.ast.NewlineNode.interpret(NewlineNode.java:104)
    org.jruby.ast.BlockNode.interpret(BlockNode.java:71)
    org.jruby.ast.RescueNode.executeBody(RescueNode.java:216)
    org.jruby.ast.RescueNode.interpretWithJavaExceptions(RescueNode.java:120)
    org.jruby.ast.RescueNode.interpret(RescueNode.java:110)
    org.jruby.evaluator.ASTInterpreter.INTERPRET_METHOD(ASTInterpreter.java:75)
    org.jruby.internal.runtime.methods.InterpretedMethod.call(InterpretedMethod.java:190)
    org.jruby.internal.runtime.methods.DefaultMethod.call(DefaultMethod.java:179)
    org.jruby.runtime.callsite.CachingCallSite.cacheAndCall(CachingCallSite.java:312)
    org.jruby.runtime.callsite.CachingCallSite.call(CachingCallSite.java:169)
    org.jruby.ast.CallOneArgNode.interpret(CallOneArgNode.java:57)
    org.jruby.ast.DAsgnNode.interpret(DAsgnNode.java:110)
    org.jruby.ast.NewlineNode.interpret(NewlineNode.java:104)
    org.jruby.ast.BlockNode.interpret(BlockNode.java:71)
    org.jruby.evaluator.ASTInterpreter.INTERPRET_BLOCK(ASTInterpreter.java:112)
    org.jruby.runtime.Interpreted19Block.evalBlockBody(Interpreted19Block.java:203)
    org.jruby.runtime.Interpreted19Block.yield(Interpreted19Block.java:191)
    org.jruby.runtime.Interpreted19Block.call(Interpreted19Block.java:122)
    org.jruby.runtime.Block.call(Block.java:89)
    org.jruby.RubyProc.call(RubyProc.java:274)
    org.jruby.RubyProc.call(RubyProc.java:233)
    org.jruby.Ruby.tearDown(Ruby.java:2739)
    org.jruby.Ruby.tearDown(Ruby.java:2726)
    org.jruby.Main.internalRun(Main.java:201)
    org.jruby.Main.run(Main.java:164)
    org.jruby.Main.run(Main.java:148)
    org.jruby.util.ShellLauncher$ScriptThreadProcess.run(ShellLauncher.java:140)
    java.lang.Thread.run(Thread.java:722)

141) Error:
test_map_reduce_with_options(TestCollection):
Java::JavaLang::ClassCastException: org.jruby.RubySymbol cannot be cast to java.lang.String
    org.bson.BasicBSONObject.put(BasicBSONObject.java:32)
    org.jruby.java.proxies.MapJavaProxy$RubyHashMap.internalPut(MapJavaProxy.java:120)
    org.jruby.RubyHash.internalPut(RubyHash.java:474)
    org.jruby.RubyHash.fastASetCheckString(RubyHash.java:864)
    org.jruby.RubyHash.op_aset(RubyHash.java:888)
    org.jruby.RubyHash$25.visit(RubyHash.java:1586)
    org.jruby.RubyHash.visitAll(RubyHash.java:594)
    org.jruby.RubyHash.merge_bang19(RubyHash.java:1578)
    org.jruby.java.proxies.MapJavaProxy.merge_bang19(MapJavaProxy.java:622)
    org.jruby.java.proxies.MapJavaProxy$i$1$0$merge_bang19.call(MapJavaProxy$i$1$0$merge_bang19.gen:65535)
    org.jruby.internal.runtime.methods.JavaMethod$JavaMethodOneOrNBlock.call(JavaMethod.java:319)
    org.jruby.runtime.callsite.CachingCallSite.call(CachingCallSite.java:167)
    org.jruby.ast.CallOneArgNode.interpret(CallOneArgNode.java:57)
    org.jruby.ast.NewlineNode.interpret(NewlineNode.java:104)
    org.jruby.ast.BlockNode.interpret(BlockNode.java:71)
    org.jruby.evaluator.ASTInterpreter.INTERPRET_METHOD(ASTInterpreter.java:75)
    org.jruby.internal.runtime.methods.InterpretedMethod.call(InterpretedMethod.java:276)
    org.jruby.internal.runtime.methods.DefaultMethod.call(DefaultMethod.java:211)
    org.jruby.runtime.callsite.CachingCallSite.cacheAndCall(CachingCallSite.java:352)
    org.jruby.runtime.callsite.CachingCallSite.call(CachingCallSite.java:237)
    org.jruby.ast.CallThreeArgNode.interpret(CallThreeArgNode.java:61)
    org.jruby.ast.LocalAsgnNode.interpret(LocalAsgnNode.java:123)
    org.jruby.ast.NewlineNode.interpret(NewlineNode.java:104)
    org.jruby.ast.BlockNode.interpret(BlockNode.java:71)
    org.jruby.evaluator.ASTInterpreter.INTERPRET_METHOD(ASTInterpreter.java:75)
    org.jruby.internal.runtime.methods.InterpretedMethod.call(InterpretedMethod.java:169)
    org.jruby.internal.runtime.methods.DefaultMethod.call(DefaultMethod.java:171)
    org.jruby.RubyClass.finvoke(RubyClass.java:523)
    org.jruby.RubyBasicObject.send19(RubyBasicObject.java:1685)
    org.jruby.RubyBasicObject$i$send19.call(RubyBasicObject$i$send19.gen:65535)
    org.jruby.internal.runtime.methods.JavaMethod$JavaMethodZeroOrOneOrNBlock.call(JavaMethod.java:266)
    org.jruby.runtime.callsite.CachingCallSite.call(CachingCallSite.java:167)
    rubyjit.run_9A42DB410F342DD31E49D3F9C7D7FABDDED345C8.chained_2_rescue_1$RUBY$SYNTHETIC__file__(/home/guy/.rvm/gems/jruby-1.6.4/gems/mocha-0.10.0/lib/mocha/integration/mini_test/version_142_to_172.rb:27)
    rubyjit.run_9A42DB410F342DD31E49D3F9C7D7FABDDED345C8.chained_1_ensure_2$RUBY$__ensure__(/home/guy/.rvm/gems/jruby-1.6.4/gems/mocha-0.10.0/lib/mocha/integration/mini_test/version_142_to_172.rb)
    rubyjit.run_9A42DB410F342DD31E49D3F9C7D7FABDDED345C8.chained_0_ensure_1$RUBY$__ensure__(/home/guy/.rvm/gems/jruby-1.6.4/gems/mocha-0.10.0/lib/mocha/integration/mini_test/version_142_to_172.rb:24)
    rubyjit.run_9A42DB410F342DD31E49D3F9C7D7FABDDED345C8.__file__(/home/guy/.rvm/gems/jruby-1.6.4/gems/mocha-0.10.0/lib/mocha/integration/mini_test/version_142_to_172.rb:23)
    rubyjit.run_9A42DB410F342DD31E49D3F9C7D7FABDDED345C8.__file__(/home/guy/.rvm/gems/jruby-1.6.4/gems/mocha-0.10.0/lib/mocha/integration/mini_test/version_142_to_172.rb)
    org.jruby.internal.runtime.methods.JittedMethod.call(JittedMethod.java:167)
    org.jruby.runtime.callsite.CachingCallSite.call(CachingCallSite.java:167)
    org.jruby.ast.CallOneArgNode.interpret(CallOneArgNode.java:57)
    org.jruby.ast.DAsgnNode.interpret(DAsgnNode.java:110)
    org.jruby.ast.NewlineNode.interpret(NewlineNode.java:104)
    org.jruby.ast.BlockNode.interpret(BlockNode.java:71)
    org.jruby.evaluator.ASTInterpreter.INTERPRET_BLOCK(ASTInterpreter.java:112)
    org.jruby.runtime.Interpreted19Block.evalBlockBody(Interpreted19Block.java:203)
    org.jruby.runtime.Interpreted19Block.yield(Interpreted19Block.java:154)
    org.jruby.runtime.Block.yield(Block.java:130)
    org.jruby.RubyArray.eachCommon(RubyArray.java:1596)
    org.jruby.RubyArray.each(RubyArray.java:1603)
    org.jruby.RubyArray$i$0$0$each.call(RubyArray$i$0$0$each.gen:65535)
    org.jruby.runtime.callsite.CachingCallSite.callBlock(CachingCallSite.java:142)
    org.jruby.runtime.callsite.CachingCallSite.callIter(CachingCallSite.java:153)
    org.jruby.ast.CallNoArgBlockNode.interpret(CallNoArgBlockNode.java:64)
    org.jruby.ast.NewlineNode.interpret(NewlineNode.java:104)
    org.jruby.evaluator.ASTInterpreter.INTERPRET_BLOCK(ASTInterpreter.java:112)
    org.jruby.runtime.Interpreted19Block.evalBlockBody(Interpreted19Block.java:203)
    org.jruby.runtime.Interpreted19Block.yield(Interpreted19Block.java:154)
    org.jruby.runtime.Block.yield(Block.java:130)
    org.jruby.RubyArray.eachCommon(RubyArray.java:1596)
    org.jruby.RubyArray.each(RubyArray.java:1603)
    org.jruby.RubyArray$i$0$0$each.call(RubyArray$i$0$0$each.gen:65535)
    org.jruby.runtime.callsite.CachingCallSite.cacheAndCall(CachingCallSite.java:302)
    org.jruby.runtime.callsite.CachingCallSite.callBlock(CachingCallSite.java:144)
    org.jruby.runtime.callsite.CachingCallSite.callIter(CachingCallSite.java:153)
    org.jruby.ast.CallNoArgBlockNode.interpret(CallNoArgBlockNode.java:64)
    org.jruby.ast.NewlineNode.interpret(NewlineNode.java:104)
    org.jruby.ast.BlockNode.interpret(BlockNode.java:71)
    org.jruby.evaluator.ASTInterpreter.INTERPRET_METHOD(ASTInterpreter.java:75)
    org.jruby.internal.runtime.methods.InterpretedMethod.call(InterpretedMethod.java:190)
    org.jruby.internal.runtime.methods.DefaultMethod.call(DefaultMethod.java:179)
    org.jruby.runtime.callsite.CachingCallSite.cacheAndCall(CachingCallSite.java:312)
    org.jruby.runtime.callsite.CachingCallSite.call(CachingCallSite.java:169)
    org.jruby.ast.FCallOneArgNode.interpret(FCallOneArgNode.java:36)
    org.jruby.ast.NewlineNode.interpret(NewlineNode.java:104)
    org.jruby.ast.BlockNode.interpret(BlockNode.java:71)
    org.jruby.ast.RescueNode.executeBody(RescueNode.java:216)
    org.jruby.ast.RescueNode.interpretWithJavaExceptions(RescueNode.java:120)
    org.jruby.ast.RescueNode.interpret(RescueNode.java:110)
    org.jruby.evaluator.ASTInterpreter.INTERPRET_METHOD(ASTInterpreter.java:75)
    org.jruby.internal.runtime.methods.InterpretedMethod.call(InterpretedMethod.java:190)
    org.jruby.internal.runtime.methods.DefaultMethod.call(DefaultMethod.java:179)
    org.jruby.runtime.callsite.CachingCallSite.cacheAndCall(CachingCallSite.java:312)
    org.jruby.runtime.callsite.CachingCallSite.call(CachingCallSite.java:169)
    org.jruby.ast.CallOneArgNode.interpret(CallOneArgNode.java:57)
    org.jruby.ast.DAsgnNode.interpret(DAsgnNode.java:110)
    org.jruby.ast.NewlineNode.interpret(NewlineNode.java:104)
    org.jruby.ast.BlockNode.interpret(BlockNode.java:71)
    org.jruby.evaluator.ASTInterpreter.INTERPRET_BLOCK(ASTInterpreter.java:112)
    org.jruby.runtime.Interpreted19Block.evalBlockBody(Interpreted19Block.java:203)
    org.jruby.runtime.Interpreted19Block.yield(Interpreted19Block.java:191)
    org.jruby.runtime.Interpreted19Block.call(Interpreted19Block.java:122)
    org.jruby.runtime.Block.call(Block.java:89)
    org.jruby.RubyProc.call(RubyProc.java:274)
    org.jruby.RubyProc.call(RubyProc.java:233)
    org.jruby.Ruby.tearDown(Ruby.java:2739)
    org.jruby.Ruby.tearDown(Ruby.java:2726)
    org.jruby.Main.internalRun(Main.java:201)
    org.jruby.Main.run(Main.java:164)
    org.jruby.Main.run(Main.java:148)
    org.jruby.util.ShellLauncher$ScriptThreadProcess.run(ShellLauncher.java:140)
    java.lang.Thread.run(Thread.java:722)

142) Error:
test_map_reduce_with_output_collection(TestCollection):
Java::JavaLang::ClassCastException: org.jruby.RubySymbol cannot be cast to java.lang.String
    org.bson.BasicBSONObject.put(BasicBSONObject.java:32)
    org.jruby.java.proxies.MapJavaProxy$RubyHashMap.internalPut(MapJavaProxy.java:120)
    org.jruby.RubyHash.internalPut(RubyHash.java:474)
    org.jruby.RubyHash.fastASetCheckString(RubyHash.java:864)
    org.jruby.RubyHash.op_aset(RubyHash.java:888)
    org.jruby.RubyHash$25.visit(RubyHash.java:1586)
    org.jruby.RubyHash.visitAll(RubyHash.java:594)
    org.jruby.RubyHash.merge_bang19(RubyHash.java:1578)
    org.jruby.java.proxies.MapJavaProxy.merge_bang19(MapJavaProxy.java:622)
    org.jruby.java.proxies.MapJavaProxy$i$1$0$merge_bang19.call(MapJavaProxy$i$1$0$merge_bang19.gen:65535)
    org.jruby.internal.runtime.methods.JavaMethod$JavaMethodOneOrNBlock.call(JavaMethod.java:319)
    org.jruby.runtime.callsite.CachingCallSite.call(CachingCallSite.java:167)
    org.jruby.ast.CallOneArgNode.interpret(CallOneArgNode.java:57)
    org.jruby.ast.NewlineNode.interpret(NewlineNode.java:104)
    org.jruby.ast.BlockNode.interpret(BlockNode.java:71)
    org.jruby.evaluator.ASTInterpreter.INTERPRET_METHOD(ASTInterpreter.java:75)
    org.jruby.internal.runtime.methods.InterpretedMethod.call(InterpretedMethod.java:276)
    org.jruby.internal.runtime.methods.DefaultMethod.call(DefaultMethod.java:211)
    org.jruby.runtime.callsite.CachingCallSite.cacheAndCall(CachingCallSite.java:352)
    org.jruby.runtime.callsite.CachingCallSite.call(CachingCallSite.java:237)
    org.jruby.ast.CallThreeArgNode.interpret(CallThreeArgNode.java:61)
    org.jruby.ast.LocalAsgnNode.interpret(LocalAsgnNode.java:123)
    org.jruby.ast.NewlineNode.interpret(NewlineNode.java:104)
    org.jruby.ast.BlockNode.interpret(BlockNode.java:71)
    org.jruby.evaluator.ASTInterpreter.INTERPRET_METHOD(ASTInterpreter.java:75)
    org.jruby.internal.runtime.methods.InterpretedMethod.call(InterpretedMethod.java:169)
    org.jruby.internal.runtime.methods.DefaultMethod.call(DefaultMethod.java:171)
    org.jruby.RubyClass.finvoke(RubyClass.java:523)
    org.jruby.RubyBasicObject.send19(RubyBasicObject.java:1685)
    org.jruby.RubyBasicObject$i$send19.call(RubyBasicObject$i$send19.gen:65535)
    org.jruby.internal.runtime.methods.JavaMethod$JavaMethodZeroOrOneOrNBlock.call(JavaMethod.java:266)
    org.jruby.runtime.callsite.CachingCallSite.call(CachingCallSite.java:167)
    rubyjit.run_9A42DB410F342DD31E49D3F9C7D7FABDDED345C8.chained_2_rescue_1$RUBY$SYNTHETIC__file__(/home/guy/.rvm/gems/jruby-1.6.4/gems/mocha-0.10.0/lib/mocha/integration/mini_test/version_142_to_172.rb:27)
    rubyjit.run_9A42DB410F342DD31E49D3F9C7D7FABDDED345C8.chained_1_ensure_2$RUBY$__ensure__(/home/guy/.rvm/gems/jruby-1.6.4/gems/mocha-0.10.0/lib/mocha/integration/mini_test/version_142_to_172.rb)
    rubyjit.run_9A42DB410F342DD31E49D3F9C7D7FABDDED345C8.chained_0_ensure_1$RUBY$__ensure__(/home/guy/.rvm/gems/jruby-1.6.4/gems/mocha-0.10.0/lib/mocha/integration/mini_test/version_142_to_172.rb:24)
    rubyjit.run_9A42DB410F342DD31E49D3F9C7D7FABDDED345C8.__file__(/home/guy/.rvm/gems/jruby-1.6.4/gems/mocha-0.10.0/lib/mocha/integration/mini_test/version_142_to_172.rb:23)
    rubyjit.run_9A42DB410F342DD31E49D3F9C7D7FABDDED345C8.__file__(/home/guy/.rvm/gems/jruby-1.6.4/gems/mocha-0.10.0/lib/mocha/integration/mini_test/version_142_to_172.rb)
    org.jruby.internal.runtime.methods.JittedMethod.call(JittedMethod.java:167)
    org.jruby.runtime.callsite.CachingCallSite.call(CachingCallSite.java:167)
    org.jruby.ast.CallOneArgNode.interpret(CallOneArgNode.java:57)
    org.jruby.ast.DAsgnNode.interpret(DAsgnNode.java:110)
    org.jruby.ast.NewlineNode.interpret(NewlineNode.java:104)
    org.jruby.ast.BlockNode.interpret(BlockNode.java:71)
    org.jruby.evaluator.ASTInterpreter.INTERPRET_BLOCK(ASTInterpreter.java:112)
    org.jruby.runtime.Interpreted19Block.evalBlockBody(Interpreted19Block.java:203)
    org.jruby.runtime.Interpreted19Block.yield(Interpreted19Block.java:154)
    org.jruby.runtime.Block.yield(Block.java:130)
    org.jruby.RubyArray.eachCommon(RubyArray.java:1596)
    org.jruby.RubyArray.each(RubyArray.java:1603)
    org.jruby.RubyArray$i$0$0$each.call(RubyArray$i$0$0$each.gen:65535)
    org.jruby.runtime.callsite.CachingCallSite.callBlock(CachingCallSite.java:142)
    org.jruby.runtime.callsite.CachingCallSite.callIter(CachingCallSite.java:153)
    org.jruby.ast.CallNoArgBlockNode.interpret(CallNoArgBlockNode.java:64)
    org.jruby.ast.NewlineNode.interpret(NewlineNode.java:104)
    org.jruby.evaluator.ASTInterpreter.INTERPRET_BLOCK(ASTInterpreter.java:112)
    org.jruby.runtime.Interpreted19Block.evalBlockBody(Interpreted19Block.java:203)
    org.jruby.runtime.Interpreted19Block.yield(Interpreted19Block.java:154)
    org.jruby.runtime.Block.yield(Block.java:130)
    org.jruby.RubyArray.eachCommon(RubyArray.java:1596)
    org.jruby.RubyArray.each(RubyArray.java:1603)
    org.jruby.RubyArray$i$0$0$each.call(RubyArray$i$0$0$each.gen:65535)
    org.jruby.runtime.callsite.CachingCallSite.cacheAndCall(CachingCallSite.java:302)
    org.jruby.runtime.callsite.CachingCallSite.callBlock(CachingCallSite.java:144)
    org.jruby.runtime.callsite.CachingCallSite.callIter(CachingCallSite.java:153)
    org.jruby.ast.CallNoArgBlockNode.interpret(CallNoArgBlockNode.java:64)
    org.jruby.ast.NewlineNode.interpret(NewlineNode.java:104)
    org.jruby.ast.BlockNode.interpret(BlockNode.java:71)
    org.jruby.evaluator.ASTInterpreter.INTERPRET_METHOD(ASTInterpreter.java:75)
    org.jruby.internal.runtime.methods.InterpretedMethod.call(InterpretedMethod.java:190)
    org.jruby.internal.runtime.methods.DefaultMethod.call(DefaultMethod.java:179)
    org.jruby.runtime.callsite.CachingCallSite.cacheAndCall(CachingCallSite.java:312)
    org.jruby.runtime.callsite.CachingCallSite.call(CachingCallSite.java:169)
    org.jruby.ast.FCallOneArgNode.interpret(FCallOneArgNode.java:36)
    org.jruby.ast.NewlineNode.interpret(NewlineNode.java:104)
    org.jruby.ast.BlockNode.interpret(BlockNode.java:71)
    org.jruby.ast.RescueNode.executeBody(RescueNode.java:216)
    org.jruby.ast.RescueNode.interpretWithJavaExceptions(RescueNode.java:120)
    org.jruby.ast.RescueNode.interpret(RescueNode.java:110)
    org.jruby.evaluator.ASTInterpreter.INTERPRET_METHOD(ASTInterpreter.java:75)
    org.jruby.internal.runtime.methods.InterpretedMethod.call(InterpretedMethod.java:190)
    org.jruby.internal.runtime.methods.DefaultMethod.call(DefaultMethod.java:179)
    org.jruby.runtime.callsite.CachingCallSite.cacheAndCall(CachingCallSite.java:312)
    org.jruby.runtime.callsite.CachingCallSite.call(CachingCallSite.java:169)
    org.jruby.ast.CallOneArgNode.interpret(CallOneArgNode.java:57)
    org.jruby.ast.DAsgnNode.interpret(DAsgnNode.java:110)
    org.jruby.ast.NewlineNode.interpret(NewlineNode.java:104)
    org.jruby.ast.BlockNode.interpret(BlockNode.java:71)
    org.jruby.evaluator.ASTInterpreter.INTERPRET_BLOCK(ASTInterpreter.java:112)
    org.jruby.runtime.Interpreted19Block.evalBlockBody(Interpreted19Block.java:203)
    org.jruby.runtime.Interpreted19Block.yield(Interpreted19Block.java:191)
    org.jruby.runtime.Interpreted19Block.call(Interpreted19Block.java:122)
    org.jruby.runtime.Block.call(Block.java:89)
    org.jruby.RubyProc.call(RubyProc.java:274)
    org.jruby.RubyProc.call(RubyProc.java:233)
    org.jruby.Ruby.tearDown(Ruby.java:2739)
    org.jruby.Ruby.tearDown(Ruby.java:2726)
    org.jruby.Main.internalRun(Main.java:201)
    org.jruby.Main.run(Main.java:164)
    org.jruby.Main.run(Main.java:148)
    org.jruby.util.ShellLauncher$ScriptThreadProcess.run(ShellLauncher.java:140)
    java.lang.Thread.run(Thread.java:722)

143) Error:
test_map_reduce_with_raw_response(TestCollection):
Java::JavaLang::ClassCastException: org.jruby.RubySymbol cannot be cast to java.lang.String
    org.bson.BasicBSONObject.put(BasicBSONObject.java:32)
    org.jruby.java.proxies.MapJavaProxy$RubyHashMap.internalPut(MapJavaProxy.java:120)
    org.jruby.RubyHash.internalPut(RubyHash.java:474)
    org.jruby.RubyHash.fastASetCheckString(RubyHash.java:864)
    org.jruby.RubyHash.op_aset(RubyHash.java:888)
    org.jruby.RubyHash$25.visit(RubyHash.java:1586)
    org.jruby.RubyHash.visitAll(RubyHash.java:594)
    org.jruby.RubyHash.merge_bang19(RubyHash.java:1578)
    org.jruby.java.proxies.MapJavaProxy.merge_bang19(MapJavaProxy.java:622)
    org.jruby.java.proxies.MapJavaProxy$i$1$0$merge_bang19.call(MapJavaProxy$i$1$0$merge_bang19.gen:65535)
    org.jruby.internal.runtime.methods.JavaMethod$JavaMethodOneOrNBlock.call(JavaMethod.java:319)
    org.jruby.runtime.callsite.CachingCallSite.call(CachingCallSite.java:167)
    org.jruby.ast.CallOneArgNode.interpret(CallOneArgNode.java:57)
    org.jruby.ast.NewlineNode.interpret(NewlineNode.java:104)
    org.jruby.ast.BlockNode.interpret(BlockNode.java:71)
    org.jruby.evaluator.ASTInterpreter.INTERPRET_METHOD(ASTInterpreter.java:75)
    org.jruby.internal.runtime.methods.InterpretedMethod.call(InterpretedMethod.java:276)
    org.jruby.internal.runtime.methods.DefaultMethod.call(DefaultMethod.java:211)
    org.jruby.runtime.callsite.CachingCallSite.cacheAndCall(CachingCallSite.java:352)
    org.jruby.runtime.callsite.CachingCallSite.call(CachingCallSite.java:237)
    org.jruby.ast.CallThreeArgNode.interpret(CallThreeArgNode.java:61)
    org.jruby.ast.LocalAsgnNode.interpret(LocalAsgnNode.java:123)
    org.jruby.ast.NewlineNode.interpret(NewlineNode.java:104)
    org.jruby.ast.BlockNode.interpret(BlockNode.java:71)
    org.jruby.evaluator.ASTInterpreter.INTERPRET_METHOD(ASTInterpreter.java:75)
    org.jruby.internal.runtime.methods.InterpretedMethod.call(InterpretedMethod.java:169)
    org.jruby.internal.runtime.methods.DefaultMethod.call(DefaultMethod.java:171)
    org.jruby.RubyClass.finvoke(RubyClass.java:523)
    org.jruby.RubyBasicObject.send19(RubyBasicObject.java:1685)
    org.jruby.RubyBasicObject$i$send19.call(RubyBasicObject$i$send19.gen:65535)
    org.jruby.internal.runtime.methods.JavaMethod$JavaMethodZeroOrOneOrNBlock.call(JavaMethod.java:266)
    org.jruby.runtime.callsite.CachingCallSite.call(CachingCallSite.java:167)
    rubyjit.run_9A42DB410F342DD31E49D3F9C7D7FABDDED345C8.chained_2_rescue_1$RUBY$SYNTHETIC__file__(/home/guy/.rvm/gems/jruby-1.6.4/gems/mocha-0.10.0/lib/mocha/integration/mini_test/version_142_to_172.rb:27)
    rubyjit.run_9A42DB410F342DD31E49D3F9C7D7FABDDED345C8.chained_1_ensure_2$RUBY$__ensure__(/home/guy/.rvm/gems/jruby-1.6.4/gems/mocha-0.10.0/lib/mocha/integration/mini_test/version_142_to_172.rb)
    rubyjit.run_9A42DB410F342DD31E49D3F9C7D7FABDDED345C8.chained_0_ensure_1$RUBY$__ensure__(/home/guy/.rvm/gems/jruby-1.6.4/gems/mocha-0.10.0/lib/mocha/integration/mini_test/version_142_to_172.rb:24)
    rubyjit.run_9A42DB410F342DD31E49D3F9C7D7FABDDED345C8.__file__(/home/guy/.rvm/gems/jruby-1.6.4/gems/mocha-0.10.0/lib/mocha/integration/mini_test/version_142_to_172.rb:23)
    rubyjit.run_9A42DB410F342DD31E49D3F9C7D7FABDDED345C8.__file__(/home/guy/.rvm/gems/jruby-1.6.4/gems/mocha-0.10.0/lib/mocha/integration/mini_test/version_142_to_172.rb)
    org.jruby.internal.runtime.methods.JittedMethod.call(JittedMethod.java:167)
    org.jruby.runtime.callsite.CachingCallSite.call(CachingCallSite.java:167)
    org.jruby.ast.CallOneArgNode.interpret(CallOneArgNode.java:57)
    org.jruby.ast.DAsgnNode.interpret(DAsgnNode.java:110)
    org.jruby.ast.NewlineNode.interpret(NewlineNode.java:104)
    org.jruby.ast.BlockNode.interpret(BlockNode.java:71)
    org.jruby.evaluator.ASTInterpreter.INTERPRET_BLOCK(ASTInterpreter.java:112)
    org.jruby.runtime.Interpreted19Block.evalBlockBody(Interpreted19Block.java:203)
    org.jruby.runtime.Interpreted19Block.yield(Interpreted19Block.java:154)
    org.jruby.runtime.Block.yield(Block.java:130)
    org.jruby.RubyArray.eachCommon(RubyArray.java:1596)
    org.jruby.RubyArray.each(RubyArray.java:1603)
    org.jruby.RubyArray$i$0$0$each.call(RubyArray$i$0$0$each.gen:65535)
    org.jruby.runtime.callsite.CachingCallSite.callBlock(CachingCallSite.java:142)
    org.jruby.runtime.callsite.CachingCallSite.callIter(CachingCallSite.java:153)
    org.jruby.ast.CallNoArgBlockNode.interpret(CallNoArgBlockNode.java:64)
    org.jruby.ast.NewlineNode.interpret(NewlineNode.java:104)
    org.jruby.evaluator.ASTInterpreter.INTERPRET_BLOCK(ASTInterpreter.java:112)
    org.jruby.runtime.Interpreted19Block.evalBlockBody(Interpreted19Block.java:203)
    org.jruby.runtime.Interpreted19Block.yield(Interpreted19Block.java:154)
    org.jruby.runtime.Block.yield(Block.java:130)
    org.jruby.RubyArray.eachCommon(RubyArray.java:1596)
    org.jruby.RubyArray.each(RubyArray.java:1603)
    org.jruby.RubyArray$i$0$0$each.call(RubyArray$i$0$0$each.gen:65535)
    org.jruby.runtime.callsite.CachingCallSite.cacheAndCall(CachingCallSite.java:302)
    org.jruby.runtime.callsite.CachingCallSite.callBlock(CachingCallSite.java:144)
    org.jruby.runtime.callsite.CachingCallSite.callIter(CachingCallSite.java:153)
    org.jruby.ast.CallNoArgBlockNode.interpret(CallNoArgBlockNode.java:64)
    org.jruby.ast.NewlineNode.interpret(NewlineNode.java:104)
    org.jruby.ast.BlockNode.interpret(BlockNode.java:71)
    org.jruby.evaluator.ASTInterpreter.INTERPRET_METHOD(ASTInterpreter.java:75)
    org.jruby.internal.runtime.methods.InterpretedMethod.call(InterpretedMethod.java:190)
    org.jruby.internal.runtime.methods.DefaultMethod.call(DefaultMethod.java:179)
    org.jruby.runtime.callsite.CachingCallSite.cacheAndCall(CachingCallSite.java:312)
    org.jruby.runtime.callsite.CachingCallSite.call(CachingCallSite.java:169)
    org.jruby.ast.FCallOneArgNode.interpret(FCallOneArgNode.java:36)
    org.jruby.ast.NewlineNode.interpret(NewlineNode.java:104)
    org.jruby.ast.BlockNode.interpret(BlockNode.java:71)
    org.jruby.ast.RescueNode.executeBody(RescueNode.java:216)
    org.jruby.ast.RescueNode.interpretWithJavaExceptions(RescueNode.java:120)
    org.jruby.ast.RescueNode.interpret(RescueNode.java:110)
    org.jruby.evaluator.ASTInterpreter.INTERPRET_METHOD(ASTInterpreter.java:75)
    org.jruby.internal.runtime.methods.InterpretedMethod.call(InterpretedMethod.java:190)
    org.jruby.internal.runtime.methods.DefaultMethod.call(DefaultMethod.java:179)
    org.jruby.runtime.callsite.CachingCallSite.cacheAndCall(CachingCallSite.java:312)
    org.jruby.runtime.callsite.CachingCallSite.call(CachingCallSite.java:169)
    org.jruby.ast.CallOneArgNode.interpret(CallOneArgNode.java:57)
    org.jruby.ast.DAsgnNode.interpret(DAsgnNode.java:110)
    org.jruby.ast.NewlineNode.interpret(NewlineNode.java:104)
    org.jruby.ast.BlockNode.interpret(BlockNode.java:71)
    org.jruby.evaluator.ASTInterpreter.INTERPRET_BLOCK(ASTInterpreter.java:112)
    org.jruby.runtime.Interpreted19Block.evalBlockBody(Interpreted19Block.java:203)
    org.jruby.runtime.Interpreted19Block.yield(Interpreted19Block.java:191)
    org.jruby.runtime.Interpreted19Block.call(Interpreted19Block.java:122)
    org.jruby.runtime.Block.call(Block.java:89)
    org.jruby.RubyProc.call(RubyProc.java:274)
    org.jruby.RubyProc.call(RubyProc.java:233)
    org.jruby.Ruby.tearDown(Ruby.java:2739)
    org.jruby.Ruby.tearDown(Ruby.java:2726)
    org.jruby.Main.internalRun(Main.java:201)
    org.jruby.Main.run(Main.java:164)
    org.jruby.Main.run(Main.java:148)
    org.jruby.util.ShellLauncher$ScriptThreadProcess.run(ShellLauncher.java:140)
    java.lang.Thread.run(Thread.java:722)

144) Failure:
test_maximum_insert_size(TestCollection) [/home/guy/my-dev/jmongo/test/collection_test.rb:189]:
Mongo::InvalidOperation expected but nothing was raised.

145) Failure:
test_mocked_safe_remove(TestCollection) [/home/guy/my-dev/jmongo/test/collection_test.rb:294]:
Mongo::OperationFailure expected but nothing was raised.

146) Failure:
test_nil_id(TestCollection) [/home/guy/my-dev/jmongo/test/collection_test.rb:96]:
[Mongo::OperationFailure] exception expected, not
Class: <NativeException>
Message: <"com.mongodb.MongoException$DuplicateKey: E11000 duplicate key error index: ruby-test-db.test.$_id_  dup key: { : 5 }">
---Backtrace---
com/mongodb/CommandResult.java:80:in `getException'
com/mongodb/CommandResult.java:116:in `throwOnError'
com/mongodb/DBTCPConnector.java:126:in `_checkWriteError'
com/mongodb/DBTCPConnector.java:148:in `say'
com/mongodb/DBTCPConnector.java:132:in `say'
com/mongodb/DBApiLayer.java:262:in `insert'
com/mongodb/DBApiLayer.java:217:in `insert'
com/mongodb/DBCollection.java:118:in `insert'
/home/guy/my-dev/jmongo/lib/jmongo/ajrb.rb:132:in `insert_documents'
/home/guy/my-dev/jmongo/lib/jmongo/collection.rb:231:in `insert'
/home/guy/my-dev/jmongo/test/collection_test.rb:97:in `test_nil_id'
---------------

147) Error:
test_optional_pk_factory(TestCollection):
NoMethodError: undefined method `pk_factory' for #<#<Class:0x1083cf055>:0x195f8785>
    /home/guy/my-dev/jmongo/test/collection_test.rb:27:in `test_optional_pk_factory'
    org/jruby/RubyBasicObject.java:1685:in `__send__'
    /home/guy/.rvm/gems/jruby-1.6.4/gems/mocha-0.10.0/lib/mocha/integration/mini_test/version_142_to_172.rb:27:in `run'
    /home/guy/.rvm/gems/jruby-1.6.4/gems/mocha-0.10.0/lib/mocha/integration/mini_test/version_142_to_172.rb:24:in `run'
    /home/guy/.rvm/gems/jruby-1.6.4/gems/mocha-0.10.0/lib/mocha/integration/mini_test/version_142_to_172.rb:23:in `run'

148) Error:
test_pk_factory_on_collection(TestCollection):
TypeError: new_name must be a string or symbol
    /home/guy/my-dev/jmongo/lib/jmongo/collection.rb:42:in `initialize'
    /home/guy/my-dev/jmongo/test/collection_test.rb:45:in `test_pk_factory_on_collection'
    org/jruby/RubyBasicObject.java:1685:in `__send__'
    /home/guy/.rvm/gems/jruby-1.6.4/gems/mocha-0.10.0/lib/mocha/integration/mini_test/version_142_to_172.rb:27:in `run'
    /home/guy/.rvm/gems/jruby-1.6.4/gems/mocha-0.10.0/lib/mocha/integration/mini_test/version_142_to_172.rb:24:in `run'
    /home/guy/.rvm/gems/jruby-1.6.4/gems/mocha-0.10.0/lib/mocha/integration/mini_test/version_142_to_172.rb:23:in `run'

149) Failure:
test_remove_return_value(TestCollection) [/home/guy/my-dev/jmongo/test/collection_test.rb:310]:
<true> expected but was
<false>.

150) Failure:
test_rename_collection(TestCollection) [/home/guy/my-dev/jmongo/test/collection_test.rb:88]:
<"bar1"> expected but was
<"foo1">.

151) Failure:
test_safe_insert(TestCollection) [/home/guy/my-dev/jmongo/test/collection_test.rb:149]:
[Mongo::OperationFailure] exception expected, not
Class: <NativeException>
Message: <"com.mongodb.MongoException$DuplicateKey: E11000 duplicate key error index: ruby-test-db.test.$_id_  dup key: { : ObjectId('4e78aced0cf28e7b70537dc4') }">
---Backtrace---
com/mongodb/CommandResult.java:80:in `getException'
com/mongodb/CommandResult.java:116:in `throwOnError'
com/mongodb/DBTCPConnector.java:126:in `_checkWriteError'
com/mongodb/DBTCPConnector.java:148:in `say'
com/mongodb/DBTCPConnector.java:132:in `say'
com/mongodb/DBApiLayer.java:262:in `insert'
com/mongodb/DBApiLayer.java:217:in `insert'
com/mongodb/DBCollection.java:118:in `insert'
/home/guy/my-dev/jmongo/lib/jmongo/ajrb.rb:132:in `insert_documents'
/home/guy/my-dev/jmongo/lib/jmongo/collection.rb:231:in `insert'
/home/guy/my-dev/jmongo/test/collection_test.rb:150:in `test_safe_insert'
---------------

152) Failure:
test_safe_mode_with_advanced_safe_with_invalid_options(TestCollection) [/home/guy/my-dev/jmongo/test/collection_test.rb:196]:
<ArgumentError> expected but was
<NativeException>.

153) Error:
test_safe_remove(TestCollection):
NoMethodError: undefined method `[]' for true:TrueClass
    /home/guy/my-dev/jmongo/test/collection_test.rb:305:in `test_safe_remove'
    org/jruby/RubyBasicObject.java:1685:in `__send__'
    /home/guy/.rvm/gems/jruby-1.6.4/gems/mocha-0.10.0/lib/mocha/integration/mini_test/version_142_to_172.rb:27:in `run'
    /home/guy/.rvm/gems/jruby-1.6.4/gems/mocha-0.10.0/lib/mocha/integration/mini_test/version_142_to_172.rb:24:in `run'
    /home/guy/.rvm/gems/jruby-1.6.4/gems/mocha-0.10.0/lib/mocha/integration/mini_test/version_142_to_172.rb:23:in `run'

154) Failure:
test_safe_save(TestCollection) [/home/guy/my-dev/jmongo/test/collection_test.rb:281]:
Mongo::OperationFailure expected but nothing was raised.

155) Failure:
test_safe_update(TestCollection) [/home/guy/my-dev/jmongo/test/collection_test.rb:268]:
Mongo::OperationFailure expected but nothing was raised.

156) Failure:
test_save_adds_id(TestCollection) [/home/guy/my-dev/jmongo/test/collection_test.rb:427]:
Failed assertion, no message given.

157) Failure:
test_save_symbol_find_string(TestCollection) [/home/guy/my-dev/jmongo/test/collection_test.rb:586]:
<:mike> expected but was
<"mike">.

158) Error:
test: Connection exceptions should release connection if an exception is raised on receive_message. (TestConnection):
NoMethodError: undefined method `primary_pool' for #<Mongo::Connection:0x66851196>
    /home/guy/my-dev/jmongo/test/connection_test.rb:308:in `__bind_1316531438_83000'
    org/jruby/RubyMethod.java:117:in `call'
    /home/guy/.rvm/gems/jruby-1.6.4/gems/shoulda-2.11.3/lib/shoulda/context.rb:382:in `create_test_from_should_hash'
    /home/guy/.rvm/gems/jruby-1.6.4/gems/shoulda-2.11.3/lib/shoulda/context.rb:378:in `create_test_from_should_hash'
    org/jruby/RubyBasicObject.java:1685:in `__send__'
    /home/guy/.rvm/gems/jruby-1.6.4/gems/mocha-0.10.0/lib/mocha/integration/mini_test/version_142_to_172.rb:27:in `run'
    /home/guy/.rvm/gems/jruby-1.6.4/gems/mocha-0.10.0/lib/mocha/integration/mini_test/version_142_to_172.rb:24:in `run'
    /home/guy/.rvm/gems/jruby-1.6.4/gems/mocha-0.10.0/lib/mocha/integration/mini_test/version_142_to_172.rb:23:in `run'

159) Error:
test: Connection exceptions should release connection if an exception is raised on send_message. (TestConnection):
NoMethodError: undefined method `primary_pool' for #<Mongo::Connection:0x131b1f33>
    /home/guy/my-dev/jmongo/test/connection_test.rb:290:in `__bind_1316531438_88000'
    org/jruby/RubyMethod.java:117:in `call'
    /home/guy/.rvm/gems/jruby-1.6.4/gems/shoulda-2.11.3/lib/shoulda/context.rb:382:in `create_test_from_should_hash'
    /home/guy/.rvm/gems/jruby-1.6.4/gems/shoulda-2.11.3/lib/shoulda/context.rb:378:in `create_test_from_should_hash'
    org/jruby/RubyBasicObject.java:1685:in `__send__'
    /home/guy/.rvm/gems/jruby-1.6.4/gems/mocha-0.10.0/lib/mocha/integration/mini_test/version_142_to_172.rb:27:in `run'
    /home/guy/.rvm/gems/jruby-1.6.4/gems/mocha-0.10.0/lib/mocha/integration/mini_test/version_142_to_172.rb:24:in `run'
    /home/guy/.rvm/gems/jruby-1.6.4/gems/mocha-0.10.0/lib/mocha/integration/mini_test/version_142_to_172.rb:23:in `run'

160) Error:
test: Connection exceptions should release connection if an exception is raised on send_with_safe_check. (TestConnection):
NoMethodError: undefined method `primary_pool' for #<Mongo::Connection:0x7f2f7029>
    /home/guy/my-dev/jmongo/test/connection_test.rb:299:in `__bind_1316531438_93000'
    org/jruby/RubyMethod.java:117:in `call'
    /home/guy/.rvm/gems/jruby-1.6.4/gems/shoulda-2.11.3/lib/shoulda/context.rb:382:in `create_test_from_should_hash'
    /home/guy/.rvm/gems/jruby-1.6.4/gems/shoulda-2.11.3/lib/shoulda/context.rb:378:in `create_test_from_should_hash'
    org/jruby/RubyBasicObject.java:1685:in `__send__'
    /home/guy/.rvm/gems/jruby-1.6.4/gems/mocha-0.10.0/lib/mocha/integration/mini_test/version_142_to_172.rb:27:in `run'
    /home/guy/.rvm/gems/jruby-1.6.4/gems/mocha-0.10.0/lib/mocha/integration/mini_test/version_142_to_172.rb:24:in `run'
    /home/guy/.rvm/gems/jruby-1.6.4/gems/mocha-0.10.0/lib/mocha/integration/mini_test/version_142_to_172.rb:23:in `run'

161) Error:
test: Connection exceptions should show a proper exception message if an IOError is raised while closing a socket. (TestConnection):
NameError: uninitialized constant TestConnection::TCPSocket
    org/jruby/RubyModule.java:2569:in `const_missing'
    /home/guy/.rvm/gems/jruby-1.6.4/gems/rake-0.9.2/lib/rake/ext/module.rb:36:in `const_missing'
    /home/guy/my-dev/jmongo/test/connection_test.rb:319:in `__bind_1316531438_97000'
    org/jruby/RubyMethod.java:117:in `call'
    /home/guy/.rvm/gems/jruby-1.6.4/gems/shoulda-2.11.3/lib/shoulda/context.rb:382:in `create_test_from_should_hash'
    /home/guy/.rvm/gems/jruby-1.6.4/gems/shoulda-2.11.3/lib/shoulda/context.rb:378:in `create_test_from_should_hash'
    org/jruby/RubyBasicObject.java:1685:in `__send__'
    /home/guy/.rvm/gems/jruby-1.6.4/gems/mocha-0.10.0/lib/mocha/integration/mini_test/version_142_to_172.rb:27:in `run'
    /home/guy/.rvm/gems/jruby-1.6.4/gems/mocha-0.10.0/lib/mocha/integration/mini_test/version_142_to_172.rb:24:in `run'
    /home/guy/.rvm/gems/jruby-1.6.4/gems/mocha-0.10.0/lib/mocha/integration/mini_test/version_142_to_172.rb:23:in `run'

162) Error:
test_connection_activity(TestConnection):
NoMethodError: undefined method `active?' for #<Mongo::Connection:0x76b91253>
    /home/guy/my-dev/jmongo/test/connection_test.rb:227:in `test_connection_activity'
    org/jruby/RubyBasicObject.java:1685:in `__send__'
    /home/guy/.rvm/gems/jruby-1.6.4/gems/mocha-0.10.0/lib/mocha/integration/mini_test/version_142_to_172.rb:27:in `run'
    /home/guy/.rvm/gems/jruby-1.6.4/gems/mocha-0.10.0/lib/mocha/integration/mini_test/version_142_to_172.rb:24:in `run'
    /home/guy/.rvm/gems/jruby-1.6.4/gems/mocha-0.10.0/lib/mocha/integration/mini_test/version_142_to_172.rb:23:in `run'

163) Failure:
test_connection_failure(TestConnection) [/home/guy/my-dev/jmongo/test/connection_test.rb:20]:
Mongo::ConnectionFailure expected but nothing was raised.

164) Failure:
test_connection_timeout(TestConnection) [/home/guy/my-dev/jmongo/test/connection_test.rb:35]:
Failed assertion, no message given.

165) Error:
test_connection_uri(TestConnection):
NoMethodError: undefined method `primary_pool' for #<Mongo::Connection:0x332b3bab>
    /home/guy/my-dev/jmongo/test/connection_test.rb:58:in `test_connection_uri'
    org/jruby/RubyBasicObject.java:1685:in `__send__'
    /home/guy/.rvm/gems/jruby-1.6.4/gems/mocha-0.10.0/lib/mocha/integration/mini_test/version_142_to_172.rb:27:in `run'
    /home/guy/.rvm/gems/jruby-1.6.4/gems/mocha-0.10.0/lib/mocha/integration/mini_test/version_142_to_172.rb:24:in `run'
    /home/guy/.rvm/gems/jruby-1.6.4/gems/mocha-0.10.0/lib/mocha/integration/mini_test/version_142_to_172.rb:23:in `run'

166) Error:
test_copy_database(TestConnection):
NoMethodError: This method hasn't been implemented yet.
    /home/guy/my-dev/jmongo/lib/jmongo/ajrb.rb:163:in `raise_not_implemented'
    /home/guy/my-dev/jmongo/lib/jmongo/connection.rb:174:in `copy_database'
    /home/guy/my-dev/jmongo/test/connection_test.rb:99:in `test_copy_database'
    org/jruby/RubyBasicObject.java:1685:in `__send__'
    /home/guy/.rvm/gems/jruby-1.6.4/gems/mocha-0.10.0/lib/mocha/integration/mini_test/version_142_to_172.rb:27:in `run'
    /home/guy/.rvm/gems/jruby-1.6.4/gems/mocha-0.10.0/lib/mocha/integration/mini_test/version_142_to_172.rb:24:in `run'
    /home/guy/.rvm/gems/jruby-1.6.4/gems/mocha-0.10.0/lib/mocha/integration/mini_test/version_142_to_172.rb:23:in `run'

167) Error:
test_copy_database_with_auth(TestConnection):
Java::JavaLang::NullPointerException: 
    org.jruby.util.CodegenUtils.human(CodegenUtils.java:98)
    org.jruby.util.CodegenUtils.prettyParams(CodegenUtils.java:152)
    org.jruby.java.dispatch.CallableSelector.argumentError(CallableSelector.java:462)
    org.jruby.java.dispatch.CallableSelector.argTypesDoNotMatch(CallableSelector.java:436)
    org.jruby.java.invokers.RubyToJavaInvoker.findCallableArityTwo(RubyToJavaInvoker.java:248)
    org.jruby.java.invokers.InstanceMethodInvoker.call(InstanceMethodInvoker.java:66)
    org.jruby.internal.runtime.methods.AliasMethod.call(AliasMethod.java:66)
    org.jruby.runtime.callsite.CachingCallSite.cacheAndCall(CachingCallSite.java:332)
    org.jruby.runtime.callsite.CachingCallSite.call(CachingCallSite.java:203)
    org.jruby.ast.CallTwoArgNode.interpret(CallTwoArgNode.java:59)
    org.jruby.ast.NewlineNode.interpret(NewlineNode.java:104)
    org.jruby.evaluator.ASTInterpreter.INTERPRET_METHOD(ASTInterpreter.java:75)
    org.jruby.internal.runtime.methods.InterpretedMethod.call(InterpretedMethod.java:233)
    org.jruby.internal.runtime.methods.DefaultMethod.call(DefaultMethod.java:195)
    org.jruby.runtime.callsite.CachingCallSite.cacheAndCall(CachingCallSite.java:332)
    org.jruby.runtime.callsite.CachingCallSite.call(CachingCallSite.java:203)
    org.jruby.ast.CallTwoArgNode.interpret(CallTwoArgNode.java:59)
    org.jruby.ast.NewlineNode.interpret(NewlineNode.java:104)
    org.jruby.ast.BlockNode.interpret(BlockNode.java:71)
    org.jruby.evaluator.ASTInterpreter.INTERPRET_METHOD(ASTInterpreter.java:75)
    org.jruby.internal.runtime.methods.InterpretedMethod.call(InterpretedMethod.java:169)
    org.jruby.internal.runtime.methods.DefaultMethod.call(DefaultMethod.java:171)
    org.jruby.RubyClass.finvoke(RubyClass.java:523)
    org.jruby.RubyBasicObject.send19(RubyBasicObject.java:1685)
    org.jruby.RubyBasicObject$i$send19.call(RubyBasicObject$i$send19.gen:65535)
    org.jruby.internal.runtime.methods.JavaMethod$JavaMethodZeroOrOneOrNBlock.call(JavaMethod.java:266)
    org.jruby.runtime.callsite.CachingCallSite.call(CachingCallSite.java:167)
    rubyjit.run_9A42DB410F342DD31E49D3F9C7D7FABDDED345C8.chained_2_rescue_1$RUBY$SYNTHETIC__file__(/home/guy/.rvm/gems/jruby-1.6.4/gems/mocha-0.10.0/lib/mocha/integration/mini_test/version_142_to_172.rb:27)
    rubyjit.run_9A42DB410F342DD31E49D3F9C7D7FABDDED345C8.chained_1_ensure_2$RUBY$__ensure__(/home/guy/.rvm/gems/jruby-1.6.4/gems/mocha-0.10.0/lib/mocha/integration/mini_test/version_142_to_172.rb)
    rubyjit.run_9A42DB410F342DD31E49D3F9C7D7FABDDED345C8.chained_0_ensure_1$RUBY$__ensure__(/home/guy/.rvm/gems/jruby-1.6.4/gems/mocha-0.10.0/lib/mocha/integration/mini_test/version_142_to_172.rb:24)
    rubyjit.run_9A42DB410F342DD31E49D3F9C7D7FABDDED345C8.__file__(/home/guy/.rvm/gems/jruby-1.6.4/gems/mocha-0.10.0/lib/mocha/integration/mini_test/version_142_to_172.rb:23)
    rubyjit.run_9A42DB410F342DD31E49D3F9C7D7FABDDED345C8.__file__(/home/guy/.rvm/gems/jruby-1.6.4/gems/mocha-0.10.0/lib/mocha/integration/mini_test/version_142_to_172.rb)
    org.jruby.internal.runtime.methods.JittedMethod.call(JittedMethod.java:167)
    org.jruby.runtime.callsite.CachingCallSite.call(CachingCallSite.java:167)
    org.jruby.ast.CallOneArgNode.interpret(CallOneArgNode.java:57)
    org.jruby.ast.DAsgnNode.interpret(DAsgnNode.java:110)
    org.jruby.ast.NewlineNode.interpret(NewlineNode.java:104)
    org.jruby.ast.BlockNode.interpret(BlockNode.java:71)
    org.jruby.evaluator.ASTInterpreter.INTERPRET_BLOCK(ASTInterpreter.java:112)
    org.jruby.runtime.Interpreted19Block.evalBlockBody(Interpreted19Block.java:203)
    org.jruby.runtime.Interpreted19Block.yield(Interpreted19Block.java:154)
    org.jruby.runtime.Block.yield(Block.java:130)
    org.jruby.RubyArray.eachCommon(RubyArray.java:1596)
    org.jruby.RubyArray.each(RubyArray.java:1603)
    org.jruby.RubyArray$i$0$0$each.call(RubyArray$i$0$0$each.gen:65535)
    org.jruby.runtime.callsite.CachingCallSite.cacheAndCall(CachingCallSite.java:302)
    org.jruby.runtime.callsite.CachingCallSite.callBlock(CachingCallSite.java:144)
    org.jruby.runtime.callsite.CachingCallSite.callIter(CachingCallSite.java:153)
    org.jruby.ast.CallNoArgBlockNode.interpret(CallNoArgBlockNode.java:64)
    org.jruby.ast.NewlineNode.interpret(NewlineNode.java:104)
    org.jruby.evaluator.ASTInterpreter.INTERPRET_BLOCK(ASTInterpreter.java:112)
    org.jruby.runtime.Interpreted19Block.evalBlockBody(Interpreted19Block.java:203)
    org.jruby.runtime.Interpreted19Block.yield(Interpreted19Block.java:154)
    org.jruby.runtime.Block.yield(Block.java:130)
    org.jruby.RubyArray.eachCommon(RubyArray.java:1596)
    org.jruby.RubyArray.each(RubyArray.java:1603)
    org.jruby.RubyArray$i$0$0$each.call(RubyArray$i$0$0$each.gen:65535)
    org.jruby.runtime.callsite.CachingCallSite.cacheAndCall(CachingCallSite.java:302)
    org.jruby.runtime.callsite.CachingCallSite.callBlock(CachingCallSite.java:144)
    org.jruby.runtime.callsite.CachingCallSite.callIter(CachingCallSite.java:153)
    org.jruby.ast.CallNoArgBlockNode.interpret(CallNoArgBlockNode.java:64)
    org.jruby.ast.NewlineNode.interpret(NewlineNode.java:104)
    org.jruby.ast.BlockNode.interpret(BlockNode.java:71)
    org.jruby.evaluator.ASTInterpreter.INTERPRET_METHOD(ASTInterpreter.java:75)
    org.jruby.internal.runtime.methods.InterpretedMethod.call(InterpretedMethod.java:190)
    org.jruby.internal.runtime.methods.DefaultMethod.call(DefaultMethod.java:179)
    org.jruby.runtime.callsite.CachingCallSite.cacheAndCall(CachingCallSite.java:312)
    org.jruby.runtime.callsite.CachingCallSite.call(CachingCallSite.java:169)
    org.jruby.ast.FCallOneArgNode.interpret(FCallOneArgNode.java:36)
    org.jruby.ast.NewlineNode.interpret(NewlineNode.java:104)
    org.jruby.ast.BlockNode.interpret(BlockNode.java:71)
    org.jruby.ast.RescueNode.executeBody(RescueNode.java:216)
    org.jruby.ast.RescueNode.interpretWithJavaExceptions(RescueNode.java:120)
    org.jruby.ast.RescueNode.interpret(RescueNode.java:110)
    org.jruby.evaluator.ASTInterpreter.INTERPRET_METHOD(ASTInterpreter.java:75)
    org.jruby.internal.runtime.methods.InterpretedMethod.call(InterpretedMethod.java:190)
    org.jruby.internal.runtime.methods.DefaultMethod.call(DefaultMethod.java:179)
    org.jruby.runtime.callsite.CachingCallSite.cacheAndCall(CachingCallSite.java:312)
    org.jruby.runtime.callsite.CachingCallSite.call(CachingCallSite.java:169)
    org.jruby.ast.CallOneArgNode.interpret(CallOneArgNode.java:57)
    org.jruby.ast.DAsgnNode.interpret(DAsgnNode.java:110)
    org.jruby.ast.NewlineNode.interpret(NewlineNode.java:104)
    org.jruby.ast.BlockNode.interpret(BlockNode.java:71)
    org.jruby.evaluator.ASTInterpreter.INTERPRET_BLOCK(ASTInterpreter.java:112)
    org.jruby.runtime.Interpreted19Block.evalBlockBody(Interpreted19Block.java:203)
    org.jruby.runtime.Interpreted19Block.yield(Interpreted19Block.java:191)
    org.jruby.runtime.Interpreted19Block.call(Interpreted19Block.java:122)
    org.jruby.runtime.Block.call(Block.java:89)
    org.jruby.RubyProc.call(RubyProc.java:274)
    org.jruby.RubyProc.call(RubyProc.java:233)
    org.jruby.Ruby.tearDown(Ruby.java:2739)
    org.jruby.Ruby.tearDown(Ruby.java:2726)
    org.jruby.Main.internalRun(Main.java:201)
    org.jruby.Main.run(Main.java:164)
    org.jruby.Main.run(Main.java:148)
    org.jruby.util.ShellLauncher$ScriptThreadProcess.run(ShellLauncher.java:140)
    java.lang.Thread.run(Thread.java:722)

168) Error:
test_database_info(TestConnection):
NoMethodError: This method hasn't been implemented yet.
    /home/guy/my-dev/jmongo/lib/jmongo/ajrb.rb:163:in `raise_not_implemented'
    /home/guy/my-dev/jmongo/lib/jmongo/connection.rb:125:in `database_info'
    /home/guy/my-dev/jmongo/test/connection_test.rb:88:in `test_database_info'
    org/jruby/RubyBasicObject.java:1685:in `__send__'
    /home/guy/.rvm/gems/jruby-1.6.4/gems/mocha-0.10.0/lib/mocha/integration/mini_test/version_142_to_172.rb:27:in `run'
    /home/guy/.rvm/gems/jruby-1.6.4/gems/mocha-0.10.0/lib/mocha/integration/mini_test/version_142_to_172.rb:24:in `run'
    /home/guy/.rvm/gems/jruby-1.6.4/gems/mocha-0.10.0/lib/mocha/integration/mini_test/version_142_to_172.rb:23:in `run'

169) Failure:
test_database_names(TestConnection) [/home/guy/my-dev/jmongo/test/connection_test.rb:128]:
Expected #<Java::JavaUtil::ArrayList:0x31639d1> to be a kind of Array, not Java::JavaUtil::ArrayList.

170) Error:
test_fsync_lock(TestConnection):
NoMethodError: undefined method `locked?' for #<Mongo::Connection:0x4f50dac9>
    /home/guy/my-dev/jmongo/test/connection_test.rb:173:in `test_fsync_lock'
    org/jruby/RubyBasicObject.java:1685:in `__send__'
    /home/guy/.rvm/gems/jruby-1.6.4/gems/mocha-0.10.0/lib/mocha/integration/mini_test/version_142_to_172.rb:27:in `run'
    /home/guy/.rvm/gems/jruby-1.6.4/gems/mocha-0.10.0/lib/mocha/integration/mini_test/version_142_to_172.rb:24:in `run'
    /home/guy/.rvm/gems/jruby-1.6.4/gems/mocha-0.10.0/lib/mocha/integration/mini_test/version_142_to_172.rb:23:in `run'

171) Error:
test_host_port_accessors(TestConnection):
NoMethodError: undefined method `host' for #<Mongo::Connection:0x6876958>
    /home/guy/my-dev/jmongo/test/connection_test.rb:41:in `test_host_port_accessors'
    org/jruby/RubyBasicObject.java:1685:in `__send__'
    /home/guy/.rvm/gems/jruby-1.6.4/gems/mocha-0.10.0/lib/mocha/integration/mini_test/version_142_to_172.rb:27:in `run'
    /home/guy/.rvm/gems/jruby-1.6.4/gems/mocha-0.10.0/lib/mocha/integration/mini_test/version_142_to_172.rb:24:in `run'
    /home/guy/.rvm/gems/jruby-1.6.4/gems/mocha-0.10.0/lib/mocha/integration/mini_test/version_142_to_172.rb:23:in `run'

172) Failure:
test_invalid_database_names(TestConnection) [/home/guy/my-dev/jmongo/test/connection_test.rb:69]:
Mongo::InvalidNSName expected but nothing was raised.

173) Failure:
test_logging(TestConnection) [/home/guy/my-dev/jmongo/test/connection_test.rb:138]:
Failed assertion, no message given.

174) Error:
test_max_bson_size_value(TestConnection):
NoMethodError: undefined method `max_bson_size' for #<Mongo::Connection:0x67fd376f>
    /home/guy/my-dev/jmongo/test/connection_test.rb:200:in `test_max_bson_size_value'
    org/jruby/RubyBasicObject.java:1685:in `__send__'
    /home/guy/.rvm/gems/jruby-1.6.4/gems/mocha-0.10.0/lib/mocha/integration/mini_test/version_142_to_172.rb:27:in `run'
    /home/guy/.rvm/gems/jruby-1.6.4/gems/mocha-0.10.0/lib/mocha/integration/mini_test/version_142_to_172.rb:24:in `run'
    /home/guy/.rvm/gems/jruby-1.6.4/gems/mocha-0.10.0/lib/mocha/integration/mini_test/version_142_to_172.rb:23:in `run'

175) Error:
test_max_bson_size_with_no_reported_max_size(TestConnection):
NameError: uninitialized constant BSON::BSON_CODER
    org/jruby/RubyModule.java:2569:in `const_missing'
    /home/guy/.rvm/gems/jruby-1.6.4/gems/rake-0.9.2/lib/rake/ext/module.rb:36:in `const_missing'
    /home/guy/my-dev/jmongo/test/connection_test.rb:222:in `test_max_bson_size_with_no_reported_max_size'
    org/jruby/RubyBasicObject.java:1685:in `__send__'
    /home/guy/.rvm/gems/jruby-1.6.4/gems/mocha-0.10.0/lib/mocha/integration/mini_test/version_142_to_172.rb:27:in `run'
    /home/guy/.rvm/gems/jruby-1.6.4/gems/mocha-0.10.0/lib/mocha/integration/mini_test/version_142_to_172.rb:24:in `run'
    /home/guy/.rvm/gems/jruby-1.6.4/gems/mocha-0.10.0/lib/mocha/integration/mini_test/version_142_to_172.rb:23:in `run'

176) Error:
test_nodes(TestConnection):
NoMethodError: undefined method `multi' for Mongo::Connection:Class
    /home/guy/my-dev/jmongo/test/connection_test.rb:165:in `test_nodes'
    org/jruby/RubyBasicObject.java:1685:in `__send__'
    /home/guy/.rvm/gems/jruby-1.6.4/gems/mocha-0.10.0/lib/mocha/integration/mini_test/version_142_to_172.rb:27:in `run'
    /home/guy/.rvm/gems/jruby-1.6.4/gems/mocha-0.10.0/lib/mocha/integration/mini_test/version_142_to_172.rb:24:in `run'
    /home/guy/.rvm/gems/jruby-1.6.4/gems/mocha-0.10.0/lib/mocha/integration/mini_test/version_142_to_172.rb:23:in `run'

177) Error:
test_options_passed_to_db(TestConnection):
NoMethodError: undefined method `strict?' for #<Mongo::DB:0x76002e16>
    /home/guy/my-dev/jmongo/test/connection_test.rb:81:in `test_options_passed_to_db'
    org/jruby/RubyBasicObject.java:1685:in `__send__'
    /home/guy/.rvm/gems/jruby-1.6.4/gems/mocha-0.10.0/lib/mocha/integration/mini_test/version_142_to_172.rb:27:in `run'
    /home/guy/.rvm/gems/jruby-1.6.4/gems/mocha-0.10.0/lib/mocha/integration/mini_test/version_142_to_172.rb:24:in `run'
    /home/guy/.rvm/gems/jruby-1.6.4/gems/mocha-0.10.0/lib/mocha/integration/mini_test/version_142_to_172.rb:23:in `run'

178) Error:
test_server_info(TestConnection):
NameError: uninitialized constant Mongo::Support
    org/jruby/RubyModule.java:2569:in `const_missing'
    /home/guy/.rvm/gems/jruby-1.6.4/gems/rake-0.9.2/lib/rake/ext/module.rb:36:in `const_missing'
    /home/guy/my-dev/jmongo/test/connection_test.rb:48:in `test_server_info'
    org/jruby/RubyBasicObject.java:1685:in `__send__'
    /home/guy/.rvm/gems/jruby-1.6.4/gems/mocha-0.10.0/lib/mocha/integration/mini_test/version_142_to_172.rb:27:in `run'
    /home/guy/.rvm/gems/jruby-1.6.4/gems/mocha-0.10.0/lib/mocha/integration/mini_test/version_142_to_172.rb:24:in `run'
    /home/guy/.rvm/gems/jruby-1.6.4/gems/mocha-0.10.0/lib/mocha/integration/mini_test/version_142_to_172.rb:23:in `run'

179) Failure:
test_safe_insert(TestThreading) [/home/guy/my-dev/jmongo/test/threading_test.rb:49]:
Mongo::OperationFailure expected but nothing was raised.

180) Failure:
test_safe_update(TestThreading) [/home/guy/my-dev/jmongo/test/threading_test.rb:29]:
Mongo::OperationFailure expected but nothing was raised.

181) Error:
test_threading(TestThreading):
NativeException: com.mongodb.DBPortPool$SemaphoresOut: Out of semaphores to get db connection
    com/mongodb/DBPortPool.java:176:in `get'
    com/mongodb/DBTCPConnector.java:342:in `get'
    com/mongodb/DBTCPConnector.java:196:in `call'
    com/mongodb/DBApiLayer.java:303:in `__find'
    com/mongodb/DB.java:159:in `command'
    com/mongodb/DB.java:144:in `command'
    com/mongodb/DBCollection.java:682:in `drop'
    /home/guy/my-dev/jmongo/lib/jmongo/collection.rb:355:in `drop'
    /home/guy/my-dev/jmongo/test/threading_test.rb:64:in `test_threading'
    org/jruby/RubyBasicObject.java:1685:in `__send__'
    /home/guy/.rvm/gems/jruby-1.6.4/gems/mocha-0.10.0/lib/mocha/integration/mini_test/version_142_to_172.rb:27:in `run'
    /home/guy/.rvm/gems/jruby-1.6.4/gems/mocha-0.10.0/lib/mocha/integration/mini_test/version_142_to_172.rb:24:in `run'
    /home/guy/.rvm/gems/jruby-1.6.4/gems/mocha-0.10.0/lib/mocha/integration/mini_test/version_142_to_172.rb:23:in `run'

269 tests, 4667 assertions, 44 failures, 137 errors, 0 skips

Test run options: --seed 33130
